{
  "stats": {
    "suites": 1,
    "tests": 1,
    "passes": 1,
    "pending": 0,
    "failures": 0,
    "start": "2024-11-21T09:54:39.551Z",
    "end": "2024-11-21T09:54:57.713Z",
    "duration": 18162,
    "testsRegistered": 1,
    "passPercent": 100,
    "pendingPercent": 0,
    "other": 0,
    "hasOther": false,
    "skipped": 0,
    "hasSkipped": false
  },
  "results": [
    {
      "uuid": "577b7dda-882d-4719-92fe-4b47e72e0826",
      "title": "",
      "fullFile": "cypress\\e2e\\还款_2.cy.js",
      "file": "cypress\\e2e\\还款_2.cy.js",
      "beforeHooks": [],
      "afterHooks": [],
      "tests": [],
      "suites": [
        {
          "uuid": "57126b6a-9f30-4438-b4a5-d68a0855cd3e",
          "title": "getCash spec",
          "fullFile": "",
          "file": "",
          "beforeHooks": [],
          "afterHooks": [],
          "tests": [
            {
              "title": "取现取现 ------",
              "fullTitle": "getCash spec 取现取现 ------",
              "timedOut": null,
              "duration": 14927,
              "state": "passed",
              "speed": "slow",
              "pass": true,
              "fail": false,
              "pending": false,
              "context": null,
              "code": "cy.intercept(\"POST\", /^http:\\/\\/apidesign\\.weoa\\.com\\/apidesign-core\\/mock\\/5049\\/ams\\/account\\/pre_check/, {\n  body: {\n    \"ret_code\": \"80000000\",\n    \"ret_msg\": \"cillum tempor mollit eiusmod Ut\",\n    \"biz_no\": \"anim\",\n    \"ret_data\": {\n      \"tncRequired\": true,\n      \"riskCode\": \"Y001\",\n      \"mbrLevelName\": \"PREMIUM\",\n      \"point\": \"50000\",\n      \"customerExtInfo\": {\n        \"EMERGENCY_FULL_NAME\": \"Lorem pariatur\",\n        \"OPEN_ACCOUNT_PURPOSE\": \"elit\",\n        \"CITY\": \"ex ipsum reprehenderit minim do\",\n        \"RW\": \"343\",\n        \"SUB_DISTRICT\": \"dolore ut elit exercitation laborum\",\n        \"COMPANY_POSTAL_CODE\": \"12790\",\n        \"POSITION\": \"minim esse dolor sunt eu\",\n        \"COMPANY_NAME\": \"occaecat\",\n        \"INSTUSTRY_OF_PROFESSION\": \"nostrud ipsum deserunt incididunt ut\",\n        \"POSTAL_CODE\": \"12790\",\n        \"PROFESSION\": \"pariatur\",\n        \"DISTRICT\": \"velit\",\n        \"COMPANY_CITY\": \"labore cillum in\",\n        \"RT\": \"321\",\n        \"CURRENT_ADDRESS\": \"elit nulla Duis\",\n        \"SOURCE_OF_FUND\": \"Excepteur occaecat\",\n        \"COMPANY_ADDRESS\": \"qui consectetur occaecat Excepteur in\",\n        \"COMPANY_PHONE\": \"21556478\",\n        \"PROVINCE\": \"irure et do ad amet\",\n        \"EMERGENCY_MOBILE_NUMBER\": \"8786143526\"\n      },\n      \"appNo\": \"3244354353333\",\n      \"customerId\": \"incididunt elit ullamco anim\",\n      \"csrfToken\": \"451BD862887BE1238C2506D3B98AAD2EB2606EE7420D41FAB76FD44011678784\",\n      \"typeCode\": \"dolor\",\n      \"openAcctCaseNo\": \"432432432435\",\n      \"mpcStatus\": \"10\",\n      \"balanceAmt\": 500000,\n      \"withoutUaAndMpc\": true,\n      \"passwordStatus\": \"1\",\n      \"email\": \"homiexie@webank.com\",\n      \"mpcUid\": \"quis magna sit aliqua\",\n      \"mbrLevelId\": \"3\",\n      \"whiteList\": \"Y\",\n      \"payLaterStatus\": \"T022\",\n      \"mpcLevel\": \"03\",\n      \"preCreditLimit\": 0,\n      \"emailStatus\": \"Y\",\n      \"phone\": \"8786143526\",\n      \"name\": \"dfds\",\n      \"accumEnd\": \"5000\",\n      \"otpRequired\": true\n    }\n  },\n  statusCode: 200\n}).as(\"preCheck\");\ncy.intercept(\"POST\", /^http:\\/\\/apidesign\\.weoa\\.com\\/apidesign-core\\/mock\\/5049\\/core\\/account\\/query\\/personal_center/, {\n  body: {\n    \"ret_code\": \"80000000\",\n    \"ret_msg\": \"eiusmod sed nulla in\",\n    \"ret_data\": {\n      \"STMT_DATE\": \"20220827\",\n      \"BILL_BAL_AMT\": 50000,\n      \"BILL_AMT\": 150000,\n      \"ACCT_STMT_STATUS\": \"W\",\n      \"OVERDUE_DAYS\": \"0\",\n      \"PMT_DUE_DATE\": \"20220827\",\n      \"CREDIT_LIMIT\": \"50000000\",\n      \"UN_BILL_AMT\": \"50000\",\n      \"BUSINESS_DATE\": \"20220812\",\n      \"DEPOSIT_BAL\": 0,\n      \"OVERDUE_TIMES\": 2,\n      \"CASH_OTB\": \"50000000\",\n      \"AVAILABLE_OTB\": \"50000000\",\n      \"LOAN_PLANS\": [{\n        \"TERMS\": [{\n          \"TERM\": 6,\n          \"INT_RATE\": 12,\n          \"PENALTY_RATE\": 0.5,\n          \"UPFRONT_ADMIN_FEE_RATE\": 0.5,\n          \"MONTH_FEE_RATE\": 1\n        }, {\n          \"TERM\": 6,\n          \"INT_RATE\": 12,\n          \"PENALTY_RATE\": 0.5,\n          \"UPFRONT_ADMIN_FEE_RATE\": 0.5,\n          \"MONTH_FEE_RATE\": 1\n        }, {\n          \"TERM\": 6,\n          \"INT_RATE\": 12,\n          \"PENALTY_RATE\": 0.5,\n          \"UPFRONT_ADMIN_FEE_RATE\": 0.5,\n          \"MONTH_FEE_RATE\": 1\n        }, {\n          \"TERM\": 6,\n          \"INT_RATE\": 12,\n          \"PENALTY_RATE\": 0.5,\n          \"UPFRONT_ADMIN_FEE_RATE\": 0.5,\n          \"MONTH_FEE_RATE\": 1\n        }, {\n          \"TERM\": 6,\n          \"INT_RATE\": 12,\n          \"PENALTY_RATE\": 0.5,\n          \"UPFRONT_ADMIN_FEE_RATE\": 0.5,\n          \"MONTH_FEE_RATE\": 1\n        }, {\n          \"TERM\": 6,\n          \"INT_RATE\": 12,\n          \"PENALTY_RATE\": 0.5,\n          \"UPFRONT_ADMIN_FEE_RATE\": 0.5,\n          \"MONTH_FEE_RATE\": 1\n        }],\n        \"LOAN_CODE\": \"9022\",\n        \"MIN_LOAN_INIT_PRIN\": 50000\n      }, {\n        \"TERMS\": [{\n          \"TERM\": 6,\n          \"INT_RATE\": 12,\n          \"PENALTY_RATE\": 0.5,\n          \"UPFRONT_ADMIN_FEE_RATE\": 0.5,\n          \"MONTH_FEE_RATE\": 1\n        }, {\n          \"TERM\": 6,\n          \"INT_RATE\": 12,\n          \"PENALTY_RATE\": 0.5,\n          \"UPFRONT_ADMIN_FEE_RATE\": 0.5,\n          \"MONTH_FEE_RATE\": 1\n        }, {\n          \"TERM\": 6,\n          \"INT_RATE\": 12,\n          \"PENALTY_RATE\": 0.5,\n          \"UPFRONT_ADMIN_FEE_RATE\": 0.5,\n          \"MONTH_FEE_RATE\": 1\n        }, {\n          \"TERM\": 6,\n          \"INT_RATE\": 12,\n          \"PENALTY_RATE\": 0.5,\n          \"UPFRONT_ADMIN_FEE_RATE\": 0.5,\n          \"MONTH_FEE_RATE\": 1\n        }, {\n          \"TERM\": 6,\n          \"INT_RATE\": 12,\n          \"PENALTY_RATE\": 0.5,\n          \"UPFRONT_ADMIN_FEE_RATE\": 0.5,\n          \"MONTH_FEE_RATE\": 1\n        }, {\n          \"TERM\": 6,\n          \"INT_RATE\": 12,\n          \"PENALTY_RATE\": 0.5,\n          \"UPFRONT_ADMIN_FEE_RATE\": 0.5,\n          \"MONTH_FEE_RATE\": 1\n        }],\n        \"LOAN_CODE\": \"9022\",\n        \"MIN_LOAN_INIT_PRIN\": 50000\n      }, {\n        \"TERMS\": [{\n          \"TERM\": 6,\n          \"INT_RATE\": 12,\n          \"PENALTY_RATE\": 0.5,\n          \"UPFRONT_ADMIN_FEE_RATE\": 0.5,\n          \"MONTH_FEE_RATE\": 1\n        }, {\n          \"TERM\": 6,\n          \"INT_RATE\": 12,\n          \"PENALTY_RATE\": 0.5,\n          \"UPFRONT_ADMIN_FEE_RATE\": 0.5,\n          \"MONTH_FEE_RATE\": 1\n        }, {\n          \"TERM\": 6,\n          \"INT_RATE\": 12,\n          \"PENALTY_RATE\": 0.5,\n          \"UPFRONT_ADMIN_FEE_RATE\": 0.5,\n          \"MONTH_FEE_RATE\": 1\n        }, {\n          \"TERM\": 6,\n          \"INT_RATE\": 12,\n          \"PENALTY_RATE\": 0.5,\n          \"UPFRONT_ADMIN_FEE_RATE\": 0.5,\n          \"MONTH_FEE_RATE\": 1\n        }, {\n          \"TERM\": 6,\n          \"INT_RATE\": 12,\n          \"PENALTY_RATE\": 0.5,\n          \"UPFRONT_ADMIN_FEE_RATE\": 0.5,\n          \"MONTH_FEE_RATE\": 1\n        }, {\n          \"TERM\": 6,\n          \"INT_RATE\": 12,\n          \"PENALTY_RATE\": 0.5,\n          \"UPFRONT_ADMIN_FEE_RATE\": 0.5,\n          \"MONTH_FEE_RATE\": 1\n        }],\n        \"LOAN_CODE\": \"9022\",\n        \"MIN_LOAN_INIT_PRIN\": 50000\n      }, {\n        \"TERMS\": [{\n          \"TERM\": 6,\n          \"INT_RATE\": 12,\n          \"PENALTY_RATE\": 0.5,\n          \"UPFRONT_ADMIN_FEE_RATE\": 0.5,\n          \"MONTH_FEE_RATE\": 1\n        }, {\n          \"TERM\": 6,\n          \"INT_RATE\": 12,\n          \"PENALTY_RATE\": 0.5,\n          \"UPFRONT_ADMIN_FEE_RATE\": 0.5,\n          \"MONTH_FEE_RATE\": 1\n        }, {\n          \"TERM\": 6,\n          \"INT_RATE\": 12,\n          \"PENALTY_RATE\": 0.5,\n          \"UPFRONT_ADMIN_FEE_RATE\": 0.5,\n          \"MONTH_FEE_RATE\": 1\n        }, {\n          \"TERM\": 6,\n          \"INT_RATE\": 12,\n          \"PENALTY_RATE\": 0.5,\n          \"UPFRONT_ADMIN_FEE_RATE\": 0.5,\n          \"MONTH_FEE_RATE\": 1\n        }, {\n          \"TERM\": 6,\n          \"INT_RATE\": 12,\n          \"PENALTY_RATE\": 0.5,\n          \"UPFRONT_ADMIN_FEE_RATE\": 0.5,\n          \"MONTH_FEE_RATE\": 1\n        }, {\n          \"TERM\": 6,\n          \"INT_RATE\": 12,\n          \"PENALTY_RATE\": 0.5,\n          \"UPFRONT_ADMIN_FEE_RATE\": 0.5,\n          \"MONTH_FEE_RATE\": 1\n        }],\n        \"LOAN_CODE\": \"9022\",\n        \"MIN_LOAN_INIT_PRIN\": 50000\n      }, {\n        \"TERMS\": [{\n          \"TERM\": 6,\n          \"INT_RATE\": 12,\n          \"PENALTY_RATE\": 0.5,\n          \"UPFRONT_ADMIN_FEE_RATE\": 0.5,\n          \"MONTH_FEE_RATE\": 1\n        }, {\n          \"TERM\": 6,\n          \"INT_RATE\": 12,\n          \"PENALTY_RATE\": 0.5,\n          \"UPFRONT_ADMIN_FEE_RATE\": 0.5,\n          \"MONTH_FEE_RATE\": 1\n        }, {\n          \"TERM\": 6,\n          \"INT_RATE\": 12,\n          \"PENALTY_RATE\": 0.5,\n          \"UPFRONT_ADMIN_FEE_RATE\": 0.5,\n          \"MONTH_FEE_RATE\": 1\n        }, {\n          \"TERM\": 6,\n          \"INT_RATE\": 12,\n          \"PENALTY_RATE\": 0.5,\n          \"UPFRONT_ADMIN_FEE_RATE\": 0.5,\n          \"MONTH_FEE_RATE\": 1\n        }, {\n          \"TERM\": 6,\n          \"INT_RATE\": 12,\n          \"PENALTY_RATE\": 0.5,\n          \"UPFRONT_ADMIN_FEE_RATE\": 0.5,\n          \"MONTH_FEE_RATE\": 1\n        }, {\n          \"TERM\": 6,\n          \"INT_RATE\": 12,\n          \"PENALTY_RATE\": 0.5,\n          \"UPFRONT_ADMIN_FEE_RATE\": 0.5,\n          \"MONTH_FEE_RATE\": 1\n        }],\n        \"LOAN_CODE\": \"9022\",\n        \"MIN_LOAN_INIT_PRIN\": 50000\n      }],\n      \"ONCE_DEPOSIT\": \"irure sed occaecat Duis pariatur\",\n      \"CARD_NO\": \"43424324545767\",\n      \"STMT_MONTH\": \"quis\",\n      \"ADMIN_FEE_RATE\": \"0.05\",\n      \"ACCT_USE_STATUS\": \"W\",\n      \"CURR_STMT_STATUS\": \"U\",\n      \"CREATE_TIME\": \"20120211\",\n      \"PENALTY_BAL\": -28207046.20485714,\n      \"BLOCK_CODE\": \"Y\",\n      \"RISK_CODE\": \"Y001|ZQ01\",\n      \"CASH_LIMIT_RATE\": \"commodo mollit laboris nisi\"\n    }\n  },\n  statusCode: 200\n}).as(\"personalCenter\");\ncy.intercept(\"POST\", /^http:\\/\\/apidesign\\.weoa\\.com\\/apidesign-core\\/mock\\/5049\\/ams\\/common\\/check\\/email_verify_status/, {\n  body: {\n    \"ret_data\": {\n      \"emailVerified\": \"01\",\n      \"emailVerifyRequired\": false,\n      \"name\": \"dolor in ea velit\",\n      \"phoneNo\": \"eiusmod\",\n      \"email\": \"aaaabbb@qq.com\"\n    },\n    \"ret_msg\": \"ipsum aliqua tempor laboris in\",\n    \"ret_code\": \"0000\"\n  },\n  statusCode: 200\n}).as(\"emailVerify\");\ncy.intercept(\"POST\", /^http:\\/\\/apidesign\\.weoa\\.com\\/apidesign-core\\/mock\\/5049\\/core\\/account\\/query\\/coupon/, {\n  body: {\n    \"ret_code\": \"80460000\",\n    \"ret_msg\": \"Successful\",\n    \"token_status\": \"OK\",\n    \"biz_no\": \"24041814D08048GSL00004gzjYaMNbKN\",\n    \"process_type\": \"sync\",\n    \"ret_data\": {\n      \"appType\": \"U\",\n      \"appAcctNo\": \"5000201000040650662\",\n      \"hasEquity\": \"Y\",\n      \"equityList\": [{\n        \"equityType\": \"INT_R\",\n        \"equityNo\": \"RA000004\",\n        \"actNo\": \"MT000004205\",\n        \"equityContent\": \"月利率10.99% 金额上限10000000\",\n        \"equityClaimDate\": \"20250702\",\n        \"equityExpireDate\": \"20250728\",\n        \"equityValue\": \"0.109900\",\n        \"status\": \"0\",\n        \"useUpperAmt\": 500000,\n        \"useLowerAmt\": -1,\n        \"equityScenario\": \"PAY_LATTER\",\n        \"equityName\": \"指定利率券\",\n        \"usePlanTerm\": \"1,3,6,12\",\n        \"equityTagName\": \"CT Corpppppppppppp\",\n        \"picturePath\": \"1231\",\n        \"listNo\": \"41024033100000000006\"\n      }, {\n        \"equityType\": \"INT_TIC_P\",\n        \"equityNo\": \"RA044504\",\n        \"actNo\": \"MT000004205\",\n        \"equityContent\": \"月利率10.99% 金额上限10000000\",\n        \"equityClaimDate\": \"20250702\",\n        \"equityExpireDate\": \"20250728\",\n        \"equityValue\": \"0.109900\",\n        \"status\": \"0\",\n        \"useUpperAmt\": 500000,\n        \"useLowerAmt\": -1,\n        \"equityScenario\": \"PAY_LATTER\",\n        \"equityName\": \"指定利率券\",\n        \"usePlanTerm\": \"1,3,6,12\",\n        \"equityTagName\": \"CT Corpppppppppppp\",\n        \"picturePath\": \"1231\",\n        \"listNo\": \"41024033100000120006\"\n      }, {\n        \"equityType\": \"INT_TIC_T\",\n        \"equityNo\": \"RA024504\",\n        \"actNo\": \"MT000004205\",\n        \"equityContent\": \"月利率10.99% 金额上限10000000\",\n        \"equityClaimDate\": \"20250702\",\n        \"equityExpireDate\": \"20250728\",\n        \"equityValue\": \"0.109900\",\n        \"status\": \"0\",\n        \"useUpperAmt\": 500000,\n        \"useLowerAmt\": -1,\n        \"equityScenario\": \"PAY_LATTER\",\n        \"equityName\": \"指定利率券\",\n        \"usePlanTerm\": \"1,3,6,12\",\n        \"equityTagName\": \"CT Corpppppppppppp\",\n        \"picturePath\": \"1231\",\n        \"listNo\": \"41024033100000110006\"\n      }, {\n        \"equityType\": \"INT_R\",\n        \"equityNo\": \"RA000654\",\n        \"actNo\": \"MT000004205\",\n        \"equityContent\": \"月利率10.99% 金额上限10000000\",\n        \"equityClaimDate\": \"20250702\",\n        \"equityExpireDate\": \"20200728\",\n        \"equityValue\": \"0.109900\",\n        \"status\": \"4\",\n        \"useUpperAmt\": 500000,\n        \"useLowerAmt\": -1,\n        \"equityScenario\": \"PAY_LATTER\",\n        \"equityName\": \"指定利率券\",\n        \"usePlanTerm\": \"1,3,6,12\",\n        \"equityTagName\": \"CT Corp\",\n        \"picturePath\": \"1231\",\n        \"listNo\": \"41024033100000012336\"\n      }, {\n        \"equityType\": \"INT_R\",\n        \"equityNo\": \"RA000999\",\n        \"actNo\": \"MT000004999\",\n        \"equityContent\": \"月利率0\",\n        \"equityClaimDate\": \"20250702\",\n        \"equityExpireDate\": \"20250728\",\n        \"equityValue\": \"0\",\n        \"status\": \"0\",\n        \"useUpperAmt\": 500000,\n        \"useLowerAmt\": -1,\n        \"equityScenario\": \"CASH_LOAN\",\n        \"equityName\": \"指定利率券\",\n        \"usePlanTerm\": \"1,3,6,12\",\n        \"picturePath\": \"1231\",\n        \"listNo\": \"41024033100000000006\",\n        \"equityTagName\": \"CT Corpppppppppppp\"\n      }, {\n        \"equityType\": \"INT_TIC_P\",\n        \"equityNo\": \"ZQ000008\",\n        \"actNo\": \"MT000004205\",\n        \"equityContent\": \"Equity Content 1% off  INT1 Eqity Content   INT1 Eqity Content   INT1 Eqity Content\",\n        \"equityClaimDate\": \"20250702\",\n        \"equityExpireDate\": \"20250730\",\n        \"equityValue\": \"99\",\n        \"status\": \"0\",\n        \"useUpperAmt\": 500000,\n        \"useLowerAmt\": -1,\n        \"equityScenario\": \"CASH_LOAN\",\n        \"equityName\": \"1% off INT_P折扣券_双11% off INT_P折扣券_双11% off INT_P折扣券_双1\",\n        \"usePlanTerm\": \"6,1,3,12\",\n        \"picturePath\": \"https://img1.baidu.com/it/u=684770079,849342797&fm=253&fmt=auto&app=120&f=JPEG?w=1422&h=800\",\n        \"listNo\": \"41024033100000000011\"\n      }, {\n        \"equityType\": \"INT_TIC_P\",\n        \"equityNo\": \"ZQ000008\",\n        \"actNo\": \"MT000004205\",\n        \"equityContent\": \"Equity Content 1% off  INT1 Eqity Content   INT1 Eqity Content   INT1 Eqity Content\",\n        \"equityClaimDate\": \"20250702\",\n        \"equityExpireDate\": \"20250731\",\n        \"equityValue\": \"99\",\n        \"status\": \"0\",\n        \"useUpperAmt\": 500000,\n        \"useLowerAmt\": -1,\n        \"equityScenario\": \"CASH_LOAN\",\n        \"equityName\": \"1% off INT_P折扣券_双11% off INT_P折扣券_双11% off INT_P折扣券_双1\",\n        \"usePlanTerm\": \"6,1,3,12\",\n        \"picturePath\": \"https://img1.baidu.com/it/u=684770079,849342797&fm=253&fmt=auto&app=120&f=JPEG?w=1422&h=800\",\n        \"listNo\": \"41024033100000000012\"\n      }, {\n        \"equityType\": \"INT_TIC_T\",\n        \"equityNo\": \"IS000017\",\n        \"actNo\": \"MT000004208\",\n        \"equityContent\": \"Content Equity Content ABCDEFGContent Equity Content ABCDEFGContent Equity Content ABCDEFGContent Equity Content ABCDEFGHHHHHHHHHHHIIIIIIIIIIIIIIIIIIIIIIIIIIIIIIIIIIIIIIIIIIIIIIIIIIIIIIIIIIIIIIIIIIIIIIIIIIIIIIII\",\n        \"equityClaimDate\": \"20250702\",\n        \"equityExpireDate\": \"20250731\",\n        \"equityValue\": \"1\",\n        \"status\": \"0\",\n        \"useUpperAmt\": 500000,\n        \"useLowerAmt\": -1,\n        \"equityScenario\": \"CASH_LOAN\",\n        \"equityName\": \"1期免息\",\n        \"usePlanTerm\": \"1,3,6,12\",\n        \"picturePath\": \"https://tltp.test.webankcdn.net/mes-adm/MES-MOS/VIRTUAL/VIRTUAL_TEMP/20231117150644/8be141c62da545228f4f56d396cb39f8.png\",\n        \"listNo\": \"41024033100000000017\"\n      }, {\n        \"equityType\": \"INT_TIC_T\",\n        \"equityNo\": \"IS000034\",\n        \"actNo\": \"M0000692145\",\n        \"equityClaimDate\": \"20231020\",\n        \"equityExpireDate\": \"20281229\",\n        \"equityValue\": \"18\",\n        \"status\": \"0\",\n        \"useUpperAmt\": 10000000,\n        \"useLowerAmt\": 100,\n        \"usePlanTerm\": \"1,6,12\",\n        \"listNo\": \"TT023101800006999313\"\n      }, {\n        \"equityType\": \"INT_TIC_T\",\n        \"equityNo\": \"IS000006\",\n        \"actNo\": \"M0000692145\",\n        \"equityClaimDate\": \"20231020\",\n        \"equityExpireDate\": \"20281229\",\n        \"status\": \"0\",\n        \"useUpperAmt\": 10000000,\n        \"useLowerAmt\": 100,\n        \"listNo\": \"TT023101800006999314\"\n      }, {\n        \"equityType\": \"INT_TIC_T\",\n        \"equityNo\": \"IS000007\",\n        \"actNo\": \"M0000692145\",\n        \"equityClaimDate\": \"20231020\",\n        \"equityExpireDate\": \"20281229\",\n        \"status\": \"0\",\n        \"useUpperAmt\": 10000000,\n        \"useLowerAmt\": 100,\n        \"listNo\": \"TT023101800006999315\"\n      }, {\n        \"equityType\": \"INT_TIC_P\",\n        \"equityNo\": \"ZQ000004\",\n        \"actNo\": \"M0000453309\",\n        \"equityContent\": \"321\",\n        \"equityClaimDate\": \"20230920\",\n        \"equityExpireDate\": \"20281230\",\n        \"equityValue\": \"10\",\n        \"status\": \"0\",\n        \"useUpperAmt\": 10000000,\n        \"useLowerAmt\": 100,\n        \"equityScenario\": \"CASH_LOAN\",\n        \"equityName\": \"321\",\n        \"usePlanTerm\": \"6,3\",\n        \"picturePath\": \"21\",\n        \"listNo\": \"AA023101800006999310\"\n      }, {\n        \"equityType\": \"INT_TIC_P\",\n        \"equityNo\": \"ZQ000004\",\n        \"actNo\": \"M0000453309\",\n        \"equityContent\": \"321\",\n        \"equityClaimDate\": \"20230920\",\n        \"equityExpireDate\": \"20281229\",\n        \"equityValue\": \"10\",\n        \"status\": \"0\",\n        \"useUpperAmt\": 10000000,\n        \"useLowerAmt\": 100,\n        \"equityScenario\": \"CASH_LOAN\",\n        \"equityName\": \"321\",\n        \"usePlanTerm\": \"6,3\",\n        \"picturePath\": \"21\",\n        \"listNo\": \"AA023101800006999313\"\n      }, {\n        \"equityType\": \"INT_TIC_P\",\n        \"equityNo\": \"ZQ000006\",\n        \"actNo\": \"M0000453309\",\n        \"equityClaimDate\": \"20230920\",\n        \"equityExpireDate\": \"20280201\",\n        \"equityValue\": \"95\",\n        \"status\": \"0\",\n        \"useUpperAmt\": 10000000,\n        \"useLowerAmt\": 100,\n        \"equityScenario\": \"CASH_LOAN\",\n        \"usePlanTerm\": \"1,3,6,12\",\n        \"listNo\": \"AA023101800006999314\"\n      }, {\n        \"equityType\": \"INT_TIC_P\",\n        \"equityNo\": \"ZQ000004\",\n        \"actNo\": \"M0000453309\",\n        \"equityContent\": \"321\",\n        \"equityClaimDate\": \"20230920\",\n        \"equityExpireDate\": \"20280129\",\n        \"equityValue\": \"10\",\n        \"status\": \"0\",\n        \"useUpperAmt\": 10000000,\n        \"useLowerAmt\": 100,\n        \"equityScenario\": \"CASH_LOAN\",\n        \"equityName\": \"321\",\n        \"usePlanTerm\": \"6,3\",\n        \"picturePath\": \"21\",\n        \"listNo\": \"AA023101800006999316\"\n      }, {\n        \"equityType\": \"INT_TIC_T\",\n        \"equityNo\": \"IS000017\",\n        \"actNo\": \"MT000004208\",\n        \"equityContent\": \"Equity content EQUITY NAME IS000017 INT_T EQUITY NAME IS000017 INT_T EQUITY NAME IS000017 INT_T EQUITY NAME IS000017 INT_T EQUITY NAME IS000017 INT_T EQUITY NAME IS000017 INT_T\",\n        \"equityClaimDate\": \"20250702\",\n        \"equityExpireDate\": \"20250730\",\n        \"useDate\": \"20250702\",\n        \"equityValue\": \"1\",\n        \"status\": \"1\",\n        \"loanReceiptNbr\": \"362507020740226339\",\n        \"useUpperAmt\": 500000,\n        \"useLowerAmt\": -1,\n        \"equityScenario\": \"CASH_LOAN\",\n        \"equityName\": \"EQUITY NAME IS000017 INT_T\",\n        \"usePlanTerm\": \"1,3,6,12\",\n        \"picturePath\": \"https://tltp.test.webankcdn.net/mes-adm/MES-MOS/VIRTUAL/VIRTUAL_TEMP/20231117150644/8be141c62da545228f4f56d396cb39f8.png\",\n        \"listNo\": \"41024033100000000004\"\n      }, {\n        \"equityType\": \"INT_TIC_P\",\n        \"equityNo\": \"RA000004\",\n        \"actNo\": \"MT000004205\",\n        \"equityContent\": \"月利率10.99% 金额上限10000000\",\n        \"equityClaimDate\": \"20250702\",\n        \"equityExpireDate\": \"20250729\",\n        \"useDate\": \"20250702\",\n        \"equityValue\": \"0\",\n        \"status\": \"1\",\n        \"loanReceiptNbr\": \"362507020740226341\",\n        \"useUpperAmt\": 500000,\n        \"useLowerAmt\": -1,\n        \"equityScenario\": \"CASH_LOAN\",\n        \"equityName\": \"指定利率券\",\n        \"usePlanTerm\": \"1,3,6,12\",\n        \"picturePath\": \"1231\",\n        \"listNo\": \"41024033100000000005\"\n      }, {\n        \"equityType\": \"INT_TIC_P\",\n        \"equityNo\": \"ZQ000008\",\n        \"actNo\": \"MT000004205\",\n        \"equityContent\": \"Equity Content 1% off  INT1 Eqity Content   INT1 Eqity Content   INT1 Eqity Content\",\n        \"equityClaimDate\": \"20250702\",\n        \"equityExpireDate\": \"20250729\",\n        \"useDate\": \"20250702\",\n        \"equityValue\": \"99\",\n        \"status\": \"1\",\n        \"loanReceiptNbr\": \"362507020740226427\",\n        \"useUpperAmt\": 500000,\n        \"useLowerAmt\": -1,\n        \"equityScenario\": \"CASH_LOAN\",\n        \"equityName\": \"1% off INT_P折扣券_双11% off INT_P折扣券_双11% off INT_P折扣券_双1\",\n        \"usePlanTerm\": \"6,1,3,12\",\n        \"picturePath\": \"https://img1.baidu.com/it/u=684770079,849342797&fm=253&fmt=auto&app=120&f=JPEG?w=1422&h=800\",\n        \"listNo\": \"41024033100000000010\"\n      }, {\n        \"equityType\": \"INT_TIC_T\",\n        \"equityNo\": \"IS000017\",\n        \"actNo\": \"MT000000001\",\n        \"equityContent\": \"Equity content EQUITY NAME IS000017 INT_T EQUITY NAME IS000017 INT_T EQUITY NAME IS000017 INT_T EQUITY NAME IS000017 INT_T EQUITY NAME IS000017 INT_T EQUITY NAME IS000017 INT_T\",\n        \"equityClaimDate\": \"20250701\",\n        \"equityExpireDate\": \"20250731\",\n        \"useDate\": \"20250702\",\n        \"equityValue\": \"1\",\n        \"status\": \"1\",\n        \"loanReceiptNbr\": \"362507020740226342\",\n        \"useUpperAmt\": 1000000000,\n        \"useLowerAmt\": -1,\n        \"equityScenario\": \"CASH_LOAN\",\n        \"equityName\": \"EQUITY NAME IS000017 INT_T\",\n        \"usePlanTerm\": \"1,3,6,12\",\n        \"picturePath\": \"https://tltp.test.webankcdn.net/mes-adm/MES-MOS/VIRTUAL/VIRTUAL_TEMP/20231117150644/8be141c62da545228f4f56d396cb39f8.png\",\n        \"listNo\": \"42024040100000000301\"\n      }, {\n        \"equityType\": \"INT_TIC_P\",\n        \"equityNo\": \"ZQ000004\",\n        \"actNo\": \"M0000453309\",\n        \"equityContent\": \"321\",\n        \"equityClaimDate\": \"20230920\",\n        \"equityExpireDate\": \"20231201\",\n        \"equityValue\": \"10\",\n        \"status\": \"1\",\n        \"useUpperAmt\": 10000000,\n        \"useLowerAmt\": 100,\n        \"equityScenario\": \"CASH_LOAN\",\n        \"equityName\": \"321\",\n        \"usePlanTerm\": \"6,3\",\n        \"picturePath\": \"21\",\n        \"listNo\": \"AA023101800006999312\"\n      }, {\n        \"equityType\": \"INT_TIC_T\",\n        \"equityNo\": \"IS000005\",\n        \"actNo\": \"M0000692145\",\n        \"equityClaimDate\": \"20231020\",\n        \"equityExpireDate\": \"20231202\",\n        \"equityValue\": \"1\",\n        \"status\": \"1\",\n        \"useUpperAmt\": 10000000,\n        \"useLowerAmt\": 100,\n        \"equityScenario\": \"CASH_LOAN\",\n        \"usePlanTerm\": \"-1\",\n        \"listNo\": \"TT023101800006999312\"\n      }, {\n        \"equityType\": \"INT_TIC_P\",\n        \"equityNo\": \"ZQ000008\",\n        \"actNo\": \"MT000004205\",\n        \"equityContent\": \"Equity Content 1% off  INT1 Eqity Content   INT1 Eqity Content   INT1 Eqity Content\",\n        \"equityClaimDate\": \"20250702\",\n        \"equityExpireDate\": \"20240728\",\n        \"equityValue\": \"99\",\n        \"status\": \"4\",\n        \"useUpperAmt\": 500000,\n        \"useLowerAmt\": -1,\n        \"equityScenario\": \"CASH_LOAN\",\n        \"equityName\": \"1% off INT_P折扣券_双11% off INT_P折扣券_双11% off INT_P折扣券_双1\",\n        \"usePlanTerm\": \"6,1,3,12\",\n        \"picturePath\": \"https://img1.baidu.com/it/u=684770079,849342797&fm=253&fmt=auto&app=120&f=JPEG?w=1422&h=800\",\n        \"listNo\": \"41024033100000002001\"\n      }, {\n        \"equityType\": \"INT_TIC_P\",\n        \"equityNo\": \"ZQ000004\",\n        \"actNo\": \"M0000453309\",\n        \"equityContent\": \"321\",\n        \"equityClaimDate\": \"20230920\",\n        \"equityExpireDate\": \"20240228\",\n        \"equityValue\": \"10\",\n        \"status\": \"4\",\n        \"useUpperAmt\": 10000000,\n        \"useLowerAmt\": 100,\n        \"equityScenario\": \"CASH_LOAN\",\n        \"equityName\": \"321\",\n        \"usePlanTerm\": \"6,3\",\n        \"picturePath\": \"21\",\n        \"listNo\": \"AA023101800006999315\"\n      }, {\n        \"equityType\": \"INT_TIC_P\",\n        \"equityNo\": \"ZQ000004\",\n        \"actNo\": \"M0000453309\",\n        \"equityContent\": \"321\",\n        \"equityClaimDate\": \"20230920\",\n        \"equityExpireDate\": \"20231129\",\n        \"equityValue\": \"10\",\n        \"status\": \"4\",\n        \"useUpperAmt\": 10000000,\n        \"useLowerAmt\": 100,\n        \"equityScenario\": \"CASH_LOAN\",\n        \"equityName\": \"321\",\n        \"usePlanTerm\": \"6,3\",\n        \"picturePath\": \"21\",\n        \"listNo\": \"AA023101800006999318\"\n      }, {\n        \"equityType\": \"INT_TIC_P\",\n        \"equityNo\": \"ZQ000004\",\n        \"actNo\": \"M0000453309\",\n        \"equityContent\": \"321\",\n        \"equityClaimDate\": \"20230920\",\n        \"equityExpireDate\": \"20231128\",\n        \"equityValue\": \"10\",\n        \"status\": \"4\",\n        \"useUpperAmt\": 10000000,\n        \"useLowerAmt\": 100,\n        \"equityScenario\": \"CASH_LOAN\",\n        \"equityName\": \"321\",\n        \"usePlanTerm\": \"6,3\",\n        \"picturePath\": \"21\",\n        \"listNo\": \"AA023101800006999317\"\n      }]\n    },\n    \"system_time\": \"20240418101448\",\n    \"hj_biz_no\": \"24041814D08048GSL00004gzjYaMNbKN\"\n  },\n  statusCode: 200\n}).as(\"coupon\");\ncy.intercept(\"POST\", /^http:\\/\\/apidesign\\.weoa\\.com\\/apidesign-core\\/mock\\/5049\\/ams\\/account\\/ddtp_whitelist/, {\n  body: {\n    \"ret_data\": {\n      \"whitelistFlag\": true,\n      \"entrance\": [\"SHOPEE\", \"BPJS\"]\n    },\n    \"ret_msg\": \"4433\",\n    \"ret_code\": \"0000\"\n  },\n  statusCode: 200\n}).as(\"ddtpWhitelist\");\ncy.intercept(\"POST\", /^http:\\/\\/apidesign\\.weoa\\.com\\/apidesign-core\\/mock\\/5049\\/core\\/trans\\/query\\/bill/, {\n  body: {\n    \"ret_code\": \"0000\",\n    \"ret_data\": {\n      \"OVERDUE_DAYS\": 2,\n      \"UPCOMING_DETAIL\": {\n        \"STMT_LIST\": [{\n          \"START_DATE\": \"in eu sunt culpa\",\n          \"END_DATE\": \"officia laborum\",\n          \"STMT_DATE\": \"labore officia\",\n          \"STMT_MONTH\": \"aliquip proident nostrud\",\n          \"STMT_AMT\": 22899695.58529541,\n          \"STMT_STATUS\": \"ut Excepteur nostrud\"\n        }, {\n          \"START_DATE\": \"ea\",\n          \"END_DATE\": \"dolore anim ut amet Excepteur\",\n          \"STMT_DATE\": \"eu velit fugiat pariatur id\",\n          \"STMT_MONTH\": \"in ullamco nulla\",\n          \"STMT_AMT\": 17612432.048929483,\n          \"STMT_STATUS\": \"sunt fugiat occaecat\"\n        }, {\n          \"START_DATE\": \"commodo nostrud ullamco anim\",\n          \"END_DATE\": \"Duis\",\n          \"STMT_DATE\": \"consectetur non laboris\",\n          \"STMT_MONTH\": \"ut cupidatat\",\n          \"STMT_STATUS\": \"aute\",\n          \"STMT_AMT\": -40543776.99949478\n        }],\n        \"elitfe\": -22203946\n      },\n      \"OVERDUE_STMT_LIST\": [{\n        \"STMT_MONTH\": \"20210201\",\n        \"OVERDUE_DAYS\": 2,\n        \"STMT_BAL_AMT\": 21321\n      }, {\n        \"STMT_MONTH\": \"20210201\",\n        \"OVERDUE_DAYS\": 2,\n        \"STMT_BAL_AMT\": 21321\n      }, {\n        \"OVERDUE_DAYS\": 2,\n        \"STMT_MONTH\": \"20210201\",\n        \"STMT_BAL_AMT\": 21321\n      }, {\n        \"STMT_MONTH\": \"20210201\",\n        \"STMT_BAL_AMT\": 21321,\n        \"OVERDUE_DAYS\": 2\n      }],\n      \"STMT_PAID_AMT\": 3213214324,\n      \"CASH_DETAIL\": {\n        \"CASH_DETAIL_LIST\": [{\n          \"LOAN_INIT_SUM\": 35362752.30789122,\n          \"REF_NBR\": \"labore sit et dolor Excepteur\",\n          \"MER_BIZ_NO\": \"eiusmod sit\",\n          \"SCHEDULE_ACTION\": \"culpa\",\n          \"LOAN_DATE\": \"do mollit irure cillum velit\",\n          \"LOAN_INIT_AMT\": -446087.12034608424,\n          \"LOAN_INIT_TERM\": -75630335.99175179,\n          \"CURR_TERM\": 19944114.193782702,\n          \"BIZ_SEQ_NO\": \"in\"\n        }, {\n          \"MER_BIZ_NO\": \"sunt sint eiusmod incididunt nostrud\",\n          \"BIZ_SEQ_NO\": \"deserunt cillum\",\n          \"SCHEDULE_ACTION\": \"ut exercitation\",\n          \"REF_NBR\": \"pariatur sit cupidatat\",\n          \"LOAN_INIT_SUM\": 61941757.36750251,\n          \"LOAN_INIT_TERM\": 90372288.68905497,\n          \"CURR_TERM\": -39783121.82005244,\n          \"LOAN_DATE\": \"consectetur sit ullamco reprehenderit\",\n          \"LOAN_INIT_AMT\": 66308900.169454396\n        }, {\n          \"BIZ_SEQ_NO\": \"irure tempor in nostrud\",\n          \"LOAN_INIT_TERM\": -59958138.793273985,\n          \"LOAN_INIT_AMT\": -50645339.29253696,\n          \"CURR_TERM\": 99421609.32240447,\n          \"LOAN_DATE\": \"dolore aliquip\",\n          \"SCHEDULE_ACTION\": \"incididunt\",\n          \"REF_NBR\": \"sed nisi dolore nostrud tempor\",\n          \"MER_BIZ_NO\": \"nulla\",\n          \"LOAN_INIT_SUM\": -26443934.60032685\n        }],\n        \"dolor2\": \"eu in dolore\"\n      },\n      \"SPENDING_DETAIL\": {\n        \"NEXTPAGE_FLG\": \"mollit ut ea adipisicing incididunt\",\n        \"LAST_ROW_KEY2\": \"officia nostrud Ut\",\n        \"SPENDING_DETAIL_LIST\": [{\n          \"REFUND_TIMES\": -38051485.958279006,\n          \"TXN_DATE\": \"20230804\",\n          \"REF_NBR\": \"23324324435\",\n          \"TRANSACTION_ID\": \"32432432423\",\n          \"SCHEDULE_ACTION\": \"L\",\n          \"REFUND_STATUS\": \"voluptate sint veniam in aliqua\",\n          \"PMT_DUE_DATE\": \"20230804\",\n          \"LOAN_INIT_TERM\": \"3\",\n          \"ORDER_AMT\": \"5900000\",\n          \"BIZ_SEQ_NO\": \"4321432\",\n          \"SPENDING_TYPE\": \"CONSUME_INSTALL\",\n          \"MERCHANDISE_NAME\": \"fdsa\",\n          \"CURR_TERM\": \"2\",\n          \"TRANSACTION_TIME\": \"20240717174036\",\n          \"TERM_PRIN_INIT\": \"6000000\",\n          \"TERM_SUM_INIT\": \"4000000\",\n          \"LOAN_INIT_AMT\": \"20000\",\n          \"MER_BIZ_NO\": \"545435\"\n        }, {\n          \"REF_NBR\": \"23324324435\",\n          \"SPENDING_TYPE\": \"CONSUME_INSTALL\",\n          \"MERCHANDISE_NAME\": \"fdsa\",\n          \"TRANSACTION_ID\": \"32432432423\",\n          \"BIZ_SEQ_NO\": \"4321432\",\n          \"LOAN_INIT_AMT\": \"20000\",\n          \"SCHEDULE_ACTION\": \"L\",\n          \"LOAN_INIT_TERM\": \"1\",\n          \"ORDER_AMT\": \"5900000\",\n          \"MER_BIZ_NO\": \"545435\",\n          \"CURR_TERM\": \"2\",\n          \"REFUND_STATUS\": \"dolore incididunt Duis magna\",\n          \"REFUND_TIMES\": 65650917.83832052,\n          \"TRANSACTION_TIME\": \"20240717174036\",\n          \"PMT_DUE_DATE\": \"20230804\",\n          \"TERM_SUM_INIT\": \"4000000\",\n          \"TERM_PRIN_INIT\": \"6000000\",\n          \"TXN_DATE\": \"20230804\"\n        }, {\n          \"PMT_DUE_DATE\": \"20230804\",\n          \"REFUND_STATUS\": \"dolor laborum\",\n          \"TRANSACTION_TIME\": \"20240717174036\",\n          \"MER_BIZ_NO\": \"545435\",\n          \"LOAN_INIT_TERM\": \"1\",\n          \"REFUND_TIMES\": -47054102.51444282,\n          \"CURR_TERM\": \"2\",\n          \"TERM_SUM_INIT\": \"4000000\",\n          \"SPENDING_TYPE\": \"CONSUME\",\n          \"TXN_DATE\": \"20230804\",\n          \"TERM_PRIN_INIT\": \"6000000\",\n          \"TRANSACTION_ID\": \"32432432423\",\n          \"BIZ_SEQ_NO\": \"4321432\",\n          \"REF_NBR\": \"23324324435\",\n          \"LOAN_INIT_AMT\": \"20000\",\n          \"MERCHANDISE_NAME\": \"fdsa\",\n          \"ORDER_AMT\": \"5900000\",\n          \"SCHEDULE_ACTION\": \"L\"\n        }, {\n          \"TRANSACTION_TIME\": \"20240717174036\",\n          \"TRANSACTION_ID\": \"32432432423\",\n          \"REFUND_STATUS\": \"dolore ipsum nulla\",\n          \"ORDER_AMT\": \"5900000\",\n          \"CURR_TERM\": \"2\",\n          \"BIZ_SEQ_NO\": \"4321432\",\n          \"REF_NBR\": \"23324324435\",\n          \"TXN_DATE\": \"20230804\",\n          \"MERCHANDISE_NAME\": \"fdsa\",\n          \"REFUND_TIMES\": 48606365.88926917,\n          \"TERM_PRIN_INIT\": \"6000000\",\n          \"PMT_DUE_DATE\": \"20230804\",\n          \"LOAN_INIT_AMT\": \"20000\",\n          \"LOAN_INIT_TERM\": \"3\",\n          \"SPENDING_TYPE\": \"CONSUME\",\n          \"SCHEDULE_ACTION\": \"C\",\n          \"MER_BIZ_NO\": \"545435\",\n          \"TERM_SUM_INIT\": \"4000000\"\n        }, {\n          \"SCHEDULE_ACTION\": \"L\",\n          \"TERM_PRIN_INIT\": \"6000000\",\n          \"REFUND_STATUS\": \"sint ea\",\n          \"PMT_DUE_DATE\": \"20230804\",\n          \"REF_NBR\": \"23324324435\",\n          \"SPENDING_TYPE\": \"CONSUME_INSTALL\",\n          \"TRANSACTION_ID\": \"32432432423\",\n          \"BIZ_SEQ_NO\": \"4321432\",\n          \"LOAN_INIT_TERM\": \"3\",\n          \"ORDER_AMT\": \"5900000\",\n          \"MERCHANDISE_NAME\": \"fdsa\",\n          \"CURR_TERM\": \"2\",\n          \"TERM_SUM_INIT\": \"4000000\",\n          \"LOAN_INIT_AMT\": \"20000\",\n          \"TXN_DATE\": \"20230804\",\n          \"MER_BIZ_NO\": \"545435\",\n          \"TRANSACTION_TIME\": \"20240717174036\",\n          \"REFUND_TIMES\": -15385946.116475984\n        }, {\n          \"MER_BIZ_NO\": \"545435\",\n          \"TERM_PRIN_INIT\": \"6000000\",\n          \"PMT_DUE_DATE\": \"20230804\",\n          \"SCHEDULE_ACTION\": \"L\",\n          \"CURR_TERM\": \"2\",\n          \"LOAN_INIT_AMT\": \"20000\",\n          \"SPENDING_TYPE\": \"CONSUME_INSTALL\",\n          \"TXN_DATE\": \"20230804\",\n          \"BIZ_SEQ_NO\": \"4321432\",\n          \"MERCHANDISE_NAME\": \"fdsa\",\n          \"TRANSACTION_ID\": \"32432432423\",\n          \"TRANSACTION_TIME\": \"20240717174036\",\n          \"ORDER_AMT\": \"5900000\",\n          \"REFUND_TIMES\": 37890459.85328081,\n          \"LOAN_INIT_TERM\": \"3\",\n          \"TERM_SUM_INIT\": \"4000000\",\n          \"REF_NBR\": \"23324324435\",\n          \"REFUND_STATUS\": \"deserunt dolore\"\n        }, {\n          \"TRANSACTION_TIME\": \"20240717174036\",\n          \"REFUND_STATUS\": \"fugiat eiusmod tempor minim veniam\",\n          \"CURR_TERM\": \"2\",\n          \"ORDER_AMT\": \"5900000\",\n          \"TERM_SUM_INIT\": \"4000000\",\n          \"TERM_PRIN_INIT\": \"6000000\",\n          \"TRANSACTION_ID\": \"32432432423\",\n          \"MER_BIZ_NO\": \"545435\",\n          \"REFUND_TIMES\": -88724983.55465774,\n          \"TXN_DATE\": \"20230804\",\n          \"LOAN_INIT_AMT\": \"20000\",\n          \"REF_NBR\": \"23324324435\",\n          \"MERCHANDISE_NAME\": \"fdsa\",\n          \"PMT_DUE_DATE\": \"20230804\",\n          \"SPENDING_TYPE\": \"CONSUME_INSTALL\",\n          \"BIZ_SEQ_NO\": \"4321432\",\n          \"LOAN_INIT_TERM\": \"1\",\n          \"SCHEDULE_ACTION\": \"L\"\n        }, {\n          \"TXN_DATE\": \"20230804\",\n          \"MER_BIZ_NO\": \"545435\",\n          \"TERM_PRIN_INIT\": \"6000000\",\n          \"PMT_DUE_DATE\": \"20230804\",\n          \"LOAN_INIT_TERM\": \"1\",\n          \"REFUND_TIMES\": 54220751.77917454,\n          \"TERM_SUM_INIT\": \"4000000\",\n          \"CURR_TERM\": \"2\",\n          \"TRANSACTION_TIME\": \"20240717174036\",\n          \"ORDER_AMT\": \"5900000\",\n          \"BIZ_SEQ_NO\": \"4321432\",\n          \"REF_NBR\": \"23324324435\",\n          \"MERCHANDISE_NAME\": \"fdsa\",\n          \"REFUND_STATUS\": \"anim veniam cillum ut\",\n          \"SCHEDULE_ACTION\": \"C\",\n          \"LOAN_INIT_AMT\": \"20000\",\n          \"TRANSACTION_ID\": \"32432432423\",\n          \"SPENDING_TYPE\": \"CONSUME_INSTALL\"\n        }, {\n          \"MER_BIZ_NO\": \"545435\",\n          \"TXN_DATE\": \"20230804\",\n          \"REF_NBR\": \"23324324435\",\n          \"SCHEDULE_ACTION\": \"C\",\n          \"BIZ_SEQ_NO\": \"4321432\",\n          \"TRANSACTION_ID\": \"32432432423\",\n          \"PMT_DUE_DATE\": \"20230804\",\n          \"SPENDING_TYPE\": \"CONSUME_INSTALL\",\n          \"TERM_SUM_INIT\": \"4000000\",\n          \"REFUND_TIMES\": -69264569.99003388,\n          \"CURR_TERM\": \"2\",\n          \"ORDER_AMT\": \"5900000\",\n          \"TERM_PRIN_INIT\": \"6000000\",\n          \"MERCHANDISE_NAME\": \"fdsa\",\n          \"TRANSACTION_TIME\": \"20240717174036\",\n          \"REFUND_STATUS\": \"nostrud Ut ullamco anim\",\n          \"LOAN_INIT_TERM\": \"1\",\n          \"LOAN_INIT_AMT\": \"20000\"\n        }, {\n          \"PMT_DUE_DATE\": \"20230804\",\n          \"TERM_SUM_INIT\": \"4000000\",\n          \"CURR_TERM\": \"2\",\n          \"BIZ_SEQ_NO\": \"4321432\",\n          \"MER_BIZ_NO\": \"545435\",\n          \"TRANSACTION_ID\": \"32432432423\",\n          \"REF_NBR\": \"23324324435\",\n          \"LOAN_INIT_AMT\": \"20000\",\n          \"MERCHANDISE_NAME\": \"fdsa\",\n          \"LOAN_INIT_TERM\": \"3\",\n          \"REFUND_STATUS\": \"reprehenderit\",\n          \"SPENDING_TYPE\": \"CONSUME\",\n          \"TRANSACTION_TIME\": \"20240717174036\",\n          \"SCHEDULE_ACTION\": \"L\",\n          \"REFUND_TIMES\": 75940802.36043969,\n          \"ORDER_AMT\": \"5900000\",\n          \"TERM_PRIN_INIT\": \"6000000\",\n          \"TXN_DATE\": \"20230804\"\n        }, {\n          \"TRANSACTION_ID\": \"32432432423\",\n          \"REF_NBR\": \"23324324435\",\n          \"REFUND_STATUS\": \"pariatur enim eiusmod minim\",\n          \"SPENDING_TYPE\": \"CONSUME_INSTALL\",\n          \"TERM_SUM_INIT\": \"4000000\",\n          \"MER_BIZ_NO\": \"545435\",\n          \"MERCHANDISE_NAME\": \"fdsa\",\n          \"LOAN_INIT_TERM\": \"3\",\n          \"CURR_TERM\": \"2\",\n          \"TERM_PRIN_INIT\": \"6000000\",\n          \"PMT_DUE_DATE\": \"20230804\",\n          \"ORDER_AMT\": \"5900000\",\n          \"SCHEDULE_ACTION\": \"C\",\n          \"TRANSACTION_TIME\": \"20240717174036\",\n          \"REFUND_TIMES\": -11350310.714953423,\n          \"LOAN_INIT_AMT\": \"20000\",\n          \"TXN_DATE\": \"20230804\",\n          \"BIZ_SEQ_NO\": \"4321432\"\n        }, {\n          \"LOAN_INIT_TERM\": \"3\",\n          \"MERCHANDISE_NAME\": \"fdsa\",\n          \"REF_NBR\": \"23324324435\",\n          \"SPENDING_TYPE\": \"CONSUME_INSTALL\",\n          \"ORDER_AMT\": \"5900000\",\n          \"LOAN_INIT_AMT\": \"20000\",\n          \"TXN_DATE\": \"20230804\",\n          \"CURR_TERM\": \"2\",\n          \"TERM_PRIN_INIT\": \"6000000\",\n          \"REFUND_STATUS\": \"cupidatat do minim qui\",\n          \"SCHEDULE_ACTION\": \"L\",\n          \"TERM_SUM_INIT\": \"4000000\",\n          \"BIZ_SEQ_NO\": \"4321432\",\n          \"TRANSACTION_TIME\": \"20240717174036\",\n          \"REFUND_TIMES\": -67388763.7783611,\n          \"PMT_DUE_DATE\": \"20230804\",\n          \"TRANSACTION_ID\": \"32432432423\",\n          \"MER_BIZ_NO\": \"545435\"\n        }, {\n          \"REF_NBR\": \"23324324435\",\n          \"TXN_DATE\": \"20230804\",\n          \"LOAN_INIT_AMT\": \"20000\",\n          \"TERM_SUM_INIT\": \"4000000\",\n          \"PMT_DUE_DATE\": \"20230804\",\n          \"TRANSACTION_ID\": \"32432432423\",\n          \"REFUND_TIMES\": -24136108.029924273,\n          \"ORDER_AMT\": \"5900000\",\n          \"MER_BIZ_NO\": \"545435\",\n          \"TERM_PRIN_INIT\": \"6000000\",\n          \"CURR_TERM\": \"2\",\n          \"BIZ_SEQ_NO\": \"4321432\",\n          \"MERCHANDISE_NAME\": \"fdsa\",\n          \"SPENDING_TYPE\": \"CONSUME\",\n          \"SCHEDULE_ACTION\": \"L\",\n          \"TRANSACTION_TIME\": \"20240717174036\",\n          \"REFUND_STATUS\": \"aute\",\n          \"LOAN_INIT_TERM\": \"1\"\n        }, {\n          \"SCHEDULE_ACTION\": \"C\",\n          \"TRANSACTION_ID\": \"32432432423\",\n          \"CURR_TERM\": \"2\",\n          \"TXN_DATE\": \"20230804\",\n          \"TERM_PRIN_INIT\": \"6000000\",\n          \"REF_NBR\": \"23324324435\",\n          \"MERCHANDISE_NAME\": \"fdsa\",\n          \"PMT_DUE_DATE\": \"20230804\",\n          \"MER_BIZ_NO\": \"545435\",\n          \"TRANSACTION_TIME\": \"20240717174036\",\n          \"REFUND_TIMES\": 24313561.1785191,\n          \"LOAN_INIT_AMT\": \"20000\",\n          \"TERM_SUM_INIT\": \"4000000\",\n          \"SPENDING_TYPE\": \"CONSUME_INSTALL\",\n          \"ORDER_AMT\": \"5900000\",\n          \"BIZ_SEQ_NO\": \"4321432\",\n          \"REFUND_STATUS\": \"tempor nulla magna in\",\n          \"LOAN_INIT_TERM\": \"3\"\n        }, {\n          \"TERM_SUM_INIT\": \"4000000\",\n          \"TXN_DATE\": \"20230804\",\n          \"SCHEDULE_ACTION\": \"C\",\n          \"CURR_TERM\": \"2\",\n          \"MER_BIZ_NO\": \"545435\",\n          \"ORDER_AMT\": \"5900000\",\n          \"TRANSACTION_ID\": \"32432432423\",\n          \"LOAN_INIT_TERM\": \"3\",\n          \"BIZ_SEQ_NO\": \"4321432\",\n          \"TRANSACTION_TIME\": \"20240717174036\",\n          \"REFUND_STATUS\": \"cillum reprehenderit\",\n          \"SPENDING_TYPE\": \"CONSUME\",\n          \"LOAN_INIT_AMT\": \"20000\",\n          \"TERM_PRIN_INIT\": \"6000000\",\n          \"PMT_DUE_DATE\": \"20230804\",\n          \"REF_NBR\": \"23324324435\",\n          \"MERCHANDISE_NAME\": \"fdsa\",\n          \"REFUND_TIMES\": -28153157.995368972\n        }, {\n          \"ORDER_AMT\": \"5900000\",\n          \"TERM_PRIN_INIT\": \"6000000\",\n          \"TRANSACTION_TIME\": \"20240717174036\",\n          \"TXN_DATE\": \"20230804\",\n          \"LOAN_INIT_AMT\": \"20000\",\n          \"PMT_DUE_DATE\": \"20230804\",\n          \"SCHEDULE_ACTION\": \"C\",\n          \"MERCHANDISE_NAME\": \"fdsa\",\n          \"TRANSACTION_ID\": \"32432432423\",\n          \"REFUND_TIMES\": 5926907.145859197,\n          \"TERM_SUM_INIT\": \"4000000\",\n          \"LOAN_INIT_TERM\": \"3\",\n          \"REF_NBR\": \"23324324435\",\n          \"REFUND_STATUS\": \"qui dolore deserunt ullamco\",\n          \"MER_BIZ_NO\": \"545435\",\n          \"BIZ_SEQ_NO\": \"4321432\",\n          \"CURR_TERM\": \"2\",\n          \"SPENDING_TYPE\": \"CONSUME_INSTALL\"\n        }, {\n          \"TERM_SUM_INIT\": \"4000000\",\n          \"MER_BIZ_NO\": \"545435\",\n          \"CURR_TERM\": \"2\",\n          \"TXN_DATE\": \"20230804\",\n          \"REF_NBR\": \"23324324435\",\n          \"TRANSACTION_ID\": \"32432432423\",\n          \"REFUND_STATUS\": \"velit dolore\",\n          \"SCHEDULE_ACTION\": \"C\",\n          \"PMT_DUE_DATE\": \"20230804\",\n          \"ORDER_AMT\": \"5900000\",\n          \"LOAN_INIT_TERM\": \"1\",\n          \"LOAN_INIT_AMT\": \"20000\",\n          \"TERM_PRIN_INIT\": \"6000000\",\n          \"TRANSACTION_TIME\": \"20240717174036\",\n          \"REFUND_TIMES\": -59350498.07869861,\n          \"MERCHANDISE_NAME\": \"fdsa\",\n          \"SPENDING_TYPE\": \"CONSUME_INSTALL\",\n          \"BIZ_SEQ_NO\": \"4321432\"\n        }, {\n          \"SPENDING_TYPE\": \"CONSUME\",\n          \"BIZ_SEQ_NO\": \"4321432\",\n          \"PMT_DUE_DATE\": \"20230804\",\n          \"REF_NBR\": \"23324324435\",\n          \"TRANSACTION_TIME\": \"20240717174036\",\n          \"LOAN_INIT_TERM\": \"3\",\n          \"TRANSACTION_ID\": \"32432432423\",\n          \"TERM_SUM_INIT\": \"4000000\",\n          \"CURR_TERM\": \"2\",\n          \"SCHEDULE_ACTION\": \"C\",\n          \"REFUND_STATUS\": \"Excepteur adipisicing\",\n          \"LOAN_INIT_AMT\": \"20000\",\n          \"TERM_PRIN_INIT\": \"6000000\",\n          \"REFUND_TIMES\": -82635725.34313619,\n          \"ORDER_AMT\": \"5900000\",\n          \"MER_BIZ_NO\": \"545435\",\n          \"TXN_DATE\": \"20230804\",\n          \"MERCHANDISE_NAME\": \"fdsa\"\n        }, {\n          \"SPENDING_TYPE\": \"CONSUME_INSTALL\",\n          \"TERM_PRIN_INIT\": \"6000000\",\n          \"SCHEDULE_ACTION\": \"C\",\n          \"CURR_TERM\": \"2\",\n          \"BIZ_SEQ_NO\": \"4321432\",\n          \"TRANSACTION_ID\": \"32432432423\",\n          \"TXN_DATE\": \"20230804\",\n          \"TERM_SUM_INIT\": \"4000000\",\n          \"MER_BIZ_NO\": \"545435\",\n          \"REFUND_STATUS\": \"ut non do\",\n          \"MERCHANDISE_NAME\": \"fdsa\",\n          \"LOAN_INIT_AMT\": \"20000\",\n          \"PMT_DUE_DATE\": \"20230804\",\n          \"LOAN_INIT_TERM\": \"3\",\n          \"REF_NBR\": \"23324324435\",\n          \"REFUND_TIMES\": 72401436.92003396,\n          \"TRANSACTION_TIME\": \"20240717174036\",\n          \"ORDER_AMT\": \"5900000\"\n        }, {\n          \"MER_BIZ_NO\": \"545435\",\n          \"CURR_TERM\": \"2\",\n          \"TRANSACTION_ID\": \"32432432423\",\n          \"LOAN_INIT_AMT\": \"20000\",\n          \"ORDER_AMT\": \"5900000\",\n          \"REFUND_TIMES\": -97009398.50118004,\n          \"SPENDING_TYPE\": \"CONSUME\",\n          \"LOAN_INIT_TERM\": \"1\",\n          \"PMT_DUE_DATE\": \"20230804\",\n          \"TERM_SUM_INIT\": \"4000000\",\n          \"REF_NBR\": \"23324324435\",\n          \"TERM_PRIN_INIT\": \"6000000\",\n          \"MERCHANDISE_NAME\": \"fdsa\",\n          \"TXN_DATE\": \"20230804\",\n          \"BIZ_SEQ_NO\": \"4321432\",\n          \"TRANSACTION_TIME\": \"20240717174036\",\n          \"REFUND_STATUS\": \"id officia\",\n          \"SCHEDULE_ACTION\": \"C\"\n        }, {\n          \"TRANSACTION_ID\": \"32432432423\",\n          \"TERM_PRIN_INIT\": \"6000000\",\n          \"SCHEDULE_ACTION\": \"C\",\n          \"LOAN_INIT_AMT\": \"20000\",\n          \"ORDER_AMT\": \"5900000\",\n          \"MER_BIZ_NO\": \"545435\",\n          \"MERCHANDISE_NAME\": \"fdsa\",\n          \"BIZ_SEQ_NO\": \"4321432\",\n          \"LOAN_INIT_TERM\": \"1\",\n          \"TXN_DATE\": \"20230804\",\n          \"SPENDING_TYPE\": \"CONSUME\",\n          \"PMT_DUE_DATE\": \"20230804\",\n          \"REF_NBR\": \"23324324435\",\n          \"REFUND_STATUS\": \"nulla mollit\",\n          \"REFUND_TIMES\": 14437595.576998726,\n          \"TRANSACTION_TIME\": \"20240717174036\",\n          \"CURR_TERM\": \"2\",\n          \"TERM_SUM_INIT\": \"4000000\"\n        }, {\n          \"MER_BIZ_NO\": \"545435\",\n          \"TRANSACTION_TIME\": \"20240717174036\",\n          \"BIZ_SEQ_NO\": \"4321432\",\n          \"TERM_PRIN_INIT\": \"6000000\",\n          \"SCHEDULE_ACTION\": \"C\",\n          \"TXN_DATE\": \"20230804\",\n          \"LOAN_INIT_AMT\": \"20000\",\n          \"TRANSACTION_ID\": \"32432432423\",\n          \"REF_NBR\": \"23324324435\",\n          \"LOAN_INIT_TERM\": \"3\",\n          \"PMT_DUE_DATE\": \"20230804\",\n          \"CURR_TERM\": \"2\",\n          \"ORDER_AMT\": \"5900000\",\n          \"REFUND_STATUS\": \"sed\",\n          \"TERM_SUM_INIT\": \"4000000\",\n          \"MERCHANDISE_NAME\": \"fdsa\",\n          \"SPENDING_TYPE\": \"CONSUME_INSTALL\",\n          \"REFUND_TIMES\": -3564872.880534336\n        }, {\n          \"TERM_PRIN_INIT\": \"6000000\",\n          \"PMT_DUE_DATE\": \"20230804\",\n          \"TRANSACTION_ID\": \"32432432423\",\n          \"LOAN_INIT_TERM\": \"1\",\n          \"SCHEDULE_ACTION\": \"L\",\n          \"MERCHANDISE_NAME\": \"fdsa\",\n          \"BIZ_SEQ_NO\": \"4321432\",\n          \"REF_NBR\": \"23324324435\",\n          \"MER_BIZ_NO\": \"545435\",\n          \"LOAN_INIT_AMT\": \"20000\",\n          \"CURR_TERM\": \"2\",\n          \"ORDER_AMT\": \"5900000\",\n          \"TXN_DATE\": \"20230804\",\n          \"REFUND_STATUS\": \"non ut esse dolore mollit\",\n          \"REFUND_TIMES\": -45105265.21410658,\n          \"TERM_SUM_INIT\": \"4000000\",\n          \"SPENDING_TYPE\": \"CONSUME_INSTALL\",\n          \"TRANSACTION_TIME\": \"20240717174036\"\n        }, {\n          \"CURR_TERM\": \"2\",\n          \"LOAN_INIT_TERM\": \"1\",\n          \"TERM_PRIN_INIT\": \"6000000\",\n          \"TXN_DATE\": \"20230804\",\n          \"MERCHANDISE_NAME\": \"fdsa\",\n          \"MER_BIZ_NO\": \"545435\",\n          \"TRANSACTION_TIME\": \"20240717174036\",\n          \"REFUND_TIMES\": 60788653.02574417,\n          \"TERM_SUM_INIT\": \"4000000\",\n          \"SCHEDULE_ACTION\": \"L\",\n          \"REFUND_STATUS\": \"proident ad\",\n          \"BIZ_SEQ_NO\": \"4321432\",\n          \"PMT_DUE_DATE\": \"20230804\",\n          \"ORDER_AMT\": \"5900000\",\n          \"LOAN_INIT_AMT\": \"20000\",\n          \"REF_NBR\": \"23324324435\",\n          \"SPENDING_TYPE\": \"CONSUME_INSTALL\",\n          \"TRANSACTION_ID\": \"32432432423\"\n        }, {\n          \"MERCHANDISE_NAME\": \"fdsa\",\n          \"SCHEDULE_ACTION\": \"L\",\n          \"LOAN_INIT_TERM\": \"3\",\n          \"REFUND_TIMES\": 67559819.80325249,\n          \"CURR_TERM\": \"2\",\n          \"TXN_DATE\": \"20230804\",\n          \"TRANSACTION_TIME\": \"20240717174036\",\n          \"BIZ_SEQ_NO\": \"4321432\",\n          \"TERM_PRIN_INIT\": \"6000000\",\n          \"REFUND_STATUS\": \"proident id in\",\n          \"ORDER_AMT\": \"5900000\",\n          \"LOAN_INIT_AMT\": \"20000\",\n          \"SPENDING_TYPE\": \"CONSUME\",\n          \"TERM_SUM_INIT\": \"4000000\",\n          \"TRANSACTION_ID\": \"32432432423\",\n          \"REF_NBR\": \"23324324435\",\n          \"PMT_DUE_DATE\": \"20230804\",\n          \"MER_BIZ_NO\": \"545435\"\n        }, {\n          \"PMT_DUE_DATE\": \"20230804\",\n          \"TERM_PRIN_INIT\": \"6000000\",\n          \"LOAN_INIT_AMT\": \"20000\",\n          \"MERCHANDISE_NAME\": \"fdsa\",\n          \"REFUND_TIMES\": 10288451.356916502,\n          \"CURR_TERM\": \"2\",\n          \"TERM_SUM_INIT\": \"4000000\",\n          \"TRANSACTION_ID\": \"32432432423\",\n          \"TXN_DATE\": \"20230804\",\n          \"REFUND_STATUS\": \"labore fugiat aliqua ut deserunt\",\n          \"MER_BIZ_NO\": \"545435\",\n          \"LOAN_INIT_TERM\": \"1\",\n          \"SCHEDULE_ACTION\": \"C\",\n          \"SPENDING_TYPE\": \"CONSUME\",\n          \"REF_NBR\": \"23324324435\",\n          \"ORDER_AMT\": \"5900000\",\n          \"BIZ_SEQ_NO\": \"4321432\",\n          \"TRANSACTION_TIME\": \"20240717174036\"\n        }, {\n          \"REF_NBR\": \"23324324435\",\n          \"TRANSACTION_ID\": \"32432432423\",\n          \"TERM_SUM_INIT\": \"4000000\",\n          \"TERM_PRIN_INIT\": \"6000000\",\n          \"MERCHANDISE_NAME\": \"fdsa\",\n          \"SPENDING_TYPE\": \"CONSUME\",\n          \"LOAN_INIT_TERM\": \"3\",\n          \"ORDER_AMT\": \"5900000\",\n          \"LOAN_INIT_AMT\": \"20000\",\n          \"BIZ_SEQ_NO\": \"4321432\",\n          \"SCHEDULE_ACTION\": \"L\",\n          \"CURR_TERM\": \"2\",\n          \"REFUND_STATUS\": \"in sed nulla ad dolor\",\n          \"TRANSACTION_TIME\": \"20240717174036\",\n          \"MER_BIZ_NO\": \"545435\",\n          \"TXN_DATE\": \"20230804\",\n          \"REFUND_TIMES\": 97634189.0776315,\n          \"PMT_DUE_DATE\": \"20230804\"\n        }, {\n          \"LOAN_INIT_AMT\": \"20000\",\n          \"REFUND_TIMES\": 31656198.718905285,\n          \"MERCHANDISE_NAME\": \"fdsa\",\n          \"LOAN_INIT_TERM\": \"3\",\n          \"SCHEDULE_ACTION\": \"L\",\n          \"TRANSACTION_TIME\": \"20240717174036\",\n          \"ORDER_AMT\": \"5900000\",\n          \"REFUND_STATUS\": \"esse\",\n          \"PMT_DUE_DATE\": \"20230804\",\n          \"MER_BIZ_NO\": \"545435\",\n          \"TERM_PRIN_INIT\": \"6000000\",\n          \"CURR_TERM\": \"2\",\n          \"TRANSACTION_ID\": \"32432432423\",\n          \"SPENDING_TYPE\": \"CONSUME\",\n          \"TXN_DATE\": \"20230804\",\n          \"BIZ_SEQ_NO\": \"4321432\",\n          \"REF_NBR\": \"23324324435\",\n          \"TERM_SUM_INIT\": \"4000000\"\n        }, {\n          \"ORDER_AMT\": \"5900000\",\n          \"CURR_TERM\": \"2\",\n          \"TRANSACTION_TIME\": \"20240717174036\",\n          \"TERM_SUM_INIT\": \"4000000\",\n          \"TRANSACTION_ID\": \"32432432423\",\n          \"LOAN_INIT_TERM\": \"1\",\n          \"TERM_PRIN_INIT\": \"6000000\",\n          \"LOAN_INIT_AMT\": \"20000\",\n          \"REFUND_STATUS\": \"esse pariatur veniam magna\",\n          \"TXN_DATE\": \"20230804\",\n          \"REFUND_TIMES\": -26502761.015717894,\n          \"MER_BIZ_NO\": \"545435\",\n          \"PMT_DUE_DATE\": \"20230804\",\n          \"MERCHANDISE_NAME\": \"fdsa\",\n          \"REF_NBR\": \"23324324435\",\n          \"SPENDING_TYPE\": \"CONSUME_INSTALL\",\n          \"BIZ_SEQ_NO\": \"4321432\",\n          \"SCHEDULE_ACTION\": \"L\"\n        }, {\n          \"SCHEDULE_ACTION\": \"C\",\n          \"LOAN_INIT_TERM\": \"3\",\n          \"REF_NBR\": \"23324324435\",\n          \"SPENDING_TYPE\": \"CONSUME_INSTALL\",\n          \"PMT_DUE_DATE\": \"20230804\",\n          \"ORDER_AMT\": \"5900000\",\n          \"TERM_PRIN_INIT\": \"6000000\",\n          \"REFUND_STATUS\": \"voluptate\",\n          \"MERCHANDISE_NAME\": \"fdsa\",\n          \"REFUND_TIMES\": -82316975.9746118,\n          \"LOAN_INIT_AMT\": \"20000\",\n          \"CURR_TERM\": \"2\",\n          \"TRANSACTION_TIME\": \"20240717174036\",\n          \"TRANSACTION_ID\": \"32432432423\",\n          \"TXN_DATE\": \"20230804\",\n          \"TERM_SUM_INIT\": \"4000000\",\n          \"BIZ_SEQ_NO\": \"4321432\",\n          \"MER_BIZ_NO\": \"545435\"\n        }],\n        \"NEXTPAGE_FLG2\": \"aute ut\",\n        \"LAST_ROW_KEY\": \"ex qui dolor\"\n      },\n      \"BUSINESS_DATE\": \"20210222\",\n      \"CASH_AMT\": \"12321\",\n      \"CUR_STMT_BAL_AMT\": \"3\",\n      \"REFUND_AMT\": 3221123132,\n      \"PENALTY_PAID\": \"321\",\n      \"SPENDING_AMT\": 432,\n      \"PMT_DUE_DATE\": \"20210201\",\n      \"APP_ACCT_NO\": \"453251234\",\n      \"PENALTY_BAL\": \"2\",\n      \"CUR_STMT_AMT\": \"321\",\n      \"OVERDUE_TIMES\": \"2\",\n      \"STMT_DATE\": \"20210228\",\n      \"STMT_AMT\": 432423,\n      \"END_DATE\": \"20210301\",\n      \"STMT_BAL_AMT\": 4324434,\n      \"START_DATE\": \"20210201\",\n      \"STMT_STATUS\": \"N\",\n      \"APP_TYPE\": \"ea\",\n      \"PAID_OUT_DATE\": \"20210201\",\n      \"PRODUCT_CD\": \"43223\"\n    },\n    \"ret_msg\": \"et sunt dolore laboris cillum\"\n  },\n  statusCode: 200\n}).as(\"bill\");\ncy.intercept(\"POST\", /^http:\\/\\/apidesign\\.weoa\\.com\\/apidesign-core\\/mock\\/5049\\/core\\/trans\\/query\\/repay_info/, {\n  body: {\n    \"ret_msg\": \"laborum sunt culpa\",\n    \"ret_code\": \"0000\",\n    \"ret_data\": {\n      \"CODE\": \"eiusmod\",\n      \"DESC\": \"mollit cillum\",\n      \"APP_TYPE\": \"Ut sunt fugiat\",\n      \"PRODUCT_CD\": \"fugiat est in eiusmod\",\n      \"BUSINESS_DATE\": \"sit esse\",\n      \"APP_ACCT_NO\": \"voluptate non\",\n      \"STMT_BAL_AMT\": 42753358.80958307,\n      \"TXN_ID\": \"commodo fugiat Duis eu\",\n      \"OVERDUE_TIMES\": -17318487,\n      \"LOAN_LIST\": [{\n        \"BAL_AMT\": 75400405.45469591,\n        \"PRIN_BAL\": 62960281.97223386,\n        \"INTEREST_BAL\": 85680747.2327612,\n        \"PENALTY_BAL\": 7939862.603526443,\n        \"REF_NBR\": \"consequat Duis\",\n        \"FEE_BAL\": -72908731.59139593,\n        \"MONTH_FEE_BAL\": -92394202.38363811\n      }, {\n        \"BAL_AMT\": 45210301.94247544,\n        \"PRIN_BAL\": -92461336.94760194,\n        \"INTEREST_BAL\": -73644378.98525384,\n        \"PENALTY_BAL\": -93752266.73289822,\n        \"REF_NBR\": \"nisi aute Lorem\",\n        \"FEE_BAL\": -85966523.2694347,\n        \"MONTH_FEE_BAL\": 28239252.11064729\n      }],\n      \"IS_AUTO_PAY_ONLINE\": \"laborum dolor irure\",\n      \"IS_ACTIVE_PAY_ONLINE\": \"laboris labore cupidatat\",\n      \"OVERDUE_STMT_LIST\": [{\n        \"STMT_MONTH\": \"do eu reprehenderit ex\",\n        \"STMT_BAL_AMT\": -62196361.63722235,\n        \"OVERDUE_DAYS\": -84877929\n      }, {\n        \"OVERDUE_DAYS\": -91955045,\n        \"STMT_MONTH\": \"voluptate\",\n        \"STMT_BAL_AMT\": 21848659.57953988\n      }]\n    }\n  },\n  statusCode: 200\n}).as(\"repayInfo\");\ncy.intercept(\"POST\", /^http:\\/\\/apidesign\\.weoa\\.com\\/apidesign-core\\/mock\\/5049\\/ams\\/account\\/query\\/mpc_balance/, {\n  body: {\n    \"ret_code\": \"0000\",\n    \"ret_msg\": \"culpa tempor ad voluptate veniam\",\n    \"ret_data\": {\n      \"mpcLevel\": \"fugiat labore\",\n      \"balanceAmt\": \"99999999999\",\n      \"coreAcctList\": [{\n        \"balanceAmt\": 11965382.497418538,\n        \"acctStatus\": \"dolor ipsum\",\n        \"acctType\": \"cupidatat amet consequat\",\n        \"acctBizType\": \"do Duis\",\n        \"avaliableBalanceAmt\": 52748580.39793404,\n        \"blockedBalanceAmt\": 16657053.14677152,\n        \"acctNo\": \"nisi anim\"\n      }, {\n        \"balanceAmt\": 13576779.379236475,\n        \"acctStatus\": \"voluptate occaecat proident tempor\",\n        \"acctType\": \"cillum nisi nostrud sint eu\",\n        \"acctBizType\": \"dolor Excepteur aliqua veniam dolor\",\n        \"avaliableBalanceAmt\": 76714865.63312638,\n        \"blockedBalanceAmt\": 78270314.4542264,\n        \"acctNo\": \"aliquip sit Ut Excepteur\"\n      }, {\n        \"balanceAmt\": 36730733.52160858,\n        \"acctStatus\": \"sit minim\",\n        \"acctType\": \"elit laboris\",\n        \"acctBizType\": \"eiusmod aliqua enim sit\",\n        \"avaliableBalanceAmt\": 50795554.35000244,\n        \"blockedBalanceAmt\": 44001327.14245286,\n        \"acctNo\": \"nisi commodo Ut sint\"\n      }, {\n        \"balanceAmt\": -7829257.501915604,\n        \"acctStatus\": \"eu Excepteur\",\n        \"acctType\": \"officia culpa pariatur amet\",\n        \"acctBizType\": \"non mollit laboris\",\n        \"avaliableBalanceAmt\": 13534877.625892833,\n        \"blockedBalanceAmt\": 86296846.40640555,\n        \"acctNo\": \"nisi velit\"\n      }]\n    },\n    \"biz_no\": \"qui enim ut deserunt exercitation\"\n  },\n  statusCode: 200\n}).as(\"mpcBalance\");\ncy.intercept(\"POST\", /^http:\\/\\/apidesign\\.weoa\\.com\\/apidesign-core\\/mock\\/5049\\/core\\/trans\\/apply\\/loan/, {\n  body: {\n    \"ret_code\": \"0000\",\n    \"ret_msg\": \"fugiat occaecat ipsum commodo\",\n    \"ret_data\": {\n      \"STATUS\": \"sed consequat irure\",\n      \"APP_NO\": \"id incididunt quis\",\n      \"TXN_ID\": \"dolore\",\n      \"LOAN_INIT_PRIN\": -99207702.28915186,\n      \"RECON_DATE\": \"consectetur\",\n      \"ACCT_NAME\": \"qui in tempor\",\n      \"ACCT_NO\": \"in nisi occaecat adipisicing cupidatat\",\n      \"RECEIPT_NBR\": \"velit ipsum reprehenderit\",\n      \"LOAN_FAIL_DESC\": \"proident in elit\",\n      \"NEXT_PMT_DATE\": \"Ut et\",\n      \"PMT_DATE\": \"ullamco elit veniam ipsum\",\n      \"LOAN_STATUS\": \"ut aliquip dolore ad\",\n      \"NBS_ORDER_NO\": \"commodo\"\n    }\n  },\n  statusCode: 200\n}).as(\"applyLoan\");\ncy.intercept(\"GET\", /^http:\\/\\/apidesign\\.weoa\\.com\\/apidesign-core\\/mock\\/5049\\/ams\\/password\\/get\\/random_factor/, {\n  body: {\n    \"ret_code\": \"0000\",\n    \"ret_msg\": \"amet do irure\",\n    \"ret_data\": {\n      \"factor\": \"pariatur proident ex\",\n      \"encryptType\": \"amet nostrud aliqua voluptate et\"\n    }\n  },\n  statusCode: 200\n}).as(\"randomFactor\");\ncy.intercept(\"POST\", /^http:\\/\\/apidesign\\.weoa\\.com\\/apidesign-core\\/mock\\/5049\\/ams\\/password\\/validate/, {\n  body: {\n    \"ret_code\": \"0000\",\n    \"ret_msg\": \"Excepteur aliquip dolore id nostrud\",\n    \"ret_data\": {\n      \"dayErrorCount\": 9171391,\n      \"officia_91\": -36266787.82802899\n    }\n  },\n  statusCode: 200\n}).as(\"validate\");\ncy.intercept(\"POST\", /^http:\\/\\/apidesign\\.weoa\\.com\\/apidesign-core\\/mock\\/5049\\/core\\/trans\\/apply\\/repay/, {\n  body: {\n    \"ret_code\": \"0000\",\n    \"ret_msg\": \"ipsum occaecat esse\",\n    \"ret_data\": {\n      \"DESC\": \"incididunt\",\n      \"BIZ_SEQ_NO\": \"202408091212\",\n      \"MER_BIZ_NO\": \"202408091212\",\n      \"VA_ACCT_NO\": \"202408091212\",\n      \"RECON_DATE\": \"202409081234\",\n      \"CODE\": \"202408091212\",\n      \"TOT_AMOUNT\": \"202408091212\",\n      \"TXN_ID\": \"202408091212\"\n    }\n  },\n  statusCode: 200\n}).as(\"repay\");\ncy.intercept(\"POST\", /^http:\\/\\/apidesign\\.weoa\\.com\\/apidesign-core\\/mock\\/5049\\/core\\/trans\\/query\\/repay_result/, {\n  body: {\n    \"ret_code\": \"0000\",\n    \"ret_msg\": \"Lorem occaecat nisi exercitation\",\n    \"ret_data\": {\n      \"CODE\": \"ut velit\",\n      \"DESC\": \"officia\",\n      \"REPAY_STATUS\": \"S\",\n      \"REPAY_DESC\": \"in\",\n      \"MERCHANT_ID\": \"ex adipisicing do incididunt velit\",\n      \"MER_BIZ_NO\": \"nisi in qui\",\n      \"TXN_CODE\": \"we22323243432432432342\",\n      \"TOT_AMOUNT\": \"4444\",\n      \"LOAN_LIST\": [{\n        \"LOAN_PRIN\": \"nisi in\",\n        \"LOAN_INTEREST\": \"in dolore ad eu\",\n        \"LOAN_PENALTY\": \"aliqua ipsum\",\n        \"LOAN_AMT\": \"deserunt culpa\",\n        \"REF_NBR\": \"ut sint ea\"\n      }, {\n        \"LOAN_PRIN\": \"quis\",\n        \"LOAN_INTEREST\": \"pariatur dolor reprehenderit nostrud culpa\",\n        \"LOAN_PENALTY\": \"irure elit et\",\n        \"LOAN_AMT\": \"sit occaecat deserunt culpa\",\n        \"REF_NBR\": \"cillum elit ex\"\n      }],\n      \"REPAY_TIME\": \"202409261212\"\n    }\n  },\n  statusCode: 200\n}).as(\"repayResult\");\ncy.intercept(\"POST\", /^http:\\/\\/apidesign\\.weoa\\.com\\/apidesign-core\\/mock\\/5049\\/core\\/trans\\/query\\/transaction_detail/, {\n  body: {\n    \"ret_data\": {\n      \"UPFRONT_ADMIN_FEE\": \"exercitation\",\n      \"COUNTER_ACCT\": \"fugiat amet\",\n      \"COUNTER_BRNAME\": \"elit anim dolore deserunt\",\n      \"CURR_TOTAL_TERM\": \"ea aute nostrud culpa\",\n      \"ORIG_TOTAL_TERM\": \"3\",\n      \"LOAN_REAL_AMT\": \"proident Ut dolore elit\",\n      \"SCHEDULE_LIST\": [{\n        \"TERM\": \"10\",\n        \"LOAN_TERM_AMT\": \"5000\",\n        \"PAID_OUT_DATE\": \"20220924\",\n        \"SCHEDULE_ACTION\": \"L\",\n        \"PMT_DUE_DATE\": \"20221012\",\n        \"IS_PAID\": \"Y\"\n      }, {\n        \"TERM\": \"1\",\n        \"LOAN_TERM_AMT\": \"5000\",\n        \"PAID_OUT_DATE\": \"20220924\",\n        \"SCHEDULE_ACTION\": \"L\",\n        \"PMT_DUE_DATE\": \"20221012\",\n        \"IS_PAID\": \"N\"\n      }, {\n        \"TERM\": \"12\",\n        \"LOAN_TERM_AMT\": \"5000\",\n        \"PAID_OUT_DATE\": \"20220924\",\n        \"SCHEDULE_ACTION\": \"L\",\n        \"PMT_DUE_DATE\": \"20221012\",\n        \"IS_PAID\": \"N\"\n      }, {\n        \"TERM\": \"7\",\n        \"LOAN_TERM_AMT\": \"5000\",\n        \"PAID_OUT_DATE\": \"20220924\",\n        \"SCHEDULE_ACTION\": \"L\",\n        \"PMT_DUE_DATE\": \"20221012\",\n        \"IS_PAID\": \"N\"\n      }, {\n        \"TERM\": \"5\",\n        \"LOAN_TERM_AMT\": \"5000\",\n        \"PAID_OUT_DATE\": \"20220924\",\n        \"SCHEDULE_ACTION\": \"L\",\n        \"PMT_DUE_DATE\": \"20221012\",\n        \"IS_PAID\": \"Y\"\n      }, {\n        \"TERM\": \"10\",\n        \"LOAN_TERM_AMT\": \"5000\",\n        \"PAID_OUT_DATE\": \"20220924\",\n        \"SCHEDULE_ACTION\": \"L\",\n        \"PMT_DUE_DATE\": \"20221012\",\n        \"IS_PAID\": \"N\"\n      }, {\n        \"TERM\": \"3\",\n        \"LOAN_TERM_AMT\": \"5000\",\n        \"PAID_OUT_DATE\": \"20220924\",\n        \"SCHEDULE_ACTION\": \"L\",\n        \"PMT_DUE_DATE\": \"20221012\",\n        \"IS_PAID\": \"Y\"\n      }, {\n        \"TERM\": \"2\",\n        \"LOAN_TERM_AMT\": \"5000\",\n        \"PAID_OUT_DATE\": \"20220924\",\n        \"SCHEDULE_ACTION\": \"L\",\n        \"PMT_DUE_DATE\": \"20221012\",\n        \"IS_PAID\": \"Y\"\n      }, {\n        \"TERM\": \"9\",\n        \"LOAN_TERM_AMT\": \"5000\",\n        \"PAID_OUT_DATE\": \"20220924\",\n        \"SCHEDULE_ACTION\": \"L\",\n        \"PMT_DUE_DATE\": \"20221012\",\n        \"IS_PAID\": \"Y\"\n      }, {\n        \"TERM\": \"9\",\n        \"LOAN_TERM_AMT\": \"5000\",\n        \"PAID_OUT_DATE\": \"20220924\",\n        \"SCHEDULE_ACTION\": \"L\",\n        \"PMT_DUE_DATE\": \"20221012\",\n        \"IS_PAID\": \"Y\"\n      }, {\n        \"TERM\": \"7\",\n        \"LOAN_TERM_AMT\": \"5000\",\n        \"PAID_OUT_DATE\": \"20220924\",\n        \"SCHEDULE_ACTION\": \"L\",\n        \"PMT_DUE_DATE\": \"20221012\",\n        \"IS_PAID\": \"N\"\n      }, {\n        \"TERM\": \"1\",\n        \"LOAN_TERM_AMT\": \"5000\",\n        \"PAID_OUT_DATE\": \"20220924\",\n        \"SCHEDULE_ACTION\": \"L\",\n        \"PMT_DUE_DATE\": \"20221012\",\n        \"IS_PAID\": \"Y\"\n      }],\n      \"REPAY_BANK_CODE\": \"Duis dolor est\",\n      \"REGISTER_DATE\": \"veniam elit incididunt magna\",\n      \"ORIG_TRANSACTION_TYPE\": \"id dolore Ut\",\n      \"BUSINESS_DATE\": \"elit in deserunt\",\n      \"REFUND_LIST\": [],\n      \"ORIG_LOAN_TOTAL_FEE\": 100000,\n      \"MONTH_INST_HANDLE_FEE_RATE\": 0.03,\n      \"ORIG_LOAN_TOTAL_INST_HANDLE_FEE\": 450000,\n      \"FEE_RATE\": 0.02,\n      \"LOAN_TOTAL_INST_HANDLE_FEE\": -76556200.69432461,\n      \"TRANSACTION_TIME\": \"202409261222\",\n      \"TRANSACTION_NO\": \"20240927123323232\",\n      \"REFUND_TIME\": \"20240717174036\",\n      \"TRANSACTION_AMT\": 5000000,\n      \"ORDER_NO\": \"fugiat\",\n      \"REPAY_OPTION\": \"irure veniam reprehenderit cillum\",\n      \"TRANSACTION_STATUS\": \"S\",\n      \"REPAY_BANK_NAME\": \"ut irure laboris\",\n      \"REFUND_STATUS\": \"dolor mollit\",\n      \"APP_TYPE\": \"sunt non velit cillum\",\n      \"APP_ACCT_NO\": \"676754532343454\",\n      \"MERCHANT_NAME\": \"eu minim\",\n      \"REFUND_AMT\": -20137586.892074972,\n      \"MERCHANDISE_NAME\": \"voluptate\",\n      \"PRODUCT_CD\": \"4343243342\"\n    },\n    \"ret_code\": \"00000\",\n    \"ret_msg\": \"dolor in non\"\n  },\n  statusCode: 200\n}).as(\"transactionDetail\");\ncy.visit(\"http://localhost:3000/#/pay-later/home\");\ncy.wait(\"@preCheck\");\ncy.wait(\"@personalCenter\");\ncy.wait(\"@emailVerify\");\ncy.wait(\"@coupon\");\ncy.wait(\"@ddtpWhitelist\");\ncy.get('.shepherd-footer button').eq('0').click();\ncy.get('.shepherd-footer button').eq('1').click();\ncy.removeLoadingAndScreenshot(\"home\", {\n  capture: 'viewport'\n});\ncy.get(':nth-child(3) > .we-cell-body').click();\ncy.url().should(\"include\", \"/pay-later/bill/over-dues\");\ncy.wait('@bill');\ncy.removeLoadingAndScreenshot(\"Bill list\", {\n  capture: 'viewport'\n});\ncy.get('.page-content > :nth-child(3)').click();\ncy.wait('@bill');\ncy.get('a').click();\ncy.get('.left > .we-icon').click();\ncy.get('.we-button-body').click();\ncy.removeLoadingAndScreenshot(\"Bill Detail\", {\n  capture: 'viewport'\n});\ncy.get('.we-nav-bar-back-button').click();\ncy.wait('@bill');\ncy.get('.we-button-body').click();\ncy.wait('@repayInfo');\ncy.wait('@mpcBalance');\ncy.get('.we-button-body').contains('Repay').click();\ncy.get(\".key\").contains(\"2\").click();\ncy.get(\".key\").contains(\"5\").click();\ncy.get(\".key\").contains(\"2\").click();\ncy.removeLoadingAndScreenshot(\"pin repay\");\ncy.get(\".key\").contains(\"2\").click();\ncy.get(\".key\").contains(\"2\").click();\ncy.get(\".key\").contains(\"2\").click();\ncy.wait(\"@randomFactor\");\ncy.wait(\"@validate\");\ncy.wait(\"@repay\");\ncy.wait(\"@repayResult\");\ncy.removeLoadingAndScreenshot(\"repay_result\");\ncy.get('.btn-secondary > .we-button-body').click();\ncy.wait('@transactionDetail');\ncy.removeLoadingAndScreenshot(\"transactionDetail\");",
              "err": {},
              "uuid": "d23e971a-292a-4463-a128-3e5cfc0d3323",
              "parentUUID": "57126b6a-9f30-4438-b4a5-d68a0855cd3e",
              "isHook": false,
              "skipped": false
            }
          ],
          "suites": [],
          "passes": [
            "d23e971a-292a-4463-a128-3e5cfc0d3323"
          ],
          "failures": [],
          "pending": [],
          "skipped": [],
          "duration": 14927,
          "root": false,
          "rootEmpty": false,
          "_timeout": 2000
        }
      ],
      "passes": [],
      "failures": [],
      "pending": [],
      "skipped": [],
      "duration": 0,
      "root": true,
      "rootEmpty": true,
      "_timeout": 2000
    }
  ],
  "meta": {
    "mocha": {
      "version": "7.0.1"
    },
    "mochawesome": {
      "options": {
        "quiet": false,
        "reportFilename": "mochawesome",
        "saveHtml": true,
        "saveJson": true,
        "consoleReporter": "spec",
        "useInlineDiffs": false,
        "code": true
      },
      "version": "7.1.3"
    },
    "marge": {
      "options": {
        "reportDir": "cypress/results/mochawesome-report",
        "overwrite": false,
        "html": true,
        "json": true,
        "charts": true,
        "embeddedScreenshots": true,
        "inlineAssets": true
      },
      "version": "6.2.0"
    }
  }
}