{
  "stats": {
    "suites": 1,
    "tests": 1,
    "passes": 1,
    "pending": 0,
    "failures": 0,
    "start": "2024-11-26T06:25:36.528Z",
    "end": "2024-11-26T06:26:12.110Z",
    "duration": 35582,
    "testsRegistered": 1,
    "passPercent": 100,
    "pendingPercent": 0,
    "other": 0,
    "hasOther": false,
    "skipped": 0,
    "hasSkipped": false
  },
  "results": [
    {
      "uuid": "c6baa003-2eb5-42ff-9ba2-80be353ea71d",
      "title": "",
      "fullFile": "cypress\\e2e\\开户测试_1.cy.js",
      "file": "cypress\\e2e\\开户测试_1.cy.js",
      "beforeHooks": [],
      "afterHooks": [],
      "tests": [],
      "suites": [
        {
          "uuid": "38f90125-a736-406d-b0f2-13f743de484c",
          "title": "template spec",
          "fullFile": "",
          "file": "",
          "beforeHooks": [],
          "afterHooks": [],
          "tests": [
            {
              "title": "开户开户 ------",
              "fullTitle": "template spec 开户开户 ------",
              "timedOut": null,
              "duration": 32262,
              "state": "passed",
              "speed": "slow",
              "pass": true,
              "fail": false,
              "pending": false,
              "context": null,
              "code": "cy.intercept(\"POST\", /^http:\\/\\/apidesign\\.weoa\\.com\\/apidesign-core\\/mock\\/5049\\/ams\\/common\\/get\\/page/, {\n  body: {\n    \"ret_code\": \"80000000\",\n    \"ret_msg\": \"cillum tempor mollit eiusmod Ut\",\n    \"biz_no\": \"anim\",\n    \"ret_data\": {\n      \"tncRequired\": true,\n      \"riskCode\": \"Y001\",\n      \"mbrLevelName\": \"PREMIUM\",\n      \"point\": \"50000\",\n      \"customerExtInfo\": {\n        \"EMERGENCY_FULL_NAME\": \"Lorem pariatur\",\n        \"OPEN_ACCOUNT_PURPOSE\": \"elit\",\n        \"CITY\": \"ex ipsum reprehenderit minim do\",\n        \"RW\": \"343\",\n        \"SUB_DISTRICT\": \"dolore ut elit exercitation laborum\",\n        \"COMPANY_POSTAL_CODE\": \"12790\",\n        \"POSITION\": \"minim esse dolor sunt eu\",\n        \"COMPANY_NAME\": \"occaecat\",\n        \"INSTUSTRY_OF_PROFESSION\": \"nostrud ipsum deserunt incididunt ut\",\n        \"POSTAL_CODE\": \"12790\",\n        \"PROFESSION\": \"pariatur\",\n        \"DISTRICT\": \"velit\",\n        \"COMPANY_CITY\": \"labore cillum in\",\n        \"RT\": \"321\",\n        \"CURRENT_ADDRESS\": \"elit nulla Duis\",\n        \"SOURCE_OF_FUND\": \"Excepteur occaecat\",\n        \"COMPANY_ADDRESS\": \"qui consectetur occaecat Excepteur in\",\n        \"COMPANY_PHONE\": \"21556478\",\n        \"PROVINCE\": \"irure et do ad amet\",\n        \"EMERGENCY_MOBILE_NUMBER\": \"8786143526\"\n      },\n      \"appNo\": \"3244354353333\",\n      \"customerId\": \"incididunt elit ullamco anim\",\n      \"csrfToken\": \"451BD862887BE1238C2506D3B98AAD2EB2606EE7420D41FAB76FD44011678784\",\n      \"typeCode\": \"dolor\",\n      \"openAcctCaseNo\": \"432432432435\",\n      \"mpcStatus\": \"10\",\n      \"balanceAmt\": 500000,\n      \"withoutUaAndMpc\": true,\n      \"passwordStatus\": \"1\",\n      \"email\": \"homiexie@webank.com\",\n      \"mpcUid\": \"quis magna sit aliqua\",\n      \"mbrLevelId\": \"3\",\n      \"whiteList\": \"Y\",\n      \"payLaterStatus\": \"T022\",\n      \"mpcLevel\": \"03\",\n      \"preCreditLimit\": 0,\n      \"emailStatus\": \"Y\",\n      \"phone\": \"8786143526\",\n      \"name\": \"dfds\",\n      \"accumEnd\": \"5000\",\n      \"otpRequired\": true\n    }\n  },\n  statusCode: 200\n}).as(\"getPage\");\ncy.intercept(\"POST\", /^http:\\/\\/apidesign\\.weoa\\.com\\/apidesign-core\\/mock\\/5049\\/ams\\/account\\/pre_check/, {\n  body: {\n    \"ret_code\": \"80000000\",\n    \"ret_msg\": \"cillum tempor mollit eiusmod Ut\",\n    \"biz_no\": \"anim\",\n    \"ret_data\": {\n      \"tncRequired\": true,\n      \"riskCode\": \"Y001\",\n      \"mbrLevelName\": \"PREMIUM\",\n      \"point\": \"50000\",\n      \"customerExtInfo\": {\n        \"EMERGENCY_FULL_NAME\": \"Lorem pariatur\",\n        \"OPEN_ACCOUNT_PURPOSE\": \"elit\",\n        \"CITY\": \"ex ipsum reprehenderit minim do\",\n        \"RW\": \"343\",\n        \"SUB_DISTRICT\": \"dolore ut elit exercitation laborum\",\n        \"COMPANY_POSTAL_CODE\": \"12790\",\n        \"POSITION\": \"minim esse dolor sunt eu\",\n        \"COMPANY_NAME\": \"occaecat\",\n        \"INSTUSTRY_OF_PROFESSION\": \"nostrud ipsum deserunt incididunt ut\",\n        \"POSTAL_CODE\": \"12790\",\n        \"PROFESSION\": \"pariatur\",\n        \"DISTRICT\": \"velit\",\n        \"COMPANY_CITY\": \"labore cillum in\",\n        \"RT\": \"321\",\n        \"CURRENT_ADDRESS\": \"elit nulla Duis\",\n        \"SOURCE_OF_FUND\": \"Excepteur occaecat\",\n        \"COMPANY_ADDRESS\": \"qui consectetur occaecat Excepteur in\",\n        \"COMPANY_PHONE\": \"21556478\",\n        \"PROVINCE\": \"irure et do ad amet\",\n        \"EMERGENCY_MOBILE_NUMBER\": \"8786143526\"\n      },\n      \"appNo\": \"3244354353333\",\n      \"customerId\": \"incididunt elit ullamco anim\",\n      \"csrfToken\": \"451BD862887BE1238C2506D3B98AAD2EB2606EE7420D41FAB76FD44011678784\",\n      \"typeCode\": \"dolor\",\n      \"openAcctCaseNo\": \"432432432435\",\n      \"mpcStatus\": \"10\",\n      \"balanceAmt\": 500000,\n      \"withoutUaAndMpc\": true,\n      \"passwordStatus\": \"1\",\n      \"email\": \"homiexie@webank.com\",\n      \"mpcUid\": \"quis magna sit aliqua\",\n      \"mbrLevelId\": \"3\",\n      \"whiteList\": \"Y\",\n      \"payLaterStatus\": \"T022\",\n      \"mpcLevel\": \"03\",\n      \"preCreditLimit\": 0,\n      \"emailStatus\": \"Y\",\n      \"phone\": \"8786143526\",\n      \"name\": \"dfds\",\n      \"accumEnd\": \"5000\",\n      \"otpRequired\": true\n    }\n  },\n  statusCode: 200\n}).as(\"preCheck\");\ncy.intercept(\"POST\", /^http:\\/\\/apidesign\\.weoa\\.com\\/apidesign-core\\/mock\\/5049\\/ams\\/common\\/get\\/banner/, {\n  body: {\n    \"ret_code\": \"0000\",\n    \"ret_message\": \"do elit sed\",\n    \"ret_data\": {\n      \"bannerInfos\": [{\n        \"imageLink\": \"\",\n        \"type\": \"0\",\n        \"imageSrc\": \"http://webank-ui.oa.com/example/img/sample_3.7da801f.jpg\",\n        \"id\": \"1\",\n        \"sort\": \"0\"\n      }, {\n        \"imageLink\": \"\",\n        \"type\": \"0\",\n        \"imageSrc\": \"http://webank-ui.weoa.com/example/img/sample_2.c0f43b2.jpg\",\n        \"id\": \"2\",\n        \"sort\": \"1\"\n      }]\n    }\n  },\n  statusCode: 200\n}).as(\"getBanner\");\ncy.intercept(\"POST\", /^http:\\/\\/apidesign\\.weoa\\.com\\/apidesign-core\\/mock\\/5049\\/ams\\/account\\/query\\/cdn_tpl_url/, {\n  body: {\n    \"ret_code\": \"0000\",\n    \"ret_msg\": \"ex cillum ut enim\",\n    \"ret_data\": {\n      \"TENANT_ID\": \"in\",\n      \"DOC_TPL_RESP_LIST\": [{\n        \"DOC_TPL_CODE\": \"voluptate officia nisi fugiat ipsum\",\n        \"QUERY_TYPE\": \"incididunt aute ipsum anim cupidatat\",\n        \"DOC_TPL_VERSION\": \"ipsum irure adipisicing\",\n        \"CDN_INFO\": {\n          \"CDN_TPL_MD5\": \"incididunt mollit dolore\",\n          \"DOC_TPL_CODE\": \"sed sint deserunt sit elit\",\n          \"CDN_TPL_DESC\": \"consequat do dolore\",\n          \"CDN_TPL_VERSION\": \"elit nulla Lorem\",\n          \"CDN_TPL_NAME\": \"occaecat minim sed esse\",\n          \"DOC_TPL_VERSION\": \"Excepteur nulla nisi enim\",\n          \"CDN_TPL_URL\": \"https://arlenzheng-1259099819.cos.ap-guangzhou.myqcloud.com/payLaterApplyTnc-V1.0.html\"\n        },\n        \"SEQ_NO\": \"aliquip enim et Lorem\"\n      }]\n    }\n  },\n  statusCode: 200\n}).as(\"cdn\");\ncy.intercept(\"POST\", /^http:\\/\\/apidesign\\.weoa\\.com\\/apidesign-core\\/mock\\/5049\\/ams\\/account\\/report\\/events/, {\n  body: {\n    \"ret_code\": \"0000\",\n    \"ret_message\": \"non\",\n    \"ret_data\": {\n      \"commonPages\": [{\n        \"id\": \"quis\",\n        \"type\": \"retention\",\n        \"imageSrc\": \"https://arlenzheng-1259099819.cos.ap-guangzhou.myqcloud.com/retention-EN.svg\",\n        \"language\": \"EN\"\n      }],\n      \"creditLimitSwitch\": [\"INCREASE_ENTRANCE_SWITCH\", \"FLEXIBLE_LIMIT_SWITCH\", \"REPAYMENT_INCREASE_SWITCH\"],\n      \"referralCodeSwitch\": \"Y\"\n    }\n  },\n  statusCode: 200\n}).as(\"events\");\ncy.intercept(\"POST\", /^http:\\/\\/apidesign\\.weoa\\.com\\/apidesign-core\\/mock\\/5049\\/ams\\/account\\/save\\/protocol/, {\n  body: {\n    \"ret_code\": \"0000\",\n    \"ret_msg\": \"ex cillum ut enim\",\n    \"ret_data\": {\n      \"TENANT_ID\": \"in\",\n      \"DOC_TPL_RESP_LIST\": [{\n        \"DOC_TPL_CODE\": \"voluptate officia nisi fugiat ipsum\",\n        \"QUERY_TYPE\": \"incididunt aute ipsum anim cupidatat\",\n        \"DOC_TPL_VERSION\": \"ipsum irure adipisicing\",\n        \"CDN_INFO\": {\n          \"CDN_TPL_MD5\": \"incididunt mollit dolore\",\n          \"DOC_TPL_CODE\": \"sed sint deserunt sit elit\",\n          \"CDN_TPL_DESC\": \"consequat do dolore\",\n          \"CDN_TPL_VERSION\": \"elit nulla Lorem\",\n          \"CDN_TPL_NAME\": \"occaecat minim sed esse\",\n          \"DOC_TPL_VERSION\": \"Excepteur nulla nisi enim\",\n          \"CDN_TPL_URL\": \"https://arlenzheng-1259099819.cos.ap-guangzhou.myqcloud.com/payLaterApplyTnc-V1.0.html\"\n        },\n        \"SEQ_NO\": \"aliquip enim et Lorem\"\n      }]\n    }\n  },\n  statusCode: 200\n}).as(\"protocol\");\ncy.intercept(\"POST\", /^http:\\/\\/apidesign\\.weoa\\.com\\/apidesign-core\\/mock\\/5049\\/ams\\/account\\/check_whitelist/, {\n  body: {\n    \"ret_code\": \"0000\",\n    \"ret_msg\": \"anim tempor\",\n    \"biz_no\": \"mollit cillum dolor sunt qui\",\n    \"ret_data\": {\n      \"whitelistFlag\": \"Y\"\n    }\n  },\n  statusCode: 200\n}).as(\"checkWhitelist\");\ncy.intercept(\"GET\", /^http:\\/\\/apidesign\\.weoa\\.com\\/apidesign-core\\/mock\\/5049\\/ams\\/password\\/get\\/random_factor/, {\n  body: {\n    \"ret_code\": \"0000\",\n    \"ret_msg\": \"amet do irure\",\n    \"ret_data\": {\n      \"factor\": \"pariatur proident ex\",\n      \"encryptType\": \"amet nostrud aliqua voluptate et\"\n    }\n  },\n  statusCode: 200\n}).as(\"randomFactor\");\ncy.intercept(\"POST\", /^http:\\/\\/apidesign\\.weoa\\.com\\/apidesign-core\\/mock\\/5049\\/ams\\/password\\/validate/, {\n  body: {\n    \"ret_code\": \"0000\",\n    \"ret_msg\": \"Excepteur aliquip dolore id nostrud\",\n    \"ret_data\": {\n      \"dayErrorCount\": 9171391,\n      \"officia_91\": -36266787.82802899\n    }\n  },\n  statusCode: 200\n}).as(\"validate\");\ncy.intercept(\"POST\", /^http:\\/\\/apidesign\\.weoa\\.com\\/apidesign-core\\/mock\\/5049\\/ams\\/account\\/check\\/flow/, {\n  body: {\n    \"ret_code\": \"80430000\",\n    \"ret_msg\": \"Successful\",\n    \"ret_data\": {\n      \"nextAction\": \"FACE_SCANNING\",\n      \"flowContext\": {\n        \"ocrOrg\": \"ex laborum\",\n        \"isRealNameFaceScanning\": \"ut cupidatat fugiat do enim\"\n      },\n      \"flowId\": \"21012203A08147100000000000004046\",\n      \"status\": \"0002\"\n    }\n  },\n  statusCode: 200\n}).as(\"flow\");\ncy.intercept(\"POST\", /^http:\\/\\/apidesign\\.weoa\\.com\\/apidesign-core\\/mock\\/5049\\/ams\\/account\\/get\\/faceid/, {\n  body: {\n    \"ret_code\": \"0000\",\n    \"ret_msg\": \"aute ad\",\n    \"ret_data\": {\n      \"faceId\": \"et sint aute ipsum\",\n      \"ticket\": \"labore ad nisi cillum\",\n      \"faceOrg\": \"nulla officia cillum fugiat\"\n    }\n  },\n  statusCode: 200\n}).as(\"faceid\");\ncy.intercept(\"POST\", /^http:\\/\\/apidesign\\.weoa\\.com\\/apidesign-core\\/mock\\/5049\\/ams\\/account\\/submit\\/flow/, {\n  body: {\n    \"ret_code\": \"80430000\",\n    \"ret_msg\": \"Successful\",\n    \"ret_data\": {\n      \"nextAction\": \"FACE_SCANNING\",\n      \"status\": \"0003\",\n      \"flowContext\": {\n        \"isRealNameFaceScanning\": \"enim\"\n      },\n      \"idNo\": \"eiusmod pariatur irure non nisi\"\n    },\n    \"biz_no\": \"5788265301788356\"\n  },\n  statusCode: 200\n}).as(\"submitFlow\");\ncy.intercept(\"POST\", /^http:\\/\\/apidesign\\.weoa\\.com\\/apidesign-core\\/mock\\/5049\\/ams\\/account\\/query\\/flow/, {\n  body: {\n    \"ret_code\": \"0000\",\n    \"ret_msg\": \"errrr\",\n    \"ret_data\": {\n      \"bizServiceId\": \"incididunt\",\n      \"nextAction\": \"FACE_SCANNING\",\n      \"flowContext\": {\n        \"ocrSeqNo\": \"anim Duis in enim\",\n        \"otpSeqNo\": \"cupidatat id sed\",\n        \"vbSeqNo\": \"incididunt amet\",\n        \"faceSeqNo\": \"consequat quis\",\n        \"pinSeqNo\": \"veniam in deserunt laboris nisi\",\n        \"canOpenPrimeAcct\": \"amet anim exercitation qui eu\",\n        \"ocrOrg\": \"nostrud eu officia ipsum aute\",\n        \"isRealNameFaceScanning\": \"dolore id ex magna\"\n      },\n      \"status\": \"0000\"\n    }\n  },\n  statusCode: 200\n}).as(\"queryFlow\");\n// 拦截 GET 请求到 /ams/account/query/flow\ncy.intercept(\"POST\", /^http:\\/\\/apidesign\\.weoa\\.com\\/apidesign-core\\/mock\\/5049\\/ams\\/account\\/query\\/flow/, {\n  body: {\n    ret_code: \"0000\",\n    ret_msg: \"errrr\",\n    ret_data: {\n      bizServiceId: \"incididunt\",\n      nextAction: \"FACE_SCANNING\",\n      flowContext: {\n        ocrSeqNo: \"anim Duis in enim\",\n        otpSeqNo: \"cupidatat id sed\",\n        vbSeqNo: \"incididunt amet\",\n        faceSeqNo: \"consequat quis\",\n        pinSeqNo: \"veniam in deserunt laboris nisi\",\n        canOpenPrimeAcct: \"Y\",\n        ocrOrg: \"nostrud eu officia ipsum aute\",\n        isRealNameFaceScanning: \"dolore id ex magna\"\n      },\n      status: \"0000\"\n    }\n  },\n  statusCode: 200\n}).as(\"getAccount\");\n// 拦截 GET 请求到 /ams/account/query/flow\ncy.intercept(\"POST\", /^http:\\/\\/apidesign\\.weoa\\.com\\/apidesign-core\\/mock\\/5049\\/ams\\/account\\/save\\/ext_info/, {\n  body: {\n    \"ret_code\": \"0000\",\n    \"ret_msg\": \"aliqua\"\n  },\n  statusCode: 200\n}).as(\"extInfo\");\ncy.intercept(\"GET\", /^http:\\/\\/apidesign\\.weoa\\.com\\/apidesign-core\\/mock\\/5049\\/ams\\/account\\/vb\\/pre_check/, {\n  body: {\n    \"ret_code\": \"0000\",\n    \"ret_msg\": \"sunt esse\",\n    \"ret_data\": {\n      \"count\": 2,\n      \"sit1__\": \"ex cupidatat\"\n    }\n  },\n  statusCode: 200\n}).as(\"vbCheck\");\ncy.intercept(\"POST\", /^http:\\/\\/apidesign\\.weoa\\.com\\/apidesign-core\\/mock\\/5049\\/ams\\/account\\/submit\\/antifraud/, {\n  body: {\n    \"ret_code\": \"0000\",\n    \"ret_msg\": \"quis fugiat qui sed sit\",\n    \"ret_data\": {\n      \"actionType\": \"1\",\n      \"controlPeriod\": \"aute eiusmod\"\n    }\n  },\n  statusCode: 200\n}).as(\"antifraud\");\ncy.intercept(\"POST\", /^http:\\/\\/apidesign\\.weoa\\.com\\/apidesign-core\\/mock\\/5049\\/ams\\/account\\/apply\\/credit/, {\n  body: {\n    \"ret_code\": \"85840000\",\n    \"ret_msg\": \"fadsfads\",\n    \"ret_data\": {\n      \"OPEN_ACCT_CASE_NO\": \"34432143543541\",\n      \"APP_NO\": \"34324354242\"\n    }\n  },\n  statusCode: 200\n}).as(\"credit\");\ncy.intercept(\"POST\", /^http:\\/\\/apidesign\\.weoa\\.com\\/apidesign-core\\/mock\\/5049\\/ams\\/account\\/query\\/apply_result/, {\n  body: {\n    \"ret_code\": \"85840000\",\n    \"ret_msg\": \"fdfd\",\n    \"ret_data\": {\n      \"STATUS\": \"1016\",\n      \"RISK_CODE\": \"deserunt enim ut in magna\",\n      \"CREDIT_LIMIT\": 323\n    }\n  },\n  statusCode: 200\n}).as(\"result\");\ncy.intercept(\"POST\", /^http:\\/\\/apidesign\\.weoa\\.com\\/apidesign-core\\/mock\\/5049\\/core\\/account\\/query\\/personal_center/, {\n  body: {\n    \"ret_code\": \"80000000\",\n    \"ret_msg\": \"eiusmod sed nulla in\",\n    \"ret_data\": {\n      \"STMT_DATE\": \"20220827\",\n      \"BILL_BAL_AMT\": 50000,\n      \"BILL_AMT\": 150000,\n      \"ACCT_STMT_STATUS\": \"W\",\n      \"OVERDUE_DAYS\": \"0\",\n      \"PMT_DUE_DATE\": \"20220827\",\n      \"CREDIT_LIMIT\": \"50000000\",\n      \"UN_BILL_AMT\": \"50000\",\n      \"BUSINESS_DATE\": \"20220812\",\n      \"DEPOSIT_BAL\": 0,\n      \"OVERDUE_TIMES\": 2,\n      \"CASH_OTB\": \"50000000\",\n      \"AVAILABLE_OTB\": \"50000000\",\n      \"LOAN_PLANS\": [{\n        \"TERMS\": [{\n          \"TERM\": 6,\n          \"INT_RATE\": 12,\n          \"PENALTY_RATE\": 0.5,\n          \"UPFRONT_ADMIN_FEE_RATE\": 0.5,\n          \"MONTH_FEE_RATE\": 1\n        }, {\n          \"TERM\": 6,\n          \"INT_RATE\": 12,\n          \"PENALTY_RATE\": 0.5,\n          \"UPFRONT_ADMIN_FEE_RATE\": 0.5,\n          \"MONTH_FEE_RATE\": 1\n        }, {\n          \"TERM\": 6,\n          \"INT_RATE\": 12,\n          \"PENALTY_RATE\": 0.5,\n          \"UPFRONT_ADMIN_FEE_RATE\": 0.5,\n          \"MONTH_FEE_RATE\": 1\n        }, {\n          \"TERM\": 6,\n          \"INT_RATE\": 12,\n          \"PENALTY_RATE\": 0.5,\n          \"UPFRONT_ADMIN_FEE_RATE\": 0.5,\n          \"MONTH_FEE_RATE\": 1\n        }, {\n          \"TERM\": 6,\n          \"INT_RATE\": 12,\n          \"PENALTY_RATE\": 0.5,\n          \"UPFRONT_ADMIN_FEE_RATE\": 0.5,\n          \"MONTH_FEE_RATE\": 1\n        }, {\n          \"TERM\": 6,\n          \"INT_RATE\": 12,\n          \"PENALTY_RATE\": 0.5,\n          \"UPFRONT_ADMIN_FEE_RATE\": 0.5,\n          \"MONTH_FEE_RATE\": 1\n        }],\n        \"LOAN_CODE\": \"9022\",\n        \"MIN_LOAN_INIT_PRIN\": 50000\n      }, {\n        \"TERMS\": [{\n          \"TERM\": 6,\n          \"INT_RATE\": 12,\n          \"PENALTY_RATE\": 0.5,\n          \"UPFRONT_ADMIN_FEE_RATE\": 0.5,\n          \"MONTH_FEE_RATE\": 1\n        }, {\n          \"TERM\": 6,\n          \"INT_RATE\": 12,\n          \"PENALTY_RATE\": 0.5,\n          \"UPFRONT_ADMIN_FEE_RATE\": 0.5,\n          \"MONTH_FEE_RATE\": 1\n        }, {\n          \"TERM\": 6,\n          \"INT_RATE\": 12,\n          \"PENALTY_RATE\": 0.5,\n          \"UPFRONT_ADMIN_FEE_RATE\": 0.5,\n          \"MONTH_FEE_RATE\": 1\n        }, {\n          \"TERM\": 6,\n          \"INT_RATE\": 12,\n          \"PENALTY_RATE\": 0.5,\n          \"UPFRONT_ADMIN_FEE_RATE\": 0.5,\n          \"MONTH_FEE_RATE\": 1\n        }, {\n          \"TERM\": 6,\n          \"INT_RATE\": 12,\n          \"PENALTY_RATE\": 0.5,\n          \"UPFRONT_ADMIN_FEE_RATE\": 0.5,\n          \"MONTH_FEE_RATE\": 1\n        }, {\n          \"TERM\": 6,\n          \"INT_RATE\": 12,\n          \"PENALTY_RATE\": 0.5,\n          \"UPFRONT_ADMIN_FEE_RATE\": 0.5,\n          \"MONTH_FEE_RATE\": 1\n        }],\n        \"LOAN_CODE\": \"9022\",\n        \"MIN_LOAN_INIT_PRIN\": 50000\n      }, {\n        \"TERMS\": [{\n          \"TERM\": 6,\n          \"INT_RATE\": 12,\n          \"PENALTY_RATE\": 0.5,\n          \"UPFRONT_ADMIN_FEE_RATE\": 0.5,\n          \"MONTH_FEE_RATE\": 1\n        }, {\n          \"TERM\": 6,\n          \"INT_RATE\": 12,\n          \"PENALTY_RATE\": 0.5,\n          \"UPFRONT_ADMIN_FEE_RATE\": 0.5,\n          \"MONTH_FEE_RATE\": 1\n        }, {\n          \"TERM\": 6,\n          \"INT_RATE\": 12,\n          \"PENALTY_RATE\": 0.5,\n          \"UPFRONT_ADMIN_FEE_RATE\": 0.5,\n          \"MONTH_FEE_RATE\": 1\n        }, {\n          \"TERM\": 6,\n          \"INT_RATE\": 12,\n          \"PENALTY_RATE\": 0.5,\n          \"UPFRONT_ADMIN_FEE_RATE\": 0.5,\n          \"MONTH_FEE_RATE\": 1\n        }, {\n          \"TERM\": 6,\n          \"INT_RATE\": 12,\n          \"PENALTY_RATE\": 0.5,\n          \"UPFRONT_ADMIN_FEE_RATE\": 0.5,\n          \"MONTH_FEE_RATE\": 1\n        }, {\n          \"TERM\": 6,\n          \"INT_RATE\": 12,\n          \"PENALTY_RATE\": 0.5,\n          \"UPFRONT_ADMIN_FEE_RATE\": 0.5,\n          \"MONTH_FEE_RATE\": 1\n        }],\n        \"LOAN_CODE\": \"9022\",\n        \"MIN_LOAN_INIT_PRIN\": 50000\n      }, {\n        \"TERMS\": [{\n          \"TERM\": 6,\n          \"INT_RATE\": 12,\n          \"PENALTY_RATE\": 0.5,\n          \"UPFRONT_ADMIN_FEE_RATE\": 0.5,\n          \"MONTH_FEE_RATE\": 1\n        }, {\n          \"TERM\": 6,\n          \"INT_RATE\": 12,\n          \"PENALTY_RATE\": 0.5,\n          \"UPFRONT_ADMIN_FEE_RATE\": 0.5,\n          \"MONTH_FEE_RATE\": 1\n        }, {\n          \"TERM\": 6,\n          \"INT_RATE\": 12,\n          \"PENALTY_RATE\": 0.5,\n          \"UPFRONT_ADMIN_FEE_RATE\": 0.5,\n          \"MONTH_FEE_RATE\": 1\n        }, {\n          \"TERM\": 6,\n          \"INT_RATE\": 12,\n          \"PENALTY_RATE\": 0.5,\n          \"UPFRONT_ADMIN_FEE_RATE\": 0.5,\n          \"MONTH_FEE_RATE\": 1\n        }, {\n          \"TERM\": 6,\n          \"INT_RATE\": 12,\n          \"PENALTY_RATE\": 0.5,\n          \"UPFRONT_ADMIN_FEE_RATE\": 0.5,\n          \"MONTH_FEE_RATE\": 1\n        }, {\n          \"TERM\": 6,\n          \"INT_RATE\": 12,\n          \"PENALTY_RATE\": 0.5,\n          \"UPFRONT_ADMIN_FEE_RATE\": 0.5,\n          \"MONTH_FEE_RATE\": 1\n        }],\n        \"LOAN_CODE\": \"9022\",\n        \"MIN_LOAN_INIT_PRIN\": 50000\n      }, {\n        \"TERMS\": [{\n          \"TERM\": 6,\n          \"INT_RATE\": 12,\n          \"PENALTY_RATE\": 0.5,\n          \"UPFRONT_ADMIN_FEE_RATE\": 0.5,\n          \"MONTH_FEE_RATE\": 1\n        }, {\n          \"TERM\": 6,\n          \"INT_RATE\": 12,\n          \"PENALTY_RATE\": 0.5,\n          \"UPFRONT_ADMIN_FEE_RATE\": 0.5,\n          \"MONTH_FEE_RATE\": 1\n        }, {\n          \"TERM\": 6,\n          \"INT_RATE\": 12,\n          \"PENALTY_RATE\": 0.5,\n          \"UPFRONT_ADMIN_FEE_RATE\": 0.5,\n          \"MONTH_FEE_RATE\": 1\n        }, {\n          \"TERM\": 6,\n          \"INT_RATE\": 12,\n          \"PENALTY_RATE\": 0.5,\n          \"UPFRONT_ADMIN_FEE_RATE\": 0.5,\n          \"MONTH_FEE_RATE\": 1\n        }, {\n          \"TERM\": 6,\n          \"INT_RATE\": 12,\n          \"PENALTY_RATE\": 0.5,\n          \"UPFRONT_ADMIN_FEE_RATE\": 0.5,\n          \"MONTH_FEE_RATE\": 1\n        }, {\n          \"TERM\": 6,\n          \"INT_RATE\": 12,\n          \"PENALTY_RATE\": 0.5,\n          \"UPFRONT_ADMIN_FEE_RATE\": 0.5,\n          \"MONTH_FEE_RATE\": 1\n        }],\n        \"LOAN_CODE\": \"9022\",\n        \"MIN_LOAN_INIT_PRIN\": 50000\n      }],\n      \"ONCE_DEPOSIT\": \"irure sed occaecat Duis pariatur\",\n      \"CARD_NO\": \"43424324545767\",\n      \"STMT_MONTH\": \"quis\",\n      \"ADMIN_FEE_RATE\": \"0.05\",\n      \"ACCT_USE_STATUS\": \"W\",\n      \"CURR_STMT_STATUS\": \"U\",\n      \"CREATE_TIME\": \"20120211\",\n      \"PENALTY_BAL\": -28207046.20485714,\n      \"BLOCK_CODE\": \"Y\",\n      \"RISK_CODE\": \"Y001|ZQ01\",\n      \"CASH_LIMIT_RATE\": \"commodo mollit laboris nisi\"\n    }\n  },\n  statusCode: 200\n}).as(\"personalCenter\");\ncy.intercept(\"POST\", /^http:\\/\\/apidesign\\.weoa\\.com\\/apidesign-core\\/mock\\/5049\\/ams\\/common\\/check\\/email_verify_status/, {\n  body: {\n    \"ret_data\": {\n      \"emailVerified\": \"01\",\n      \"emailVerifyRequired\": false,\n      \"name\": \"dolor in ea velit\",\n      \"phoneNo\": \"eiusmod\",\n      \"email\": \"aaaabbb@qq.com\"\n    },\n    \"ret_msg\": \"ipsum aliqua tempor laboris in\",\n    \"ret_code\": \"0000\"\n  },\n  statusCode: 200\n}).as(\"emailVerify\");\ncy.intercept(\"POST\", /^http:\\/\\/apidesign\\.weoa\\.com\\/apidesign-core\\/mock\\/5049\\/core\\/account\\/query\\/coupon/, {\n  body: {\n    \"ret_code\": \"80460000\",\n    \"ret_msg\": \"Successful\",\n    \"token_status\": \"OK\",\n    \"biz_no\": \"24041814D08048GSL00004gzjYaMNbKN\",\n    \"process_type\": \"sync\",\n    \"ret_data\": {\n      \"appType\": \"U\",\n      \"appAcctNo\": \"5000201000040650662\",\n      \"hasEquity\": \"Y\",\n      \"equityList\": [{\n        \"equityType\": \"INT_R\",\n        \"equityNo\": \"RA000004\",\n        \"actNo\": \"MT000004205\",\n        \"equityContent\": \"月利率10.99% 金额上限10000000\",\n        \"equityClaimDate\": \"20250702\",\n        \"equityExpireDate\": \"20250728\",\n        \"equityValue\": \"0.109900\",\n        \"status\": \"0\",\n        \"useUpperAmt\": 500000,\n        \"useLowerAmt\": -1,\n        \"equityScenario\": \"PAY_LATTER\",\n        \"equityName\": \"指定利率券\",\n        \"usePlanTerm\": \"1,3,6,12\",\n        \"equityTagName\": \"CT Corpppppppppppp\",\n        \"picturePath\": \"1231\",\n        \"listNo\": \"41024033100000000006\"\n      }, {\n        \"equityType\": \"INT_TIC_P\",\n        \"equityNo\": \"RA044504\",\n        \"actNo\": \"MT000004205\",\n        \"equityContent\": \"月利率10.99% 金额上限10000000\",\n        \"equityClaimDate\": \"20250702\",\n        \"equityExpireDate\": \"20250728\",\n        \"equityValue\": \"0.109900\",\n        \"status\": \"0\",\n        \"useUpperAmt\": 500000,\n        \"useLowerAmt\": -1,\n        \"equityScenario\": \"PAY_LATTER\",\n        \"equityName\": \"指定利率券\",\n        \"usePlanTerm\": \"1,3,6,12\",\n        \"equityTagName\": \"CT Corpppppppppppp\",\n        \"picturePath\": \"1231\",\n        \"listNo\": \"41024033100000120006\"\n      }, {\n        \"equityType\": \"INT_TIC_T\",\n        \"equityNo\": \"RA024504\",\n        \"actNo\": \"MT000004205\",\n        \"equityContent\": \"月利率10.99% 金额上限10000000\",\n        \"equityClaimDate\": \"20250702\",\n        \"equityExpireDate\": \"20250728\",\n        \"equityValue\": \"0.109900\",\n        \"status\": \"0\",\n        \"useUpperAmt\": 500000,\n        \"useLowerAmt\": -1,\n        \"equityScenario\": \"PAY_LATTER\",\n        \"equityName\": \"指定利率券\",\n        \"usePlanTerm\": \"1,3,6,12\",\n        \"equityTagName\": \"CT Corpppppppppppp\",\n        \"picturePath\": \"1231\",\n        \"listNo\": \"41024033100000110006\"\n      }, {\n        \"equityType\": \"INT_R\",\n        \"equityNo\": \"RA000654\",\n        \"actNo\": \"MT000004205\",\n        \"equityContent\": \"月利率10.99% 金额上限10000000\",\n        \"equityClaimDate\": \"20250702\",\n        \"equityExpireDate\": \"20200728\",\n        \"equityValue\": \"0.109900\",\n        \"status\": \"4\",\n        \"useUpperAmt\": 500000,\n        \"useLowerAmt\": -1,\n        \"equityScenario\": \"PAY_LATTER\",\n        \"equityName\": \"指定利率券\",\n        \"usePlanTerm\": \"1,3,6,12\",\n        \"equityTagName\": \"CT Corp\",\n        \"picturePath\": \"1231\",\n        \"listNo\": \"41024033100000012336\"\n      }, {\n        \"equityType\": \"INT_R\",\n        \"equityNo\": \"RA000999\",\n        \"actNo\": \"MT000004999\",\n        \"equityContent\": \"月利率0\",\n        \"equityClaimDate\": \"20250702\",\n        \"equityExpireDate\": \"20250728\",\n        \"equityValue\": \"0\",\n        \"status\": \"0\",\n        \"useUpperAmt\": 500000,\n        \"useLowerAmt\": -1,\n        \"equityScenario\": \"CASH_LOAN\",\n        \"equityName\": \"指定利率券\",\n        \"usePlanTerm\": \"1,3,6,12\",\n        \"picturePath\": \"1231\",\n        \"listNo\": \"41024033100000000006\",\n        \"equityTagName\": \"CT Corpppppppppppp\"\n      }, {\n        \"equityType\": \"INT_TIC_P\",\n        \"equityNo\": \"ZQ000008\",\n        \"actNo\": \"MT000004205\",\n        \"equityContent\": \"Equity Content 1% off  INT1 Eqity Content   INT1 Eqity Content   INT1 Eqity Content\",\n        \"equityClaimDate\": \"20250702\",\n        \"equityExpireDate\": \"20250730\",\n        \"equityValue\": \"99\",\n        \"status\": \"0\",\n        \"useUpperAmt\": 500000,\n        \"useLowerAmt\": -1,\n        \"equityScenario\": \"CASH_LOAN\",\n        \"equityName\": \"1% off INT_P折扣券_双11% off INT_P折扣券_双11% off INT_P折扣券_双1\",\n        \"usePlanTerm\": \"6,1,3,12\",\n        \"picturePath\": \"https://img1.baidu.com/it/u=684770079,849342797&fm=253&fmt=auto&app=120&f=JPEG?w=1422&h=800\",\n        \"listNo\": \"41024033100000000011\"\n      }, {\n        \"equityType\": \"INT_TIC_P\",\n        \"equityNo\": \"ZQ000008\",\n        \"actNo\": \"MT000004205\",\n        \"equityContent\": \"Equity Content 1% off  INT1 Eqity Content   INT1 Eqity Content   INT1 Eqity Content\",\n        \"equityClaimDate\": \"20250702\",\n        \"equityExpireDate\": \"20250731\",\n        \"equityValue\": \"99\",\n        \"status\": \"0\",\n        \"useUpperAmt\": 500000,\n        \"useLowerAmt\": -1,\n        \"equityScenario\": \"CASH_LOAN\",\n        \"equityName\": \"1% off INT_P折扣券_双11% off INT_P折扣券_双11% off INT_P折扣券_双1\",\n        \"usePlanTerm\": \"6,1,3,12\",\n        \"picturePath\": \"https://img1.baidu.com/it/u=684770079,849342797&fm=253&fmt=auto&app=120&f=JPEG?w=1422&h=800\",\n        \"listNo\": \"41024033100000000012\"\n      }, {\n        \"equityType\": \"INT_TIC_T\",\n        \"equityNo\": \"IS000017\",\n        \"actNo\": \"MT000004208\",\n        \"equityContent\": \"Content Equity Content ABCDEFGContent Equity Content ABCDEFGContent Equity Content ABCDEFGContent Equity Content ABCDEFGHHHHHHHHHHHIIIIIIIIIIIIIIIIIIIIIIIIIIIIIIIIIIIIIIIIIIIIIIIIIIIIIIIIIIIIIIIIIIIIIIIIIIIIIIII\",\n        \"equityClaimDate\": \"20250702\",\n        \"equityExpireDate\": \"20250731\",\n        \"equityValue\": \"1\",\n        \"status\": \"0\",\n        \"useUpperAmt\": 500000,\n        \"useLowerAmt\": -1,\n        \"equityScenario\": \"CASH_LOAN\",\n        \"equityName\": \"1期免息\",\n        \"usePlanTerm\": \"1,3,6,12\",\n        \"picturePath\": \"https://tltp.test.webankcdn.net/mes-adm/MES-MOS/VIRTUAL/VIRTUAL_TEMP/20231117150644/8be141c62da545228f4f56d396cb39f8.png\",\n        \"listNo\": \"41024033100000000017\"\n      }, {\n        \"equityType\": \"INT_TIC_T\",\n        \"equityNo\": \"IS000034\",\n        \"actNo\": \"M0000692145\",\n        \"equityClaimDate\": \"20231020\",\n        \"equityExpireDate\": \"20281229\",\n        \"equityValue\": \"18\",\n        \"status\": \"0\",\n        \"useUpperAmt\": 10000000,\n        \"useLowerAmt\": 100,\n        \"usePlanTerm\": \"1,6,12\",\n        \"listNo\": \"TT023101800006999313\"\n      }, {\n        \"equityType\": \"INT_TIC_T\",\n        \"equityNo\": \"IS000006\",\n        \"actNo\": \"M0000692145\",\n        \"equityClaimDate\": \"20231020\",\n        \"equityExpireDate\": \"20281229\",\n        \"status\": \"0\",\n        \"useUpperAmt\": 10000000,\n        \"useLowerAmt\": 100,\n        \"listNo\": \"TT023101800006999314\"\n      }, {\n        \"equityType\": \"INT_TIC_T\",\n        \"equityNo\": \"IS000007\",\n        \"actNo\": \"M0000692145\",\n        \"equityClaimDate\": \"20231020\",\n        \"equityExpireDate\": \"20281229\",\n        \"status\": \"0\",\n        \"useUpperAmt\": 10000000,\n        \"useLowerAmt\": 100,\n        \"listNo\": \"TT023101800006999315\"\n      }, {\n        \"equityType\": \"INT_TIC_P\",\n        \"equityNo\": \"ZQ000004\",\n        \"actNo\": \"M0000453309\",\n        \"equityContent\": \"321\",\n        \"equityClaimDate\": \"20230920\",\n        \"equityExpireDate\": \"20281230\",\n        \"equityValue\": \"10\",\n        \"status\": \"0\",\n        \"useUpperAmt\": 10000000,\n        \"useLowerAmt\": 100,\n        \"equityScenario\": \"CASH_LOAN\",\n        \"equityName\": \"321\",\n        \"usePlanTerm\": \"6,3\",\n        \"picturePath\": \"21\",\n        \"listNo\": \"AA023101800006999310\"\n      }, {\n        \"equityType\": \"INT_TIC_P\",\n        \"equityNo\": \"ZQ000004\",\n        \"actNo\": \"M0000453309\",\n        \"equityContent\": \"321\",\n        \"equityClaimDate\": \"20230920\",\n        \"equityExpireDate\": \"20281229\",\n        \"equityValue\": \"10\",\n        \"status\": \"0\",\n        \"useUpperAmt\": 10000000,\n        \"useLowerAmt\": 100,\n        \"equityScenario\": \"CASH_LOAN\",\n        \"equityName\": \"321\",\n        \"usePlanTerm\": \"6,3\",\n        \"picturePath\": \"21\",\n        \"listNo\": \"AA023101800006999313\"\n      }, {\n        \"equityType\": \"INT_TIC_P\",\n        \"equityNo\": \"ZQ000006\",\n        \"actNo\": \"M0000453309\",\n        \"equityClaimDate\": \"20230920\",\n        \"equityExpireDate\": \"20280201\",\n        \"equityValue\": \"95\",\n        \"status\": \"0\",\n        \"useUpperAmt\": 10000000,\n        \"useLowerAmt\": 100,\n        \"equityScenario\": \"CASH_LOAN\",\n        \"usePlanTerm\": \"1,3,6,12\",\n        \"listNo\": \"AA023101800006999314\"\n      }, {\n        \"equityType\": \"INT_TIC_P\",\n        \"equityNo\": \"ZQ000004\",\n        \"actNo\": \"M0000453309\",\n        \"equityContent\": \"321\",\n        \"equityClaimDate\": \"20230920\",\n        \"equityExpireDate\": \"20280129\",\n        \"equityValue\": \"10\",\n        \"status\": \"0\",\n        \"useUpperAmt\": 10000000,\n        \"useLowerAmt\": 100,\n        \"equityScenario\": \"CASH_LOAN\",\n        \"equityName\": \"321\",\n        \"usePlanTerm\": \"6,3\",\n        \"picturePath\": \"21\",\n        \"listNo\": \"AA023101800006999316\"\n      }, {\n        \"equityType\": \"INT_TIC_T\",\n        \"equityNo\": \"IS000017\",\n        \"actNo\": \"MT000004208\",\n        \"equityContent\": \"Equity content EQUITY NAME IS000017 INT_T EQUITY NAME IS000017 INT_T EQUITY NAME IS000017 INT_T EQUITY NAME IS000017 INT_T EQUITY NAME IS000017 INT_T EQUITY NAME IS000017 INT_T\",\n        \"equityClaimDate\": \"20250702\",\n        \"equityExpireDate\": \"20250730\",\n        \"useDate\": \"20250702\",\n        \"equityValue\": \"1\",\n        \"status\": \"1\",\n        \"loanReceiptNbr\": \"362507020740226339\",\n        \"useUpperAmt\": 500000,\n        \"useLowerAmt\": -1,\n        \"equityScenario\": \"CASH_LOAN\",\n        \"equityName\": \"EQUITY NAME IS000017 INT_T\",\n        \"usePlanTerm\": \"1,3,6,12\",\n        \"picturePath\": \"https://tltp.test.webankcdn.net/mes-adm/MES-MOS/VIRTUAL/VIRTUAL_TEMP/20231117150644/8be141c62da545228f4f56d396cb39f8.png\",\n        \"listNo\": \"41024033100000000004\"\n      }, {\n        \"equityType\": \"INT_TIC_P\",\n        \"equityNo\": \"RA000004\",\n        \"actNo\": \"MT000004205\",\n        \"equityContent\": \"月利率10.99% 金额上限10000000\",\n        \"equityClaimDate\": \"20250702\",\n        \"equityExpireDate\": \"20250729\",\n        \"useDate\": \"20250702\",\n        \"equityValue\": \"0\",\n        \"status\": \"1\",\n        \"loanReceiptNbr\": \"362507020740226341\",\n        \"useUpperAmt\": 500000,\n        \"useLowerAmt\": -1,\n        \"equityScenario\": \"CASH_LOAN\",\n        \"equityName\": \"指定利率券\",\n        \"usePlanTerm\": \"1,3,6,12\",\n        \"picturePath\": \"1231\",\n        \"listNo\": \"41024033100000000005\"\n      }, {\n        \"equityType\": \"INT_TIC_P\",\n        \"equityNo\": \"ZQ000008\",\n        \"actNo\": \"MT000004205\",\n        \"equityContent\": \"Equity Content 1% off  INT1 Eqity Content   INT1 Eqity Content   INT1 Eqity Content\",\n        \"equityClaimDate\": \"20250702\",\n        \"equityExpireDate\": \"20250729\",\n        \"useDate\": \"20250702\",\n        \"equityValue\": \"99\",\n        \"status\": \"1\",\n        \"loanReceiptNbr\": \"362507020740226427\",\n        \"useUpperAmt\": 500000,\n        \"useLowerAmt\": -1,\n        \"equityScenario\": \"CASH_LOAN\",\n        \"equityName\": \"1% off INT_P折扣券_双11% off INT_P折扣券_双11% off INT_P折扣券_双1\",\n        \"usePlanTerm\": \"6,1,3,12\",\n        \"picturePath\": \"https://img1.baidu.com/it/u=684770079,849342797&fm=253&fmt=auto&app=120&f=JPEG?w=1422&h=800\",\n        \"listNo\": \"41024033100000000010\"\n      }, {\n        \"equityType\": \"INT_TIC_T\",\n        \"equityNo\": \"IS000017\",\n        \"actNo\": \"MT000000001\",\n        \"equityContent\": \"Equity content EQUITY NAME IS000017 INT_T EQUITY NAME IS000017 INT_T EQUITY NAME IS000017 INT_T EQUITY NAME IS000017 INT_T EQUITY NAME IS000017 INT_T EQUITY NAME IS000017 INT_T\",\n        \"equityClaimDate\": \"20250701\",\n        \"equityExpireDate\": \"20250731\",\n        \"useDate\": \"20250702\",\n        \"equityValue\": \"1\",\n        \"status\": \"1\",\n        \"loanReceiptNbr\": \"362507020740226342\",\n        \"useUpperAmt\": 1000000000,\n        \"useLowerAmt\": -1,\n        \"equityScenario\": \"CASH_LOAN\",\n        \"equityName\": \"EQUITY NAME IS000017 INT_T\",\n        \"usePlanTerm\": \"1,3,6,12\",\n        \"picturePath\": \"https://tltp.test.webankcdn.net/mes-adm/MES-MOS/VIRTUAL/VIRTUAL_TEMP/20231117150644/8be141c62da545228f4f56d396cb39f8.png\",\n        \"listNo\": \"42024040100000000301\"\n      }, {\n        \"equityType\": \"INT_TIC_P\",\n        \"equityNo\": \"ZQ000004\",\n        \"actNo\": \"M0000453309\",\n        \"equityContent\": \"321\",\n        \"equityClaimDate\": \"20230920\",\n        \"equityExpireDate\": \"20231201\",\n        \"equityValue\": \"10\",\n        \"status\": \"1\",\n        \"useUpperAmt\": 10000000,\n        \"useLowerAmt\": 100,\n        \"equityScenario\": \"CASH_LOAN\",\n        \"equityName\": \"321\",\n        \"usePlanTerm\": \"6,3\",\n        \"picturePath\": \"21\",\n        \"listNo\": \"AA023101800006999312\"\n      }, {\n        \"equityType\": \"INT_TIC_T\",\n        \"equityNo\": \"IS000005\",\n        \"actNo\": \"M0000692145\",\n        \"equityClaimDate\": \"20231020\",\n        \"equityExpireDate\": \"20231202\",\n        \"equityValue\": \"1\",\n        \"status\": \"1\",\n        \"useUpperAmt\": 10000000,\n        \"useLowerAmt\": 100,\n        \"equityScenario\": \"CASH_LOAN\",\n        \"usePlanTerm\": \"-1\",\n        \"listNo\": \"TT023101800006999312\"\n      }, {\n        \"equityType\": \"INT_TIC_P\",\n        \"equityNo\": \"ZQ000008\",\n        \"actNo\": \"MT000004205\",\n        \"equityContent\": \"Equity Content 1% off  INT1 Eqity Content   INT1 Eqity Content   INT1 Eqity Content\",\n        \"equityClaimDate\": \"20250702\",\n        \"equityExpireDate\": \"20240728\",\n        \"equityValue\": \"99\",\n        \"status\": \"4\",\n        \"useUpperAmt\": 500000,\n        \"useLowerAmt\": -1,\n        \"equityScenario\": \"CASH_LOAN\",\n        \"equityName\": \"1% off INT_P折扣券_双11% off INT_P折扣券_双11% off INT_P折扣券_双1\",\n        \"usePlanTerm\": \"6,1,3,12\",\n        \"picturePath\": \"https://img1.baidu.com/it/u=684770079,849342797&fm=253&fmt=auto&app=120&f=JPEG?w=1422&h=800\",\n        \"listNo\": \"41024033100000002001\"\n      }, {\n        \"equityType\": \"INT_TIC_P\",\n        \"equityNo\": \"ZQ000004\",\n        \"actNo\": \"M0000453309\",\n        \"equityContent\": \"321\",\n        \"equityClaimDate\": \"20230920\",\n        \"equityExpireDate\": \"20240228\",\n        \"equityValue\": \"10\",\n        \"status\": \"4\",\n        \"useUpperAmt\": 10000000,\n        \"useLowerAmt\": 100,\n        \"equityScenario\": \"CASH_LOAN\",\n        \"equityName\": \"321\",\n        \"usePlanTerm\": \"6,3\",\n        \"picturePath\": \"21\",\n        \"listNo\": \"AA023101800006999315\"\n      }, {\n        \"equityType\": \"INT_TIC_P\",\n        \"equityNo\": \"ZQ000004\",\n        \"actNo\": \"M0000453309\",\n        \"equityContent\": \"321\",\n        \"equityClaimDate\": \"20230920\",\n        \"equityExpireDate\": \"20231129\",\n        \"equityValue\": \"10\",\n        \"status\": \"4\",\n        \"useUpperAmt\": 10000000,\n        \"useLowerAmt\": 100,\n        \"equityScenario\": \"CASH_LOAN\",\n        \"equityName\": \"321\",\n        \"usePlanTerm\": \"6,3\",\n        \"picturePath\": \"21\",\n        \"listNo\": \"AA023101800006999318\"\n      }, {\n        \"equityType\": \"INT_TIC_P\",\n        \"equityNo\": \"ZQ000004\",\n        \"actNo\": \"M0000453309\",\n        \"equityContent\": \"321\",\n        \"equityClaimDate\": \"20230920\",\n        \"equityExpireDate\": \"20231128\",\n        \"equityValue\": \"10\",\n        \"status\": \"4\",\n        \"useUpperAmt\": 10000000,\n        \"useLowerAmt\": 100,\n        \"equityScenario\": \"CASH_LOAN\",\n        \"equityName\": \"321\",\n        \"usePlanTerm\": \"6,3\",\n        \"picturePath\": \"21\",\n        \"listNo\": \"AA023101800006999317\"\n      }]\n    },\n    \"system_time\": \"20240418101448\",\n    \"hj_biz_no\": \"24041814D08048GSL00004gzjYaMNbKN\"\n  },\n  statusCode: 200\n}).as(\"coupon\");\ncy.intercept(\"POST\", /^http:\\/\\/apidesign\\.weoa\\.com\\/apidesign-core\\/mock\\/5049\\/ams\\/account\\/ddtp_whitelist/, {\n  body: {\n    \"ret_data\": {\n      \"whitelistFlag\": true,\n      \"entrance\": [\"SHOPEE\", \"BPJS\"]\n    },\n    \"ret_msg\": \"4433\",\n    \"ret_code\": \"0000\"\n  },\n  statusCode: 200\n}).as(\"ddtpWhitelist\");\ncy.visit(\"http://localhost:3000/#/pay-later/apply\");\n// 拦截 GET 请求到 /ams/account/query/flow\ncy.wait(1000);\ncy.wait(\"@preCheck\");\ncy.wait(\"@getPage\");\ncy.wait(\"@getBanner\");\n// cy.wait(\"@accountStatus\")\ncy.wait(\"@events\");\ncy.removeLoadingAndScreenshot(\"home\", {\n  capture: 'fullPage'\n});\n// 点击协议\ncy.get(\".tnc-contain\").click();\n// 验证点击后的效果（例如，检查某个元素是否可见）\ncy.wait(\"@cdn\");\ncy.get(\".float-btn\").should(\"be.visible\").click(); // 替换为您要验证的元素选择器\n// 获取所有具有类名 \"tnc\" 的元素\ncy.get(\".we-checkbox-body\").each($el => {\n  // 点击每个元素\n  cy.wrap($el).click();\n});\ncy.removeLoadingAndScreenshot(\"protoco\");\ncy.get(\".we-button-body\").click();\ncy.wait(\"@protocol\");\ncy.wait(\"@checkWhitelist\");\ncy.wait(1000);\ncy.removeLoadingAndScreenshot(\"pin\", {\n  capture: 'fullPage'\n});\n// 输入pin\ncy.get(\".key\").contains(\"2\").click();\ncy.get(\".key\").contains(\"5\").click();\ncy.get(\".key\").contains(\"2\").click();\ncy.removeLoadingAndScreenshot(\"pin2\");\ncy.get(\".key\").contains(\"2\").click();\ncy.get(\".key\").contains(\"2\").click();\ncy.get(\".key\").contains(\"2\").click();\ncy.get(\".we-button-body\").click();\ncy.wait(\"@randomFactor\");\ncy.wait(\"@validate\");\ncy.wait(\"@flow\");\ncy.wait(\"@faceid\");\ncy.wait(\"@submitFlow\");\n// cy.wait(\"@queryFlow\")\ncy.get('[data-testid=\"address\"] .we-input-input').clear().type(\"first\");\ncy.get('[data-testid=\"rt\"] #char-0 span').invoke(\"text\", \"9\");\ncy.get('[data-testid=\"Industry\"]').click();\ncy.get(\".we-form-item\").eq(1).click();\ncy.get('[data-testid=\"occupation\"]').click();\ncy.get(\".we-form-item\").eq(1).click();\ncy.get('[data-testid=\"position\"]').click();\ncy.get(\".we-form-item\").eq(1).click();\ncy.get('[data-testid=\"monthlyIncome\"]').click();\ncy.get(\".we-form-item\").eq(1).click();\ncy.get('[data-testid=\"source\"]').click();\ncy.get(\".we-form-item\").eq(1).click();\ncy.get('[data-testid=\"purpose\"]').click();\ncy.get(\".we-form-item\").eq(1).click();\ncy.get('[data-testid=\"maritalStatus\"]').click();\ncy.get(\".we-form-item\").eq(1).click();\ncy.get(\".we-button-body\").click();\ncy.wait(\"@getAccount\");\ncy.wait(\"@extInfo\");\ncy.wait(\"@vbCheck\");\ncy.wait(\"@antifraud\");\ncy.wait(\"@credit\");\ncy.wait(\"@result\");\ncy.removeLoadingAndScreenshot(\"form\", {\n  capture: 'fullPage'\n});\ncy.wait(\"@personalCenter\");\ncy.wait(\"@emailVerify\");\ncy.wait(\"@coupon\");\ncy.wait(\"@ddtpWhitelist\");\n// 等待页面跳转到 /page\n//  cy.url().should(\"include\", \"/h\");\n// cy.wait(5000);\n// 确保所有请求都已完成\ncy.removeLoadingAndScreenshot(\"final\", {\n  capture: 'fullPage'\n});",
              "err": {},
              "uuid": "d795f550-fcd1-44b1-91b3-964ee4b27a37",
              "parentUUID": "38f90125-a736-406d-b0f2-13f743de484c",
              "isHook": false,
              "skipped": false
            }
          ],
          "suites": [],
          "passes": [
            "d795f550-fcd1-44b1-91b3-964ee4b27a37"
          ],
          "failures": [],
          "pending": [],
          "skipped": [],
          "duration": 32262,
          "root": false,
          "rootEmpty": false,
          "_timeout": 2000
        }
      ],
      "passes": [],
      "failures": [],
      "pending": [],
      "skipped": [],
      "duration": 0,
      "root": true,
      "rootEmpty": true,
      "_timeout": 2000
    }
  ],
  "meta": {
    "mocha": {
      "version": "7.0.1"
    },
    "mochawesome": {
      "options": {
        "quiet": false,
        "reportFilename": "mochawesome",
        "saveHtml": true,
        "saveJson": true,
        "consoleReporter": "spec",
        "useInlineDiffs": false,
        "code": true
      },
      "version": "7.1.3"
    },
    "marge": {
      "options": {
        "reportDir": "cypress/results/mochawesome-report",
        "overwrite": false,
        "html": true,
        "json": true,
        "charts": true,
        "embeddedScreenshots": true,
        "inlineAssets": true
      },
      "version": "6.2.0"
    }
  }
}