{
  "stats": {
    "suites": 1,
    "tests": 1,
    "passes": 1,
    "pending": 0,
    "failures": 0,
    "start": "2024-11-22T07:38:43.032Z",
    "end": "2024-11-22T07:39:07.133Z",
    "duration": 24101,
    "testsRegistered": 1,
    "passPercent": 100,
    "pendingPercent": 0,
    "other": 0,
    "hasOther": false,
    "skipped": 0,
    "hasSkipped": false
  },
  "results": [
    {
      "uuid": "bd468b27-7443-4c5b-ba11-45f9737d32e8",
      "title": "",
      "fullFile": "cypress\\e2e\\取现_2.cy.js",
      "file": "cypress\\e2e\\取现_2.cy.js",
      "beforeHooks": [],
      "afterHooks": [],
      "tests": [],
      "suites": [
        {
          "uuid": "d13e8e0f-7475-4574-af37-42735d2a77ea",
          "title": "getCash spec",
          "fullFile": "",
          "file": "",
          "beforeHooks": [],
          "afterHooks": [],
          "tests": [
            {
              "title": "取现取现 ------",
              "fullTitle": "getCash spec 取现取现 ------",
              "timedOut": null,
              "duration": 20237,
              "state": "passed",
              "speed": "slow",
              "pass": true,
              "fail": false,
              "pending": false,
              "context": null,
              "code": "cy.intercept(\"POST\", /^http:\\/\\/apidesign\\.weoa\\.com\\/apidesign-core\\/mock\\/5049\\/ams\\/account\\/pre_check/, {\n  body: {\n    \"ret_code\": \"80000000\",\n    \"ret_msg\": \"cillum tempor mollit eiusmod Ut\",\n    \"biz_no\": \"anim\",\n    \"ret_data\": {\n      \"tncRequired\": true,\n      \"riskCode\": \"Y001\",\n      \"mbrLevelName\": \"PREMIUM\",\n      \"point\": \"50000\",\n      \"customerExtInfo\": {\n        \"EMERGENCY_FULL_NAME\": \"Lorem pariatur\",\n        \"OPEN_ACCOUNT_PURPOSE\": \"elit\",\n        \"CITY\": \"ex ipsum reprehenderit minim do\",\n        \"RW\": \"343\",\n        \"SUB_DISTRICT\": \"dolore ut elit exercitation laborum\",\n        \"COMPANY_POSTAL_CODE\": \"12790\",\n        \"POSITION\": \"minim esse dolor sunt eu\",\n        \"COMPANY_NAME\": \"occaecat\",\n        \"INSTUSTRY_OF_PROFESSION\": \"nostrud ipsum deserunt incididunt ut\",\n        \"POSTAL_CODE\": \"12790\",\n        \"PROFESSION\": \"pariatur\",\n        \"DISTRICT\": \"velit\",\n        \"COMPANY_CITY\": \"labore cillum in\",\n        \"RT\": \"321\",\n        \"CURRENT_ADDRESS\": \"elit nulla Duis\",\n        \"SOURCE_OF_FUND\": \"Excepteur occaecat\",\n        \"COMPANY_ADDRESS\": \"qui consectetur occaecat Excepteur in\",\n        \"COMPANY_PHONE\": \"21556478\",\n        \"PROVINCE\": \"irure et do ad amet\",\n        \"EMERGENCY_MOBILE_NUMBER\": \"8786143526\"\n      },\n      \"appNo\": \"3244354353333\",\n      \"customerId\": \"incididunt elit ullamco anim\",\n      \"csrfToken\": \"451BD862887BE1238C2506D3B98AAD2EB2606EE7420D41FAB76FD44011678784\",\n      \"typeCode\": \"dolor\",\n      \"openAcctCaseNo\": \"432432432435\",\n      \"mpcStatus\": \"10\",\n      \"balanceAmt\": 500000,\n      \"withoutUaAndMpc\": true,\n      \"passwordStatus\": \"1\",\n      \"email\": \"homiexie@webank.com\",\n      \"mpcUid\": \"quis magna sit aliqua\",\n      \"mbrLevelId\": \"3\",\n      \"whiteList\": \"Y\",\n      \"payLaterStatus\": \"T022\",\n      \"mpcLevel\": \"03\",\n      \"preCreditLimit\": 0,\n      \"emailStatus\": \"Y\",\n      \"phone\": \"8786143526\",\n      \"name\": \"dfds\",\n      \"accumEnd\": \"5000\",\n      \"otpRequired\": true\n    }\n  },\n  statusCode: 200\n}).as(\"preCheck\");\ncy.intercept(\"POST\", /^http:\\/\\/apidesign\\.weoa\\.com\\/apidesign-core\\/mock\\/5049\\/core\\/account\\/query\\/personal_center/, {\n  body: {\n    \"ret_code\": \"80000000\",\n    \"ret_msg\": \"eiusmod sed nulla in\",\n    \"ret_data\": {\n      \"STMT_DATE\": \"20220827\",\n      \"BILL_BAL_AMT\": 50000,\n      \"BILL_AMT\": 150000,\n      \"ACCT_STMT_STATUS\": \"W\",\n      \"OVERDUE_DAYS\": \"0\",\n      \"PMT_DUE_DATE\": \"20220827\",\n      \"CREDIT_LIMIT\": \"50000000\",\n      \"UN_BILL_AMT\": \"50000\",\n      \"BUSINESS_DATE\": \"20220812\",\n      \"DEPOSIT_BAL\": 0,\n      \"OVERDUE_TIMES\": 2,\n      \"CASH_OTB\": \"50000000\",\n      \"AVAILABLE_OTB\": \"50000000\",\n      \"LOAN_PLANS\": [{\n        \"TERMS\": [{\n          \"TERM\": 6,\n          \"INT_RATE\": 12,\n          \"PENALTY_RATE\": 0.5,\n          \"UPFRONT_ADMIN_FEE_RATE\": 0.5,\n          \"MONTH_FEE_RATE\": 1\n        }, {\n          \"TERM\": 6,\n          \"INT_RATE\": 12,\n          \"PENALTY_RATE\": 0.5,\n          \"UPFRONT_ADMIN_FEE_RATE\": 0.5,\n          \"MONTH_FEE_RATE\": 1\n        }, {\n          \"TERM\": 6,\n          \"INT_RATE\": 12,\n          \"PENALTY_RATE\": 0.5,\n          \"UPFRONT_ADMIN_FEE_RATE\": 0.5,\n          \"MONTH_FEE_RATE\": 1\n        }, {\n          \"TERM\": 6,\n          \"INT_RATE\": 12,\n          \"PENALTY_RATE\": 0.5,\n          \"UPFRONT_ADMIN_FEE_RATE\": 0.5,\n          \"MONTH_FEE_RATE\": 1\n        }, {\n          \"TERM\": 6,\n          \"INT_RATE\": 12,\n          \"PENALTY_RATE\": 0.5,\n          \"UPFRONT_ADMIN_FEE_RATE\": 0.5,\n          \"MONTH_FEE_RATE\": 1\n        }, {\n          \"TERM\": 6,\n          \"INT_RATE\": 12,\n          \"PENALTY_RATE\": 0.5,\n          \"UPFRONT_ADMIN_FEE_RATE\": 0.5,\n          \"MONTH_FEE_RATE\": 1\n        }],\n        \"LOAN_CODE\": \"9022\",\n        \"MIN_LOAN_INIT_PRIN\": 50000\n      }, {\n        \"TERMS\": [{\n          \"TERM\": 6,\n          \"INT_RATE\": 12,\n          \"PENALTY_RATE\": 0.5,\n          \"UPFRONT_ADMIN_FEE_RATE\": 0.5,\n          \"MONTH_FEE_RATE\": 1\n        }, {\n          \"TERM\": 6,\n          \"INT_RATE\": 12,\n          \"PENALTY_RATE\": 0.5,\n          \"UPFRONT_ADMIN_FEE_RATE\": 0.5,\n          \"MONTH_FEE_RATE\": 1\n        }, {\n          \"TERM\": 6,\n          \"INT_RATE\": 12,\n          \"PENALTY_RATE\": 0.5,\n          \"UPFRONT_ADMIN_FEE_RATE\": 0.5,\n          \"MONTH_FEE_RATE\": 1\n        }, {\n          \"TERM\": 6,\n          \"INT_RATE\": 12,\n          \"PENALTY_RATE\": 0.5,\n          \"UPFRONT_ADMIN_FEE_RATE\": 0.5,\n          \"MONTH_FEE_RATE\": 1\n        }, {\n          \"TERM\": 6,\n          \"INT_RATE\": 12,\n          \"PENALTY_RATE\": 0.5,\n          \"UPFRONT_ADMIN_FEE_RATE\": 0.5,\n          \"MONTH_FEE_RATE\": 1\n        }, {\n          \"TERM\": 6,\n          \"INT_RATE\": 12,\n          \"PENALTY_RATE\": 0.5,\n          \"UPFRONT_ADMIN_FEE_RATE\": 0.5,\n          \"MONTH_FEE_RATE\": 1\n        }],\n        \"LOAN_CODE\": \"9022\",\n        \"MIN_LOAN_INIT_PRIN\": 50000\n      }, {\n        \"TERMS\": [{\n          \"TERM\": 6,\n          \"INT_RATE\": 12,\n          \"PENALTY_RATE\": 0.5,\n          \"UPFRONT_ADMIN_FEE_RATE\": 0.5,\n          \"MONTH_FEE_RATE\": 1\n        }, {\n          \"TERM\": 6,\n          \"INT_RATE\": 12,\n          \"PENALTY_RATE\": 0.5,\n          \"UPFRONT_ADMIN_FEE_RATE\": 0.5,\n          \"MONTH_FEE_RATE\": 1\n        }, {\n          \"TERM\": 6,\n          \"INT_RATE\": 12,\n          \"PENALTY_RATE\": 0.5,\n          \"UPFRONT_ADMIN_FEE_RATE\": 0.5,\n          \"MONTH_FEE_RATE\": 1\n        }, {\n          \"TERM\": 6,\n          \"INT_RATE\": 12,\n          \"PENALTY_RATE\": 0.5,\n          \"UPFRONT_ADMIN_FEE_RATE\": 0.5,\n          \"MONTH_FEE_RATE\": 1\n        }, {\n          \"TERM\": 6,\n          \"INT_RATE\": 12,\n          \"PENALTY_RATE\": 0.5,\n          \"UPFRONT_ADMIN_FEE_RATE\": 0.5,\n          \"MONTH_FEE_RATE\": 1\n        }, {\n          \"TERM\": 6,\n          \"INT_RATE\": 12,\n          \"PENALTY_RATE\": 0.5,\n          \"UPFRONT_ADMIN_FEE_RATE\": 0.5,\n          \"MONTH_FEE_RATE\": 1\n        }],\n        \"LOAN_CODE\": \"9022\",\n        \"MIN_LOAN_INIT_PRIN\": 50000\n      }, {\n        \"TERMS\": [{\n          \"TERM\": 6,\n          \"INT_RATE\": 12,\n          \"PENALTY_RATE\": 0.5,\n          \"UPFRONT_ADMIN_FEE_RATE\": 0.5,\n          \"MONTH_FEE_RATE\": 1\n        }, {\n          \"TERM\": 6,\n          \"INT_RATE\": 12,\n          \"PENALTY_RATE\": 0.5,\n          \"UPFRONT_ADMIN_FEE_RATE\": 0.5,\n          \"MONTH_FEE_RATE\": 1\n        }, {\n          \"TERM\": 6,\n          \"INT_RATE\": 12,\n          \"PENALTY_RATE\": 0.5,\n          \"UPFRONT_ADMIN_FEE_RATE\": 0.5,\n          \"MONTH_FEE_RATE\": 1\n        }, {\n          \"TERM\": 6,\n          \"INT_RATE\": 12,\n          \"PENALTY_RATE\": 0.5,\n          \"UPFRONT_ADMIN_FEE_RATE\": 0.5,\n          \"MONTH_FEE_RATE\": 1\n        }, {\n          \"TERM\": 6,\n          \"INT_RATE\": 12,\n          \"PENALTY_RATE\": 0.5,\n          \"UPFRONT_ADMIN_FEE_RATE\": 0.5,\n          \"MONTH_FEE_RATE\": 1\n        }, {\n          \"TERM\": 6,\n          \"INT_RATE\": 12,\n          \"PENALTY_RATE\": 0.5,\n          \"UPFRONT_ADMIN_FEE_RATE\": 0.5,\n          \"MONTH_FEE_RATE\": 1\n        }],\n        \"LOAN_CODE\": \"9022\",\n        \"MIN_LOAN_INIT_PRIN\": 50000\n      }, {\n        \"TERMS\": [{\n          \"TERM\": 6,\n          \"INT_RATE\": 12,\n          \"PENALTY_RATE\": 0.5,\n          \"UPFRONT_ADMIN_FEE_RATE\": 0.5,\n          \"MONTH_FEE_RATE\": 1\n        }, {\n          \"TERM\": 6,\n          \"INT_RATE\": 12,\n          \"PENALTY_RATE\": 0.5,\n          \"UPFRONT_ADMIN_FEE_RATE\": 0.5,\n          \"MONTH_FEE_RATE\": 1\n        }, {\n          \"TERM\": 6,\n          \"INT_RATE\": 12,\n          \"PENALTY_RATE\": 0.5,\n          \"UPFRONT_ADMIN_FEE_RATE\": 0.5,\n          \"MONTH_FEE_RATE\": 1\n        }, {\n          \"TERM\": 6,\n          \"INT_RATE\": 12,\n          \"PENALTY_RATE\": 0.5,\n          \"UPFRONT_ADMIN_FEE_RATE\": 0.5,\n          \"MONTH_FEE_RATE\": 1\n        }, {\n          \"TERM\": 6,\n          \"INT_RATE\": 12,\n          \"PENALTY_RATE\": 0.5,\n          \"UPFRONT_ADMIN_FEE_RATE\": 0.5,\n          \"MONTH_FEE_RATE\": 1\n        }, {\n          \"TERM\": 6,\n          \"INT_RATE\": 12,\n          \"PENALTY_RATE\": 0.5,\n          \"UPFRONT_ADMIN_FEE_RATE\": 0.5,\n          \"MONTH_FEE_RATE\": 1\n        }],\n        \"LOAN_CODE\": \"9022\",\n        \"MIN_LOAN_INIT_PRIN\": 50000\n      }],\n      \"ONCE_DEPOSIT\": \"irure sed occaecat Duis pariatur\",\n      \"CARD_NO\": \"43424324545767\",\n      \"STMT_MONTH\": \"quis\",\n      \"ADMIN_FEE_RATE\": \"0.05\",\n      \"ACCT_USE_STATUS\": \"W\",\n      \"CURR_STMT_STATUS\": \"U\",\n      \"CREATE_TIME\": \"20120211\",\n      \"PENALTY_BAL\": -28207046.20485714,\n      \"BLOCK_CODE\": \"Y\",\n      \"RISK_CODE\": \"Y001|ZQ01\",\n      \"CASH_LIMIT_RATE\": \"commodo mollit laboris nisi\"\n    }\n  },\n  statusCode: 200\n}).as(\"personalCenter\");\ncy.intercept(\"POST\", /^http:\\/\\/apidesign\\.weoa\\.com\\/apidesign-core\\/mock\\/5049\\/ams\\/common\\/check\\/email_verify_status/, {\n  body: {\n    \"ret_data\": {\n      \"emailVerified\": \"01\",\n      \"emailVerifyRequired\": false,\n      \"name\": \"dolor in ea velit\",\n      \"phoneNo\": \"eiusmod\",\n      \"email\": \"aaaabbb@qq.com\"\n    },\n    \"ret_msg\": \"ipsum aliqua tempor laboris in\",\n    \"ret_code\": \"0000\"\n  },\n  statusCode: 200\n}).as(\"emailVerify\");\ncy.intercept(\"POST\", /^http:\\/\\/apidesign\\.weoa\\.com\\/apidesign-core\\/mock\\/5049\\/core\\/account\\/query\\/coupon/, {\n  body: {\n    \"ret_code\": \"80460000\",\n    \"ret_msg\": \"Successful\",\n    \"token_status\": \"OK\",\n    \"biz_no\": \"24041814D08048GSL00004gzjYaMNbKN\",\n    \"process_type\": \"sync\",\n    \"ret_data\": {\n      \"appType\": \"U\",\n      \"appAcctNo\": \"5000201000040650662\",\n      \"hasEquity\": \"Y\",\n      \"equityList\": [{\n        \"equityType\": \"INT_R\",\n        \"equityNo\": \"RA000004\",\n        \"actNo\": \"MT000004205\",\n        \"equityContent\": \"月利率10.99% 金额上限10000000\",\n        \"equityClaimDate\": \"20250702\",\n        \"equityExpireDate\": \"20250728\",\n        \"equityValue\": \"0.109900\",\n        \"status\": \"0\",\n        \"useUpperAmt\": 500000,\n        \"useLowerAmt\": -1,\n        \"equityScenario\": \"PAY_LATTER\",\n        \"equityName\": \"指定利率券\",\n        \"usePlanTerm\": \"1,3,6,12\",\n        \"equityTagName\": \"CT Corpppppppppppp\",\n        \"picturePath\": \"1231\",\n        \"listNo\": \"41024033100000000006\"\n      }, {\n        \"equityType\": \"INT_TIC_P\",\n        \"equityNo\": \"RA044504\",\n        \"actNo\": \"MT000004205\",\n        \"equityContent\": \"月利率10.99% 金额上限10000000\",\n        \"equityClaimDate\": \"20250702\",\n        \"equityExpireDate\": \"20250728\",\n        \"equityValue\": \"0.109900\",\n        \"status\": \"0\",\n        \"useUpperAmt\": 500000,\n        \"useLowerAmt\": -1,\n        \"equityScenario\": \"PAY_LATTER\",\n        \"equityName\": \"指定利率券\",\n        \"usePlanTerm\": \"1,3,6,12\",\n        \"equityTagName\": \"CT Corpppppppppppp\",\n        \"picturePath\": \"1231\",\n        \"listNo\": \"41024033100000120006\"\n      }, {\n        \"equityType\": \"INT_TIC_T\",\n        \"equityNo\": \"RA024504\",\n        \"actNo\": \"MT000004205\",\n        \"equityContent\": \"月利率10.99% 金额上限10000000\",\n        \"equityClaimDate\": \"20250702\",\n        \"equityExpireDate\": \"20250728\",\n        \"equityValue\": \"0.109900\",\n        \"status\": \"0\",\n        \"useUpperAmt\": 500000,\n        \"useLowerAmt\": -1,\n        \"equityScenario\": \"PAY_LATTER\",\n        \"equityName\": \"指定利率券\",\n        \"usePlanTerm\": \"1,3,6,12\",\n        \"equityTagName\": \"CT Corpppppppppppp\",\n        \"picturePath\": \"1231\",\n        \"listNo\": \"41024033100000110006\"\n      }, {\n        \"equityType\": \"INT_R\",\n        \"equityNo\": \"RA000654\",\n        \"actNo\": \"MT000004205\",\n        \"equityContent\": \"月利率10.99% 金额上限10000000\",\n        \"equityClaimDate\": \"20250702\",\n        \"equityExpireDate\": \"20200728\",\n        \"equityValue\": \"0.109900\",\n        \"status\": \"4\",\n        \"useUpperAmt\": 500000,\n        \"useLowerAmt\": -1,\n        \"equityScenario\": \"PAY_LATTER\",\n        \"equityName\": \"指定利率券\",\n        \"usePlanTerm\": \"1,3,6,12\",\n        \"equityTagName\": \"CT Corp\",\n        \"picturePath\": \"1231\",\n        \"listNo\": \"41024033100000012336\"\n      }, {\n        \"equityType\": \"INT_R\",\n        \"equityNo\": \"RA000999\",\n        \"actNo\": \"MT000004999\",\n        \"equityContent\": \"月利率0\",\n        \"equityClaimDate\": \"20250702\",\n        \"equityExpireDate\": \"20250728\",\n        \"equityValue\": \"0\",\n        \"status\": \"0\",\n        \"useUpperAmt\": 500000,\n        \"useLowerAmt\": -1,\n        \"equityScenario\": \"CASH_LOAN\",\n        \"equityName\": \"指定利率券\",\n        \"usePlanTerm\": \"1,3,6,12\",\n        \"picturePath\": \"1231\",\n        \"listNo\": \"41024033100000000006\",\n        \"equityTagName\": \"CT Corpppppppppppp\"\n      }, {\n        \"equityType\": \"INT_TIC_P\",\n        \"equityNo\": \"ZQ000008\",\n        \"actNo\": \"MT000004205\",\n        \"equityContent\": \"Equity Content 1% off  INT1 Eqity Content   INT1 Eqity Content   INT1 Eqity Content\",\n        \"equityClaimDate\": \"20250702\",\n        \"equityExpireDate\": \"20250730\",\n        \"equityValue\": \"99\",\n        \"status\": \"0\",\n        \"useUpperAmt\": 500000,\n        \"useLowerAmt\": -1,\n        \"equityScenario\": \"CASH_LOAN\",\n        \"equityName\": \"1% off INT_P折扣券_双11% off INT_P折扣券_双11% off INT_P折扣券_双1\",\n        \"usePlanTerm\": \"6,1,3,12\",\n        \"picturePath\": \"https://img1.baidu.com/it/u=684770079,849342797&fm=253&fmt=auto&app=120&f=JPEG?w=1422&h=800\",\n        \"listNo\": \"41024033100000000011\"\n      }, {\n        \"equityType\": \"INT_TIC_P\",\n        \"equityNo\": \"ZQ000008\",\n        \"actNo\": \"MT000004205\",\n        \"equityContent\": \"Equity Content 1% off  INT1 Eqity Content   INT1 Eqity Content   INT1 Eqity Content\",\n        \"equityClaimDate\": \"20250702\",\n        \"equityExpireDate\": \"20250731\",\n        \"equityValue\": \"99\",\n        \"status\": \"0\",\n        \"useUpperAmt\": 500000,\n        \"useLowerAmt\": -1,\n        \"equityScenario\": \"CASH_LOAN\",\n        \"equityName\": \"1% off INT_P折扣券_双11% off INT_P折扣券_双11% off INT_P折扣券_双1\",\n        \"usePlanTerm\": \"6,1,3,12\",\n        \"picturePath\": \"https://img1.baidu.com/it/u=684770079,849342797&fm=253&fmt=auto&app=120&f=JPEG?w=1422&h=800\",\n        \"listNo\": \"41024033100000000012\"\n      }, {\n        \"equityType\": \"INT_TIC_T\",\n        \"equityNo\": \"IS000017\",\n        \"actNo\": \"MT000004208\",\n        \"equityContent\": \"Content Equity Content ABCDEFGContent Equity Content ABCDEFGContent Equity Content ABCDEFGContent Equity Content ABCDEFGHHHHHHHHHHHIIIIIIIIIIIIIIIIIIIIIIIIIIIIIIIIIIIIIIIIIIIIIIIIIIIIIIIIIIIIIIIIIIIIIIIIIIIIIIII\",\n        \"equityClaimDate\": \"20250702\",\n        \"equityExpireDate\": \"20250731\",\n        \"equityValue\": \"1\",\n        \"status\": \"0\",\n        \"useUpperAmt\": 500000,\n        \"useLowerAmt\": -1,\n        \"equityScenario\": \"CASH_LOAN\",\n        \"equityName\": \"1期免息\",\n        \"usePlanTerm\": \"1,3,6,12\",\n        \"picturePath\": \"https://tltp.test.webankcdn.net/mes-adm/MES-MOS/VIRTUAL/VIRTUAL_TEMP/20231117150644/8be141c62da545228f4f56d396cb39f8.png\",\n        \"listNo\": \"41024033100000000017\"\n      }, {\n        \"equityType\": \"INT_TIC_T\",\n        \"equityNo\": \"IS000034\",\n        \"actNo\": \"M0000692145\",\n        \"equityClaimDate\": \"20231020\",\n        \"equityExpireDate\": \"20281229\",\n        \"equityValue\": \"18\",\n        \"status\": \"0\",\n        \"useUpperAmt\": 10000000,\n        \"useLowerAmt\": 100,\n        \"usePlanTerm\": \"1,6,12\",\n        \"listNo\": \"TT023101800006999313\"\n      }, {\n        \"equityType\": \"INT_TIC_T\",\n        \"equityNo\": \"IS000006\",\n        \"actNo\": \"M0000692145\",\n        \"equityClaimDate\": \"20231020\",\n        \"equityExpireDate\": \"20281229\",\n        \"status\": \"0\",\n        \"useUpperAmt\": 10000000,\n        \"useLowerAmt\": 100,\n        \"listNo\": \"TT023101800006999314\"\n      }, {\n        \"equityType\": \"INT_TIC_T\",\n        \"equityNo\": \"IS000007\",\n        \"actNo\": \"M0000692145\",\n        \"equityClaimDate\": \"20231020\",\n        \"equityExpireDate\": \"20281229\",\n        \"status\": \"0\",\n        \"useUpperAmt\": 10000000,\n        \"useLowerAmt\": 100,\n        \"listNo\": \"TT023101800006999315\"\n      }, {\n        \"equityType\": \"INT_TIC_P\",\n        \"equityNo\": \"ZQ000004\",\n        \"actNo\": \"M0000453309\",\n        \"equityContent\": \"321\",\n        \"equityClaimDate\": \"20230920\",\n        \"equityExpireDate\": \"20281230\",\n        \"equityValue\": \"10\",\n        \"status\": \"0\",\n        \"useUpperAmt\": 10000000,\n        \"useLowerAmt\": 100,\n        \"equityScenario\": \"CASH_LOAN\",\n        \"equityName\": \"321\",\n        \"usePlanTerm\": \"6,3\",\n        \"picturePath\": \"21\",\n        \"listNo\": \"AA023101800006999310\"\n      }, {\n        \"equityType\": \"INT_TIC_P\",\n        \"equityNo\": \"ZQ000004\",\n        \"actNo\": \"M0000453309\",\n        \"equityContent\": \"321\",\n        \"equityClaimDate\": \"20230920\",\n        \"equityExpireDate\": \"20281229\",\n        \"equityValue\": \"10\",\n        \"status\": \"0\",\n        \"useUpperAmt\": 10000000,\n        \"useLowerAmt\": 100,\n        \"equityScenario\": \"CASH_LOAN\",\n        \"equityName\": \"321\",\n        \"usePlanTerm\": \"6,3\",\n        \"picturePath\": \"21\",\n        \"listNo\": \"AA023101800006999313\"\n      }, {\n        \"equityType\": \"INT_TIC_P\",\n        \"equityNo\": \"ZQ000006\",\n        \"actNo\": \"M0000453309\",\n        \"equityClaimDate\": \"20230920\",\n        \"equityExpireDate\": \"20280201\",\n        \"equityValue\": \"95\",\n        \"status\": \"0\",\n        \"useUpperAmt\": 10000000,\n        \"useLowerAmt\": 100,\n        \"equityScenario\": \"CASH_LOAN\",\n        \"usePlanTerm\": \"1,3,6,12\",\n        \"listNo\": \"AA023101800006999314\"\n      }, {\n        \"equityType\": \"INT_TIC_P\",\n        \"equityNo\": \"ZQ000004\",\n        \"actNo\": \"M0000453309\",\n        \"equityContent\": \"321\",\n        \"equityClaimDate\": \"20230920\",\n        \"equityExpireDate\": \"20280129\",\n        \"equityValue\": \"10\",\n        \"status\": \"0\",\n        \"useUpperAmt\": 10000000,\n        \"useLowerAmt\": 100,\n        \"equityScenario\": \"CASH_LOAN\",\n        \"equityName\": \"321\",\n        \"usePlanTerm\": \"6,3\",\n        \"picturePath\": \"21\",\n        \"listNo\": \"AA023101800006999316\"\n      }, {\n        \"equityType\": \"INT_TIC_T\",\n        \"equityNo\": \"IS000017\",\n        \"actNo\": \"MT000004208\",\n        \"equityContent\": \"Equity content EQUITY NAME IS000017 INT_T EQUITY NAME IS000017 INT_T EQUITY NAME IS000017 INT_T EQUITY NAME IS000017 INT_T EQUITY NAME IS000017 INT_T EQUITY NAME IS000017 INT_T\",\n        \"equityClaimDate\": \"20250702\",\n        \"equityExpireDate\": \"20250730\",\n        \"useDate\": \"20250702\",\n        \"equityValue\": \"1\",\n        \"status\": \"1\",\n        \"loanReceiptNbr\": \"362507020740226339\",\n        \"useUpperAmt\": 500000,\n        \"useLowerAmt\": -1,\n        \"equityScenario\": \"CASH_LOAN\",\n        \"equityName\": \"EQUITY NAME IS000017 INT_T\",\n        \"usePlanTerm\": \"1,3,6,12\",\n        \"picturePath\": \"https://tltp.test.webankcdn.net/mes-adm/MES-MOS/VIRTUAL/VIRTUAL_TEMP/20231117150644/8be141c62da545228f4f56d396cb39f8.png\",\n        \"listNo\": \"41024033100000000004\"\n      }, {\n        \"equityType\": \"INT_TIC_P\",\n        \"equityNo\": \"RA000004\",\n        \"actNo\": \"MT000004205\",\n        \"equityContent\": \"月利率10.99% 金额上限10000000\",\n        \"equityClaimDate\": \"20250702\",\n        \"equityExpireDate\": \"20250729\",\n        \"useDate\": \"20250702\",\n        \"equityValue\": \"0\",\n        \"status\": \"1\",\n        \"loanReceiptNbr\": \"362507020740226341\",\n        \"useUpperAmt\": 500000,\n        \"useLowerAmt\": -1,\n        \"equityScenario\": \"CASH_LOAN\",\n        \"equityName\": \"指定利率券\",\n        \"usePlanTerm\": \"1,3,6,12\",\n        \"picturePath\": \"1231\",\n        \"listNo\": \"41024033100000000005\"\n      }, {\n        \"equityType\": \"INT_TIC_P\",\n        \"equityNo\": \"ZQ000008\",\n        \"actNo\": \"MT000004205\",\n        \"equityContent\": \"Equity Content 1% off  INT1 Eqity Content   INT1 Eqity Content   INT1 Eqity Content\",\n        \"equityClaimDate\": \"20250702\",\n        \"equityExpireDate\": \"20250729\",\n        \"useDate\": \"20250702\",\n        \"equityValue\": \"99\",\n        \"status\": \"1\",\n        \"loanReceiptNbr\": \"362507020740226427\",\n        \"useUpperAmt\": 500000,\n        \"useLowerAmt\": -1,\n        \"equityScenario\": \"CASH_LOAN\",\n        \"equityName\": \"1% off INT_P折扣券_双11% off INT_P折扣券_双11% off INT_P折扣券_双1\",\n        \"usePlanTerm\": \"6,1,3,12\",\n        \"picturePath\": \"https://img1.baidu.com/it/u=684770079,849342797&fm=253&fmt=auto&app=120&f=JPEG?w=1422&h=800\",\n        \"listNo\": \"41024033100000000010\"\n      }, {\n        \"equityType\": \"INT_TIC_T\",\n        \"equityNo\": \"IS000017\",\n        \"actNo\": \"MT000000001\",\n        \"equityContent\": \"Equity content EQUITY NAME IS000017 INT_T EQUITY NAME IS000017 INT_T EQUITY NAME IS000017 INT_T EQUITY NAME IS000017 INT_T EQUITY NAME IS000017 INT_T EQUITY NAME IS000017 INT_T\",\n        \"equityClaimDate\": \"20250701\",\n        \"equityExpireDate\": \"20250731\",\n        \"useDate\": \"20250702\",\n        \"equityValue\": \"1\",\n        \"status\": \"1\",\n        \"loanReceiptNbr\": \"362507020740226342\",\n        \"useUpperAmt\": 1000000000,\n        \"useLowerAmt\": -1,\n        \"equityScenario\": \"CASH_LOAN\",\n        \"equityName\": \"EQUITY NAME IS000017 INT_T\",\n        \"usePlanTerm\": \"1,3,6,12\",\n        \"picturePath\": \"https://tltp.test.webankcdn.net/mes-adm/MES-MOS/VIRTUAL/VIRTUAL_TEMP/20231117150644/8be141c62da545228f4f56d396cb39f8.png\",\n        \"listNo\": \"42024040100000000301\"\n      }, {\n        \"equityType\": \"INT_TIC_P\",\n        \"equityNo\": \"ZQ000004\",\n        \"actNo\": \"M0000453309\",\n        \"equityContent\": \"321\",\n        \"equityClaimDate\": \"20230920\",\n        \"equityExpireDate\": \"20231201\",\n        \"equityValue\": \"10\",\n        \"status\": \"1\",\n        \"useUpperAmt\": 10000000,\n        \"useLowerAmt\": 100,\n        \"equityScenario\": \"CASH_LOAN\",\n        \"equityName\": \"321\",\n        \"usePlanTerm\": \"6,3\",\n        \"picturePath\": \"21\",\n        \"listNo\": \"AA023101800006999312\"\n      }, {\n        \"equityType\": \"INT_TIC_T\",\n        \"equityNo\": \"IS000005\",\n        \"actNo\": \"M0000692145\",\n        \"equityClaimDate\": \"20231020\",\n        \"equityExpireDate\": \"20231202\",\n        \"equityValue\": \"1\",\n        \"status\": \"1\",\n        \"useUpperAmt\": 10000000,\n        \"useLowerAmt\": 100,\n        \"equityScenario\": \"CASH_LOAN\",\n        \"usePlanTerm\": \"-1\",\n        \"listNo\": \"TT023101800006999312\"\n      }, {\n        \"equityType\": \"INT_TIC_P\",\n        \"equityNo\": \"ZQ000008\",\n        \"actNo\": \"MT000004205\",\n        \"equityContent\": \"Equity Content 1% off  INT1 Eqity Content   INT1 Eqity Content   INT1 Eqity Content\",\n        \"equityClaimDate\": \"20250702\",\n        \"equityExpireDate\": \"20240728\",\n        \"equityValue\": \"99\",\n        \"status\": \"4\",\n        \"useUpperAmt\": 500000,\n        \"useLowerAmt\": -1,\n        \"equityScenario\": \"CASH_LOAN\",\n        \"equityName\": \"1% off INT_P折扣券_双11% off INT_P折扣券_双11% off INT_P折扣券_双1\",\n        \"usePlanTerm\": \"6,1,3,12\",\n        \"picturePath\": \"https://img1.baidu.com/it/u=684770079,849342797&fm=253&fmt=auto&app=120&f=JPEG?w=1422&h=800\",\n        \"listNo\": \"41024033100000002001\"\n      }, {\n        \"equityType\": \"INT_TIC_P\",\n        \"equityNo\": \"ZQ000004\",\n        \"actNo\": \"M0000453309\",\n        \"equityContent\": \"321\",\n        \"equityClaimDate\": \"20230920\",\n        \"equityExpireDate\": \"20240228\",\n        \"equityValue\": \"10\",\n        \"status\": \"4\",\n        \"useUpperAmt\": 10000000,\n        \"useLowerAmt\": 100,\n        \"equityScenario\": \"CASH_LOAN\",\n        \"equityName\": \"321\",\n        \"usePlanTerm\": \"6,3\",\n        \"picturePath\": \"21\",\n        \"listNo\": \"AA023101800006999315\"\n      }, {\n        \"equityType\": \"INT_TIC_P\",\n        \"equityNo\": \"ZQ000004\",\n        \"actNo\": \"M0000453309\",\n        \"equityContent\": \"321\",\n        \"equityClaimDate\": \"20230920\",\n        \"equityExpireDate\": \"20231129\",\n        \"equityValue\": \"10\",\n        \"status\": \"4\",\n        \"useUpperAmt\": 10000000,\n        \"useLowerAmt\": 100,\n        \"equityScenario\": \"CASH_LOAN\",\n        \"equityName\": \"321\",\n        \"usePlanTerm\": \"6,3\",\n        \"picturePath\": \"21\",\n        \"listNo\": \"AA023101800006999318\"\n      }, {\n        \"equityType\": \"INT_TIC_P\",\n        \"equityNo\": \"ZQ000004\",\n        \"actNo\": \"M0000453309\",\n        \"equityContent\": \"321\",\n        \"equityClaimDate\": \"20230920\",\n        \"equityExpireDate\": \"20231128\",\n        \"equityValue\": \"10\",\n        \"status\": \"4\",\n        \"useUpperAmt\": 10000000,\n        \"useLowerAmt\": 100,\n        \"equityScenario\": \"CASH_LOAN\",\n        \"equityName\": \"321\",\n        \"usePlanTerm\": \"6,3\",\n        \"picturePath\": \"21\",\n        \"listNo\": \"AA023101800006999317\"\n      }]\n    },\n    \"system_time\": \"20240418101448\",\n    \"hj_biz_no\": \"24041814D08048GSL00004gzjYaMNbKN\"\n  },\n  statusCode: 200\n}).as(\"coupon\");\ncy.intercept(\"POST\", /^http:\\/\\/apidesign\\.weoa\\.com\\/apidesign-core\\/mock\\/5049\\/ams\\/account\\/ddtp_whitelist/, {\n  body: {\n    \"ret_data\": {\n      \"whitelistFlag\": true,\n      \"entrance\": [\"SHOPEE\", \"BPJS\"]\n    },\n    \"ret_msg\": \"4433\",\n    \"ret_code\": \"0000\"\n  },\n  statusCode: 200\n}).as(\"ddtpWhitelist\");\ncy.intercept(\"POST\", /^http:\\/\\/apidesign\\.weoa\\.com\\/apidesign-core\\/mock\\/5049\\/core\\/trans\\/try\\/loan/, {\n  \"ret_code\": \"80460000\",\n  \"ret_msg\": \"Successful\",\n  \"token_status\": \"OK\",\n  \"biz_no\": \"24101014D08048GSL0000Js1MlF2wqti\",\n  \"process_type\": \"sync\",\n  \"ret_data\": {\n    \"PRODUCT_CD\": \"801002\",\n    \"APP_ACCT_NO\": \"5000201000043170631\",\n    \"APP_TYPE\": \"U\",\n    \"NAME\": \"DEVY CAGTEF\",\n    \"CURRENT_DATE\": \"10/10/2024\",\n    \"CURRENT_TIME\": \"10/10/2024 15:04:00\",\n    \"CONTRACT_BASE\": [{\n      \"CONTRACT_NAME\": \"RIPLAY_payLater_取现\",\n      \"CONTRACT_VERSION\": \"V1.2\",\n      \"CONTRACT_DESC\": \"取现借款合同\",\n      \"CONTRACT_SHORT_NAME\": \"取现借款合同\",\n      \"IS_DYNAMIC\": \"Y\",\n      \"CONTRACT_URL\": \"https://arlenzheng-1259099819.cos.ap-guangzhou.myqcloud.com/cashLoanRiPlay-v1.2.html\",\n      \"CONTRACT_DATA\": \"{\\\"LOAN_LIST\\\":[{\\\"MONTH_INST_HANDLE_FEE_RATE\\\":\\\"0.0195\\\",\\\"MONTH_ORIG_INST_HANDLE_FEE\\\":9750,\\\"FUND_AMT\\\":\\\"485000.0\\\",\\\"SCHEDULE_LIST\\\":[{\\\"REMAIN_TOTAL_AMOUNT\\\":509750.0,\\\"CURR_TERM\\\":1,\\\"ORIG_INST_HANDLE_FEE\\\":\\\"9750\\\",\\\"AMOUNT\\\":\\\"509750\\\",\\\"PRINCIPAL\\\":\\\"500000.0\\\",\\\"SERVICE_FEE\\\":\\\"0\\\",\\\"LAST_PMT_DUE_DATE\\\":\\\"20280910\\\"}],\\\"FIRST_PMT_DATE\\\":\\\"20280910\\\",\\\"LOAN_INIT_PRIN\\\":\\\"500000.0\\\",\\\"UPFRONT_ADMIN_FEE_RATE\\\":0.03,\\\"UPFRONT_ADMIN_FEE\\\":\\\"15000.0\\\",\\\"LOAN_INIT_TERM\\\":1,\\\"TOTAL_AMOUNT\\\":509750.0},{\\\"MONTH_INST_HANDLE_FEE_RATE\\\":\\\"0.0195\\\",\\\"MONTH_ORIG_INST_HANDLE_FEE\\\":9750,\\\"FUND_AMT\\\":\\\"480000.0\\\",\\\"SCHEDULE_LIST\\\":[{\\\"REMAIN_TOTAL_AMOUNT\\\":529250.0,\\\"CURR_TERM\\\":1,\\\"ORIG_INST_HANDLE_FEE\\\":\\\"9750\\\",\\\"AMOUNT\\\":\\\"176416\\\",\\\"PRINCIPAL\\\":\\\"166666\\\",\\\"SERVICE_FEE\\\":\\\"0\\\",\\\"LAST_PMT_DUE_DATE\\\":\\\"20280910\\\"},{\\\"REMAIN_TOTAL_AMOUNT\\\":352834.0,\\\"CURR_TERM\\\":2,\\\"ORIG_INST_HANDLE_FEE\\\":\\\"9750\\\",\\\"AMOUNT\\\":\\\"176416\\\",\\\"PRINCIPAL\\\":\\\"166666\\\",\\\"SERVICE_FEE\\\":\\\"0\\\",\\\"LAST_PMT_DUE_DATE\\\":\\\"20281010\\\"},{\\\"REMAIN_TOTAL_AMOUNT\\\":176418.0,\\\"CURR_TERM\\\":3,\\\"ORIG_INST_HANDLE_FEE\\\":\\\"9750\\\",\\\"AMOUNT\\\":\\\"176418\\\",\\\"PRINCIPAL\\\":\\\"166668.0\\\",\\\"SERVICE_FEE\\\":\\\"0\\\",\\\"LAST_PMT_DUE_DATE\\\":\\\"20281110\\\"}],\\\"FIRST_PMT_DATE\\\":\\\"20280910\\\",\\\"LOAN_INIT_PRIN\\\":\\\"500000.0\\\",\\\"UPFRONT_ADMIN_FEE_RATE\\\":0.04,\\\"UPFRONT_ADMIN_FEE\\\":\\\"20000.0\\\",\\\"LOAN_INIT_TERM\\\":3,\\\"TOTAL_AMOUNT\\\":529250.0},{\\\"MONTH_INST_HANDLE_FEE_RATE\\\":\\\"0.0195\\\",\\\"MONTH_ORIG_INST_HANDLE_FEE\\\":9750,\\\"FUND_AMT\\\":\\\"475000.0\\\",\\\"SCHEDULE_LIST\\\":[{\\\"REMAIN_TOTAL_AMOUNT\\\":558500.0,\\\"CURR_TERM\\\":1,\\\"ORIG_INST_HANDLE_FEE\\\":\\\"9750\\\",\\\"AMOUNT\\\":\\\"93083\\\",\\\"PRINCIPAL\\\":\\\"83333\\\",\\\"SERVICE_FEE\\\":\\\"0\\\",\\\"LAST_PMT_DUE_DATE\\\":\\\"20280910\\\"},{\\\"REMAIN_TOTAL_AMOUNT\\\":465417.0,\\\"CURR_TERM\\\":2,\\\"ORIG_INST_HANDLE_FEE\\\":\\\"9750\\\",\\\"AMOUNT\\\":\\\"93083\\\",\\\"PRINCIPAL\\\":\\\"83333\\\",\\\"SERVICE_FEE\\\":\\\"0\\\",\\\"LAST_PMT_DUE_DATE\\\":\\\"20281010\\\"},{\\\"REMAIN_TOTAL_AMOUNT\\\":372334.0,\\\"CURR_TERM\\\":3,\\\"ORIG_INST_HANDLE_FEE\\\":\\\"9750\\\",\\\"AMOUNT\\\":\\\"93083\\\",\\\"PRINCIPAL\\\":\\\"83333\\\",\\\"SERVICE_FEE\\\":\\\"0\\\",\\\"LAST_PMT_DUE_DATE\\\":\\\"20281110\\\"},{\\\"REMAIN_TOTAL_AMOUNT\\\":279251.0,\\\"CURR_TERM\\\":4,\\\"ORIG_INST_HANDLE_FEE\\\":\\\"9750\\\",\\\"AMOUNT\\\":\\\"93083\\\",\\\"PRINCIPAL\\\":\\\"83333\\\",\\\"SERVICE_FEE\\\":\\\"0\\\",\\\"LAST_PMT_DUE_DATE\\\":\\\"20281210\\\"},{\\\"REMAIN_TOTAL_AMOUNT\\\":186168.0,\\\"CURR_TERM\\\":5,\\\"ORIG_INST_HANDLE_FEE\\\":\\\"9750\\\",\\\"AMOUNT\\\":\\\"93083\\\",\\\"PRINCIPAL\\\":\\\"83333\\\",\\\"SERVICE_FEE\\\":\\\"0\\\",\\\"LAST_PMT_DUE_DATE\\\":\\\"20290110\\\"},{\\\"REMAIN_TOTAL_AMOUNT\\\":93085.0,\\\"CURR_TERM\\\":6,\\\"ORIG_INST_HANDLE_FEE\\\":\\\"9750\\\",\\\"AMOUNT\\\":\\\"93085\\\",\\\"PRINCIPAL\\\":\\\"83335.0\\\",\\\"SERVICE_FEE\\\":\\\"0\\\",\\\"LAST_PMT_DUE_DATE\\\":\\\"20290210\\\"}],\\\"FIRST_PMT_DATE\\\":\\\"20280910\\\",\\\"LOAN_INIT_PRIN\\\":\\\"500000.0\\\",\\\"UPFRONT_ADMIN_FEE_RATE\\\":0.05,\\\"UPFRONT_ADMIN_FEE\\\":\\\"25000.0\\\",\\\"LOAN_INIT_TERM\\\":6,\\\"TOTAL_AMOUNT\\\":558500.0},{\\\"MONTH_INST_HANDLE_FEE_RATE\\\":\\\"0.0195\\\",\\\"MONTH_ORIG_INST_HANDLE_FEE\\\":9750,\\\"FUND_AMT\\\":\\\"470000.0\\\",\\\"SCHEDULE_LIST\\\":[{\\\"REMAIN_TOTAL_AMOUNT\\\":617000.0,\\\"CURR_TERM\\\":1,\\\"ORIG_INST_HANDLE_FEE\\\":\\\"9750\\\",\\\"AMOUNT\\\":\\\"51416\\\",\\\"PRINCIPAL\\\":\\\"41666\\\",\\\"SERVICE_FEE\\\":\\\"0\\\",\\\"LAST_PMT_DUE_DATE\\\":\\\"20280910\\\"},{\\\"REMAIN_TOTAL_AMOUNT\\\":565584.0,\\\"CURR_TERM\\\":2,\\\"ORIG_INST_HANDLE_FEE\\\":\\\"9750\\\",\\\"AMOUNT\\\":\\\"51416\\\",\\\"PRINCIPAL\\\":\\\"41666\\\",\\\"SERVICE_FEE\\\":\\\"0\\\",\\\"LAST_PMT_DUE_DATE\\\":\\\"20281010\\\"},{\\\"REMAIN_TOTAL_AMOUNT\\\":514168.0,\\\"CURR_TERM\\\":3,\\\"ORIG_INST_HANDLE_FEE\\\":\\\"9750\\\",\\\"AMOUNT\\\":\\\"51416\\\",\\\"PRINCIPAL\\\":\\\"41666\\\",\\\"SERVICE_FEE\\\":\\\"0\\\",\\\"LAST_PMT_DUE_DATE\\\":\\\"20281110\\\"},{\\\"REMAIN_TOTAL_AMOUNT\\\":462752.0,\\\"CURR_TERM\\\":4,\\\"ORIG_INST_HANDLE_FEE\\\":\\\"9750\\\",\\\"AMOUNT\\\":\\\"51416\\\",\\\"PRINCIPAL\\\":\\\"41666\\\",\\\"SERVICE_FEE\\\":\\\"0\\\",\\\"LAST_PMT_DUE_DATE\\\":\\\"20281210\\\"},{\\\"REMAIN_TOTAL_AMOUNT\\\":411336.0,\\\"CURR_TERM\\\":5,\\\"ORIG_INST_HANDLE_FEE\\\":\\\"9750\\\",\\\"AMOUNT\\\":\\\"51416\\\",\\\"PRINCIPAL\\\":\\\"41666\\\",\\\"SERVICE_FEE\\\":\\\"0\\\",\\\"LAST_PMT_DUE_DATE\\\":\\\"20290110\\\"},{\\\"REMAIN_TOTAL_AMOUNT\\\":359920.0,\\\"CURR_TERM\\\":6,\\\"ORIG_INST_HANDLE_FEE\\\":\\\"9750\\\",\\\"AMOUNT\\\":\\\"51416\\\",\\\"PRINCIPAL\\\":\\\"41666\\\",\\\"SERVICE_FEE\\\":\\\"0\\\",\\\"LAST_PMT_DUE_DATE\\\":\\\"20290210\\\"},{\\\"REMAIN_TOTAL_AMOUNT\\\":308504.0,\\\"CURR_TERM\\\":7,\\\"ORIG_INST_HANDLE_FEE\\\":\\\"9750\\\",\\\"AMOUNT\\\":\\\"51416\\\",\\\"PRINCIPAL\\\":\\\"41666\\\",\\\"SERVICE_FEE\\\":\\\"0\\\",\\\"LAST_PMT_DUE_DATE\\\":\\\"20290310\\\"},{\\\"REMAIN_TOTAL_AMOUNT\\\":257088.0,\\\"CURR_TERM\\\":8,\\\"ORIG_INST_HANDLE_FEE\\\":\\\"9750\\\",\\\"AMOUNT\\\":\\\"51416\\\",\\\"PRINCIPAL\\\":\\\"41666\\\",\\\"SERVICE_FEE\\\":\\\"0\\\",\\\"LAST_PMT_DUE_DATE\\\":\\\"20290410\\\"},{\\\"REMAIN_TOTAL_AMOUNT\\\":205672.0,\\\"CURR_TERM\\\":9,\\\"ORIG_INST_HANDLE_FEE\\\":\\\"9750\\\",\\\"AMOUNT\\\":\\\"51416\\\",\\\"PRINCIPAL\\\":\\\"41666\\\",\\\"SERVICE_FEE\\\":\\\"0\\\",\\\"LAST_PMT_DUE_DATE\\\":\\\"20290510\\\"},{\\\"REMAIN_TOTAL_AMOUNT\\\":154256.0,\\\"CURR_TERM\\\":10,\\\"ORIG_INST_HANDLE_FEE\\\":\\\"9750\\\",\\\"AMOUNT\\\":\\\"51416\\\",\\\"PRINCIPAL\\\":\\\"41666\\\",\\\"SERVICE_FEE\\\":\\\"0\\\",\\\"LAST_PMT_DUE_DATE\\\":\\\"20290610\\\"},{\\\"REMAIN_TOTAL_AMOUNT\\\":102840.0,\\\"CURR_TERM\\\":11,\\\"ORIG_INST_HANDLE_FEE\\\":\\\"9750\\\",\\\"AMOUNT\\\":\\\"51416\\\",\\\"PRINCIPAL\\\":\\\"41666\\\",\\\"SERVICE_FEE\\\":\\\"0\\\",\\\"LAST_PMT_DUE_DATE\\\":\\\"20290710\\\"},{\\\"REMAIN_TOTAL_AMOUNT\\\":51424.0,\\\"CURR_TERM\\\":12,\\\"ORIG_INST_HANDLE_FEE\\\":\\\"9750\\\",\\\"AMOUNT\\\":\\\"51424\\\",\\\"PRINCIPAL\\\":\\\"41674.0\\\",\\\"SERVICE_FEE\\\":\\\"0\\\",\\\"LAST_PMT_DUE_DATE\\\":\\\"20290810\\\"}],\\\"FIRST_PMT_DATE\\\":\\\"20280910\\\",\\\"LOAN_INIT_PRIN\\\":\\\"500000.0\\\",\\\"UPFRONT_ADMIN_FEE_RATE\\\":0.06,\\\"UPFRONT_ADMIN_FEE\\\":\\\"30000.0\\\",\\\"LOAN_INIT_TERM\\\":12,\\\"TOTAL_AMOUNT\\\":617000.0}],\\\"CURRENT_DATE\\\":\\\"01/08/2028\\\",\\\"CURRENT_TIME\\\":\\\"01/08/2028 14:43:46\\\",\\\"NAME\\\":\\\"Uyfkngm Slkmws\\\"}\",\n      \"SORT_NO\": 0\n    }],\n    \"DECISION_CONTRACT_TIME\": \"1728543840409\",\n    \"LOAN_LIST\": [{\n      \"LOAN_INIT_PRIN\": 500000,\n      \"LOAN_INIT_TERM\": 1,\n      \"LOAN_TOTAL_INST_HANDLE_FEE\": 24750,\n      \"INT_RATE\": 0,\n      \"UPFRONT_ADMIN_FEE_RATE\": 0.06,\n      \"SCHEDULE_LIST\": [{\n        \"AMOUNT\": 524750,\n        \"START_DATE\": \"20280412\",\n        \"PMT_DUE_DATE\": \"20280501\",\n        \"CURR_TERM\": 1,\n        \"PRINCIPAL\": 500000,\n        \"INTEREST\": 0,\n        \"FEE\": 0,\n        \"INST_HANDLE_FEE\": 24750,\n        \"ORIG_INST_HANDLE_FEE\": 24750,\n        \"REMAIN_TOTAL_AMOUNT\": 524750,\n        \"LAST_PMT_DUE_DATE\": \"20280510\"\n      }],\n      \"ORIG_LOAN_TOTAL_INST_HANDLE_FEE\": 24750,\n      \"MONTH_INST_HANDLE_FEE_RATE\": 0.0495,\n      \"UPFRONT_ADMIN_FEE\": 30000,\n      \"FIRST_PMT_DATE\": \"20280510\",\n      \"FUND_AMT\": 470000,\n      \"LOAN_TOTAL_INTEREST\": 0,\n      \"TOTAL_AMOUNT\": 524750,\n      \"FIRST_BILL_DATE\": \"20280501\",\n      \"BILLING_CYCLE\": 1,\n      \"FIRST_BILL_AMT\": 524750,\n      \"LOAN_TOTAL_FEE\": 0,\n      \"LOAN_TOTAL_WAIVED_INT\": 0,\n      \"MONTH_ORIG_INST_HANDLE_FEE\": 24750\n    }, {\n      \"LOAN_INIT_PRIN\": 500000,\n      \"LOAN_INIT_TERM\": 3,\n      \"LOAN_TOTAL_INST_HANDLE_FEE\": 74250,\n      \"INT_RATE\": 0,\n      \"UPFRONT_ADMIN_FEE_RATE\": 0.06,\n      \"SCHEDULE_LIST\": [{\n        \"AMOUNT\": 191416,\n        \"START_DATE\": \"20280412\",\n        \"PMT_DUE_DATE\": \"20280501\",\n        \"CURR_TERM\": 1,\n        \"PRINCIPAL\": 166666,\n        \"INTEREST\": 0,\n        \"FEE\": 0,\n        \"INST_HANDLE_FEE\": 24750,\n        \"ORIG_INST_HANDLE_FEE\": 24750,\n        \"REMAIN_TOTAL_AMOUNT\": 574250,\n        \"LAST_PMT_DUE_DATE\": \"20280510\"\n      }, {\n        \"AMOUNT\": 191416,\n        \"START_DATE\": \"20280501\",\n        \"PMT_DUE_DATE\": \"20280601\",\n        \"CURR_TERM\": 2,\n        \"PRINCIPAL\": 166666,\n        \"INTEREST\": 0,\n        \"FEE\": 0,\n        \"INST_HANDLE_FEE\": 24750,\n        \"ORIG_INST_HANDLE_FEE\": 24750,\n        \"REMAIN_TOTAL_AMOUNT\": 382834,\n        \"LAST_PMT_DUE_DATE\": \"20280610\"\n      }, {\n        \"AMOUNT\": 191418,\n        \"START_DATE\": \"20280601\",\n        \"PMT_DUE_DATE\": \"20280701\",\n        \"CURR_TERM\": 3,\n        \"PRINCIPAL\": 166668,\n        \"INTEREST\": 0,\n        \"FEE\": 0,\n        \"INST_HANDLE_FEE\": 24750,\n        \"ORIG_INST_HANDLE_FEE\": 24750,\n        \"REMAIN_TOTAL_AMOUNT\": 191418,\n        \"LAST_PMT_DUE_DATE\": \"20280710\"\n      }],\n      \"ORIG_LOAN_TOTAL_INST_HANDLE_FEE\": 74250,\n      \"MONTH_INST_HANDLE_FEE_RATE\": 0.0495,\n      \"UPFRONT_ADMIN_FEE\": 30000,\n      \"FIRST_PMT_DATE\": \"20280510\",\n      \"FUND_AMT\": 470000,\n      \"LOAN_TOTAL_INTEREST\": 0,\n      \"TOTAL_AMOUNT\": 574250,\n      \"FIRST_BILL_DATE\": \"20280501\",\n      \"BILLING_CYCLE\": 1,\n      \"FIRST_BILL_AMT\": 191416,\n      \"LOAN_TOTAL_FEE\": 0,\n      \"LOAN_TOTAL_WAIVED_INT\": 0,\n      \"MONTH_ORIG_INST_HANDLE_FEE\": 24750\n    }, {\n      \"LOAN_INIT_PRIN\": 500000,\n      \"LOAN_INIT_TERM\": 6,\n      \"LOAN_TOTAL_INST_HANDLE_FEE\": 148500,\n      \"INT_RATE\": 0,\n      \"UPFRONT_ADMIN_FEE_RATE\": 0.06,\n      \"SCHEDULE_LIST\": [{\n        \"AMOUNT\": 108083,\n        \"START_DATE\": \"20280412\",\n        \"PMT_DUE_DATE\": \"20280501\",\n        \"CURR_TERM\": 1,\n        \"PRINCIPAL\": 83333,\n        \"INTEREST\": 0,\n        \"FEE\": 0,\n        \"INST_HANDLE_FEE\": 24750,\n        \"ORIG_INST_HANDLE_FEE\": 24750,\n        \"REMAIN_TOTAL_AMOUNT\": 648500,\n        \"LAST_PMT_DUE_DATE\": \"20280510\"\n      }, {\n        \"AMOUNT\": 108083,\n        \"START_DATE\": \"20280501\",\n        \"PMT_DUE_DATE\": \"20280601\",\n        \"CURR_TERM\": 2,\n        \"PRINCIPAL\": 83333,\n        \"INTEREST\": 0,\n        \"FEE\": 0,\n        \"INST_HANDLE_FEE\": 24750,\n        \"ORIG_INST_HANDLE_FEE\": 24750,\n        \"REMAIN_TOTAL_AMOUNT\": 540417,\n        \"LAST_PMT_DUE_DATE\": \"20280610\"\n      }, {\n        \"AMOUNT\": 108083,\n        \"START_DATE\": \"20280601\",\n        \"PMT_DUE_DATE\": \"20280701\",\n        \"CURR_TERM\": 3,\n        \"PRINCIPAL\": 83333,\n        \"INTEREST\": 0,\n        \"FEE\": 0,\n        \"INST_HANDLE_FEE\": 24750,\n        \"ORIG_INST_HANDLE_FEE\": 24750,\n        \"REMAIN_TOTAL_AMOUNT\": 432334,\n        \"LAST_PMT_DUE_DATE\": \"20280710\"\n      }, {\n        \"AMOUNT\": 108083,\n        \"START_DATE\": \"20280701\",\n        \"PMT_DUE_DATE\": \"20280801\",\n        \"CURR_TERM\": 4,\n        \"PRINCIPAL\": 83333,\n        \"INTEREST\": 0,\n        \"FEE\": 0,\n        \"INST_HANDLE_FEE\": 24750,\n        \"ORIG_INST_HANDLE_FEE\": 24750,\n        \"REMAIN_TOTAL_AMOUNT\": 324251,\n        \"LAST_PMT_DUE_DATE\": \"20280810\"\n      }, {\n        \"AMOUNT\": 108083,\n        \"START_DATE\": \"20280801\",\n        \"PMT_DUE_DATE\": \"20280901\",\n        \"CURR_TERM\": 5,\n        \"PRINCIPAL\": 83333,\n        \"INTEREST\": 0,\n        \"FEE\": 0,\n        \"INST_HANDLE_FEE\": 24750,\n        \"ORIG_INST_HANDLE_FEE\": 24750,\n        \"REMAIN_TOTAL_AMOUNT\": 216168,\n        \"LAST_PMT_DUE_DATE\": \"20280910\"\n      }, {\n        \"AMOUNT\": 108085,\n        \"START_DATE\": \"20280901\",\n        \"PMT_DUE_DATE\": \"20281001\",\n        \"CURR_TERM\": 6,\n        \"PRINCIPAL\": 83335,\n        \"INTEREST\": 0,\n        \"FEE\": 0,\n        \"INST_HANDLE_FEE\": 24750,\n        \"ORIG_INST_HANDLE_FEE\": 24750,\n        \"REMAIN_TOTAL_AMOUNT\": 108085,\n        \"LAST_PMT_DUE_DATE\": \"20281010\"\n      }],\n      \"ORIG_LOAN_TOTAL_INST_HANDLE_FEE\": 148500,\n      \"MONTH_INST_HANDLE_FEE_RATE\": 0.0495,\n      \"UPFRONT_ADMIN_FEE\": 30000,\n      \"FIRST_PMT_DATE\": \"20280510\",\n      \"FUND_AMT\": 470000,\n      \"LOAN_TOTAL_INTEREST\": 0,\n      \"TOTAL_AMOUNT\": 648500,\n      \"FIRST_BILL_DATE\": \"20280501\",\n      \"BILLING_CYCLE\": 1,\n      \"FIRST_BILL_AMT\": 108083,\n      \"LOAN_TOTAL_FEE\": 0,\n      \"LOAN_TOTAL_WAIVED_INT\": 0,\n      \"MONTH_ORIG_INST_HANDLE_FEE\": 24750\n    }, {\n      \"LOAN_INIT_PRIN\": 500000,\n      \"LOAN_INIT_TERM\": 12,\n      \"LOAN_TOTAL_INST_HANDLE_FEE\": 297000,\n      \"INT_RATE\": 0,\n      \"UPFRONT_ADMIN_FEE_RATE\": 0.06,\n      \"SCHEDULE_LIST\": [{\n        \"AMOUNT\": 66416,\n        \"START_DATE\": \"20280412\",\n        \"PMT_DUE_DATE\": \"20280501\",\n        \"CURR_TERM\": 1,\n        \"PRINCIPAL\": 41666,\n        \"INTEREST\": 0,\n        \"FEE\": 0,\n        \"INST_HANDLE_FEE\": 24750,\n        \"ORIG_INST_HANDLE_FEE\": 24750,\n        \"REMAIN_TOTAL_AMOUNT\": 797000,\n        \"LAST_PMT_DUE_DATE\": \"20280510\"\n      }, {\n        \"AMOUNT\": 66416,\n        \"START_DATE\": \"20280501\",\n        \"PMT_DUE_DATE\": \"20280601\",\n        \"CURR_TERM\": 2,\n        \"PRINCIPAL\": 41666,\n        \"INTEREST\": 0,\n        \"FEE\": 0,\n        \"INST_HANDLE_FEE\": 24750,\n        \"ORIG_INST_HANDLE_FEE\": 24750,\n        \"REMAIN_TOTAL_AMOUNT\": 730584,\n        \"LAST_PMT_DUE_DATE\": \"20280610\"\n      }, {\n        \"AMOUNT\": 66416,\n        \"START_DATE\": \"20280601\",\n        \"PMT_DUE_DATE\": \"20280701\",\n        \"CURR_TERM\": 3,\n        \"PRINCIPAL\": 41666,\n        \"INTEREST\": 0,\n        \"FEE\": 0,\n        \"INST_HANDLE_FEE\": 24750,\n        \"ORIG_INST_HANDLE_FEE\": 24750,\n        \"REMAIN_TOTAL_AMOUNT\": 664168,\n        \"LAST_PMT_DUE_DATE\": \"20280710\"\n      }, {\n        \"AMOUNT\": 66416,\n        \"START_DATE\": \"20280701\",\n        \"PMT_DUE_DATE\": \"20280801\",\n        \"CURR_TERM\": 4,\n        \"PRINCIPAL\": 41666,\n        \"INTEREST\": 0,\n        \"FEE\": 0,\n        \"INST_HANDLE_FEE\": 24750,\n        \"ORIG_INST_HANDLE_FEE\": 24750,\n        \"REMAIN_TOTAL_AMOUNT\": 597752,\n        \"LAST_PMT_DUE_DATE\": \"20280810\"\n      }, {\n        \"AMOUNT\": 66416,\n        \"START_DATE\": \"20280801\",\n        \"PMT_DUE_DATE\": \"20280901\",\n        \"CURR_TERM\": 5,\n        \"PRINCIPAL\": 41666,\n        \"INTEREST\": 0,\n        \"FEE\": 0,\n        \"INST_HANDLE_FEE\": 24750,\n        \"ORIG_INST_HANDLE_FEE\": 24750,\n        \"REMAIN_TOTAL_AMOUNT\": 531336,\n        \"LAST_PMT_DUE_DATE\": \"20280910\"\n      }, {\n        \"AMOUNT\": 66416,\n        \"START_DATE\": \"20280901\",\n        \"PMT_DUE_DATE\": \"20281001\",\n        \"CURR_TERM\": 6,\n        \"PRINCIPAL\": 41666,\n        \"INTEREST\": 0,\n        \"FEE\": 0,\n        \"INST_HANDLE_FEE\": 24750,\n        \"ORIG_INST_HANDLE_FEE\": 24750,\n        \"REMAIN_TOTAL_AMOUNT\": 464920,\n        \"LAST_PMT_DUE_DATE\": \"20281010\"\n      }, {\n        \"AMOUNT\": 66416,\n        \"START_DATE\": \"20281001\",\n        \"PMT_DUE_DATE\": \"20281101\",\n        \"CURR_TERM\": 7,\n        \"PRINCIPAL\": 41666,\n        \"INTEREST\": 0,\n        \"FEE\": 0,\n        \"INST_HANDLE_FEE\": 24750,\n        \"ORIG_INST_HANDLE_FEE\": 24750,\n        \"REMAIN_TOTAL_AMOUNT\": 398504,\n        \"LAST_PMT_DUE_DATE\": \"20281110\"\n      }, {\n        \"AMOUNT\": 66416,\n        \"START_DATE\": \"20281101\",\n        \"PMT_DUE_DATE\": \"20281201\",\n        \"CURR_TERM\": 8,\n        \"PRINCIPAL\": 41666,\n        \"INTEREST\": 0,\n        \"FEE\": 0,\n        \"INST_HANDLE_FEE\": 24750,\n        \"ORIG_INST_HANDLE_FEE\": 24750,\n        \"REMAIN_TOTAL_AMOUNT\": 332088,\n        \"LAST_PMT_DUE_DATE\": \"20281210\"\n      }, {\n        \"AMOUNT\": 66416,\n        \"START_DATE\": \"20281201\",\n        \"PMT_DUE_DATE\": \"20290101\",\n        \"CURR_TERM\": 9,\n        \"PRINCIPAL\": 41666,\n        \"INTEREST\": 0,\n        \"FEE\": 0,\n        \"INST_HANDLE_FEE\": 24750,\n        \"ORIG_INST_HANDLE_FEE\": 24750,\n        \"REMAIN_TOTAL_AMOUNT\": 265672,\n        \"LAST_PMT_DUE_DATE\": \"20290110\"\n      }, {\n        \"AMOUNT\": 66416,\n        \"START_DATE\": \"20290101\",\n        \"PMT_DUE_DATE\": \"20290201\",\n        \"CURR_TERM\": 10,\n        \"PRINCIPAL\": 41666,\n        \"INTEREST\": 0,\n        \"FEE\": 0,\n        \"INST_HANDLE_FEE\": 24750,\n        \"ORIG_INST_HANDLE_FEE\": 24750,\n        \"REMAIN_TOTAL_AMOUNT\": 199256,\n        \"LAST_PMT_DUE_DATE\": \"20290210\"\n      }, {\n        \"AMOUNT\": 66416,\n        \"START_DATE\": \"20290201\",\n        \"PMT_DUE_DATE\": \"20290301\",\n        \"CURR_TERM\": 11,\n        \"PRINCIPAL\": 41666,\n        \"INTEREST\": 0,\n        \"FEE\": 0,\n        \"INST_HANDLE_FEE\": 24750,\n        \"ORIG_INST_HANDLE_FEE\": 24750,\n        \"REMAIN_TOTAL_AMOUNT\": 132840,\n        \"LAST_PMT_DUE_DATE\": \"20290310\"\n      }, {\n        \"AMOUNT\": 66424,\n        \"START_DATE\": \"20290301\",\n        \"PMT_DUE_DATE\": \"20290401\",\n        \"CURR_TERM\": 12,\n        \"PRINCIPAL\": 41674,\n        \"INTEREST\": 0,\n        \"FEE\": 0,\n        \"INST_HANDLE_FEE\": 24750,\n        \"ORIG_INST_HANDLE_FEE\": 24750,\n        \"REMAIN_TOTAL_AMOUNT\": 66424,\n        \"LAST_PMT_DUE_DATE\": \"20290410\"\n      }],\n      \"ORIG_LOAN_TOTAL_INST_HANDLE_FEE\": 297000,\n      \"MONTH_INST_HANDLE_FEE_RATE\": 0.0495,\n      \"UPFRONT_ADMIN_FEE\": 30000,\n      \"FIRST_PMT_DATE\": \"20280510\",\n      \"FUND_AMT\": 470000,\n      \"LOAN_TOTAL_INTEREST\": 0,\n      \"TOTAL_AMOUNT\": 797000,\n      \"FIRST_BILL_DATE\": \"20280501\",\n      \"BILLING_CYCLE\": 1,\n      \"FIRST_BILL_AMT\": 66416,\n      \"LOAN_TOTAL_FEE\": 0,\n      \"LOAN_TOTAL_WAIVED_INT\": 0,\n      \"MONTH_ORIG_INST_HANDLE_FEE\": 24750\n    }, {\n      \"LOAN_INIT_PRIN\": 500000,\n      \"LOAN_INIT_TERM\": 18,\n      \"LOAN_TOTAL_INST_HANDLE_FEE\": 445500,\n      \"INT_RATE\": 0,\n      \"UPFRONT_ADMIN_FEE_RATE\": 0.06,\n      \"SCHEDULE_LIST\": [{\n        \"AMOUNT\": 52527,\n        \"START_DATE\": \"20280412\",\n        \"PMT_DUE_DATE\": \"20280501\",\n        \"CURR_TERM\": 1,\n        \"PRINCIPAL\": 27777,\n        \"INTEREST\": 0,\n        \"FEE\": 0,\n        \"INST_HANDLE_FEE\": 24750,\n        \"ORIG_INST_HANDLE_FEE\": 24750,\n        \"REMAIN_TOTAL_AMOUNT\": 945500,\n        \"LAST_PMT_DUE_DATE\": \"20280510\"\n      }, {\n        \"AMOUNT\": 52527,\n        \"START_DATE\": \"20280501\",\n        \"PMT_DUE_DATE\": \"20280601\",\n        \"CURR_TERM\": 2,\n        \"PRINCIPAL\": 27777,\n        \"INTEREST\": 0,\n        \"FEE\": 0,\n        \"INST_HANDLE_FEE\": 24750,\n        \"ORIG_INST_HANDLE_FEE\": 24750,\n        \"REMAIN_TOTAL_AMOUNT\": 892973,\n        \"LAST_PMT_DUE_DATE\": \"20280610\"\n      }, {\n        \"AMOUNT\": 52527,\n        \"START_DATE\": \"20280601\",\n        \"PMT_DUE_DATE\": \"20280701\",\n        \"CURR_TERM\": 3,\n        \"PRINCIPAL\": 27777,\n        \"INTEREST\": 0,\n        \"FEE\": 0,\n        \"INST_HANDLE_FEE\": 24750,\n        \"ORIG_INST_HANDLE_FEE\": 24750,\n        \"REMAIN_TOTAL_AMOUNT\": 840446,\n        \"LAST_PMT_DUE_DATE\": \"20280710\"\n      }, {\n        \"AMOUNT\": 52527,\n        \"START_DATE\": \"20280701\",\n        \"PMT_DUE_DATE\": \"20280801\",\n        \"CURR_TERM\": 4,\n        \"PRINCIPAL\": 27777,\n        \"INTEREST\": 0,\n        \"FEE\": 0,\n        \"INST_HANDLE_FEE\": 24750,\n        \"ORIG_INST_HANDLE_FEE\": 24750,\n        \"REMAIN_TOTAL_AMOUNT\": 787919,\n        \"LAST_PMT_DUE_DATE\": \"20280810\"\n      }, {\n        \"AMOUNT\": 52527,\n        \"START_DATE\": \"20280801\",\n        \"PMT_DUE_DATE\": \"20280901\",\n        \"CURR_TERM\": 5,\n        \"PRINCIPAL\": 27777,\n        \"INTEREST\": 0,\n        \"FEE\": 0,\n        \"INST_HANDLE_FEE\": 24750,\n        \"ORIG_INST_HANDLE_FEE\": 24750,\n        \"REMAIN_TOTAL_AMOUNT\": 735392,\n        \"LAST_PMT_DUE_DATE\": \"20280910\"\n      }, {\n        \"AMOUNT\": 52527,\n        \"START_DATE\": \"20280901\",\n        \"PMT_DUE_DATE\": \"20281001\",\n        \"CURR_TERM\": 6,\n        \"PRINCIPAL\": 27777,\n        \"INTEREST\": 0,\n        \"FEE\": 0,\n        \"INST_HANDLE_FEE\": 24750,\n        \"ORIG_INST_HANDLE_FEE\": 24750,\n        \"REMAIN_TOTAL_AMOUNT\": 682865,\n        \"LAST_PMT_DUE_DATE\": \"20281010\"\n      }, {\n        \"AMOUNT\": 52527,\n        \"START_DATE\": \"20281001\",\n        \"PMT_DUE_DATE\": \"20281101\",\n        \"CURR_TERM\": 7,\n        \"PRINCIPAL\": 27777,\n        \"INTEREST\": 0,\n        \"FEE\": 0,\n        \"INST_HANDLE_FEE\": 24750,\n        \"ORIG_INST_HANDLE_FEE\": 24750,\n        \"REMAIN_TOTAL_AMOUNT\": 630338,\n        \"LAST_PMT_DUE_DATE\": \"20281110\"\n      }, {\n        \"AMOUNT\": 52527,\n        \"START_DATE\": \"20281101\",\n        \"PMT_DUE_DATE\": \"20281201\",\n        \"CURR_TERM\": 8,\n        \"PRINCIPAL\": 27777,\n        \"INTEREST\": 0,\n        \"FEE\": 0,\n        \"INST_HANDLE_FEE\": 24750,\n        \"ORIG_INST_HANDLE_FEE\": 24750,\n        \"REMAIN_TOTAL_AMOUNT\": 577811,\n        \"LAST_PMT_DUE_DATE\": \"20281210\"\n      }, {\n        \"AMOUNT\": 52527,\n        \"START_DATE\": \"20281201\",\n        \"PMT_DUE_DATE\": \"20290101\",\n        \"CURR_TERM\": 9,\n        \"PRINCIPAL\": 27777,\n        \"INTEREST\": 0,\n        \"FEE\": 0,\n        \"INST_HANDLE_FEE\": 24750,\n        \"ORIG_INST_HANDLE_FEE\": 24750,\n        \"REMAIN_TOTAL_AMOUNT\": 525284,\n        \"LAST_PMT_DUE_DATE\": \"20290110\"\n      }, {\n        \"AMOUNT\": 52527,\n        \"START_DATE\": \"20290101\",\n        \"PMT_DUE_DATE\": \"20290201\",\n        \"CURR_TERM\": 10,\n        \"PRINCIPAL\": 27777,\n        \"INTEREST\": 0,\n        \"FEE\": 0,\n        \"INST_HANDLE_FEE\": 24750,\n        \"ORIG_INST_HANDLE_FEE\": 24750,\n        \"REMAIN_TOTAL_AMOUNT\": 472757,\n        \"LAST_PMT_DUE_DATE\": \"20290210\"\n      }, {\n        \"AMOUNT\": 52527,\n        \"START_DATE\": \"20290201\",\n        \"PMT_DUE_DATE\": \"20290301\",\n        \"CURR_TERM\": 11,\n        \"PRINCIPAL\": 27777,\n        \"INTEREST\": 0,\n        \"FEE\": 0,\n        \"INST_HANDLE_FEE\": 24750,\n        \"ORIG_INST_HANDLE_FEE\": 24750,\n        \"REMAIN_TOTAL_AMOUNT\": 420230,\n        \"LAST_PMT_DUE_DATE\": \"20290310\"\n      }, {\n        \"AMOUNT\": 52527,\n        \"START_DATE\": \"20290301\",\n        \"PMT_DUE_DATE\": \"20290401\",\n        \"CURR_TERM\": 12,\n        \"PRINCIPAL\": 27777,\n        \"INTEREST\": 0,\n        \"FEE\": 0,\n        \"INST_HANDLE_FEE\": 24750,\n        \"ORIG_INST_HANDLE_FEE\": 24750,\n        \"REMAIN_TOTAL_AMOUNT\": 367703,\n        \"LAST_PMT_DUE_DATE\": \"20290410\"\n      }, {\n        \"AMOUNT\": 52527,\n        \"START_DATE\": \"20290401\",\n        \"PMT_DUE_DATE\": \"20290501\",\n        \"CURR_TERM\": 13,\n        \"PRINCIPAL\": 27777,\n        \"INTEREST\": 0,\n        \"FEE\": 0,\n        \"INST_HANDLE_FEE\": 24750,\n        \"ORIG_INST_HANDLE_FEE\": 24750,\n        \"REMAIN_TOTAL_AMOUNT\": 315176,\n        \"LAST_PMT_DUE_DATE\": \"20290510\"\n      }, {\n        \"AMOUNT\": 52527,\n        \"START_DATE\": \"20290501\",\n        \"PMT_DUE_DATE\": \"20290601\",\n        \"CURR_TERM\": 14,\n        \"PRINCIPAL\": 27777,\n        \"INTEREST\": 0,\n        \"FEE\": 0,\n        \"INST_HANDLE_FEE\": 24750,\n        \"ORIG_INST_HANDLE_FEE\": 24750,\n        \"REMAIN_TOTAL_AMOUNT\": 262649,\n        \"LAST_PMT_DUE_DATE\": \"20290610\"\n      }, {\n        \"AMOUNT\": 52527,\n        \"START_DATE\": \"20290601\",\n        \"PMT_DUE_DATE\": \"20290701\",\n        \"CURR_TERM\": 15,\n        \"PRINCIPAL\": 27777,\n        \"INTEREST\": 0,\n        \"FEE\": 0,\n        \"INST_HANDLE_FEE\": 24750,\n        \"ORIG_INST_HANDLE_FEE\": 24750,\n        \"REMAIN_TOTAL_AMOUNT\": 210122,\n        \"LAST_PMT_DUE_DATE\": \"20290710\"\n      }, {\n        \"AMOUNT\": 52527,\n        \"START_DATE\": \"20290701\",\n        \"PMT_DUE_DATE\": \"20290801\",\n        \"CURR_TERM\": 16,\n        \"PRINCIPAL\": 27777,\n        \"INTEREST\": 0,\n        \"FEE\": 0,\n        \"INST_HANDLE_FEE\": 24750,\n        \"ORIG_INST_HANDLE_FEE\": 24750,\n        \"REMAIN_TOTAL_AMOUNT\": 157595,\n        \"LAST_PMT_DUE_DATE\": \"20290810\"\n      }, {\n        \"AMOUNT\": 52527,\n        \"START_DATE\": \"20290801\",\n        \"PMT_DUE_DATE\": \"20290901\",\n        \"CURR_TERM\": 17,\n        \"PRINCIPAL\": 27777,\n        \"INTEREST\": 0,\n        \"FEE\": 0,\n        \"INST_HANDLE_FEE\": 24750,\n        \"ORIG_INST_HANDLE_FEE\": 24750,\n        \"REMAIN_TOTAL_AMOUNT\": 105068,\n        \"LAST_PMT_DUE_DATE\": \"20290910\"\n      }, {\n        \"AMOUNT\": 52541,\n        \"START_DATE\": \"20290901\",\n        \"PMT_DUE_DATE\": \"20291001\",\n        \"CURR_TERM\": 18,\n        \"PRINCIPAL\": 27791,\n        \"INTEREST\": 0,\n        \"FEE\": 0,\n        \"INST_HANDLE_FEE\": 24750,\n        \"ORIG_INST_HANDLE_FEE\": 24750,\n        \"REMAIN_TOTAL_AMOUNT\": 52541,\n        \"LAST_PMT_DUE_DATE\": \"20291010\"\n      }],\n      \"ORIG_LOAN_TOTAL_INST_HANDLE_FEE\": 445500,\n      \"MONTH_INST_HANDLE_FEE_RATE\": 0.0495,\n      \"UPFRONT_ADMIN_FEE\": 30000,\n      \"FIRST_PMT_DATE\": \"20280510\",\n      \"FUND_AMT\": 470000,\n      \"LOAN_TOTAL_INTEREST\": 0,\n      \"TOTAL_AMOUNT\": 945500,\n      \"FIRST_BILL_DATE\": \"20280501\",\n      \"BILLING_CYCLE\": 1,\n      \"FIRST_BILL_AMT\": 52527,\n      \"LOAN_TOTAL_FEE\": 0,\n      \"LOAN_TOTAL_WAIVED_INT\": 0,\n      \"MONTH_ORIG_INST_HANDLE_FEE\": 24750\n    }, {\n      \"LOAN_INIT_PRIN\": 500000,\n      \"LOAN_INIT_TERM\": 24,\n      \"LOAN_TOTAL_INST_HANDLE_FEE\": 594000,\n      \"INT_RATE\": 0,\n      \"UPFRONT_ADMIN_FEE_RATE\": 0.06,\n      \"SCHEDULE_LIST\": [{\n        \"AMOUNT\": 45583,\n        \"START_DATE\": \"20280412\",\n        \"PMT_DUE_DATE\": \"20280501\",\n        \"CURR_TERM\": 1,\n        \"PRINCIPAL\": 20833,\n        \"INTEREST\": 0,\n        \"FEE\": 0,\n        \"INST_HANDLE_FEE\": 24750,\n        \"ORIG_INST_HANDLE_FEE\": 24750,\n        \"REMAIN_TOTAL_AMOUNT\": 1094000,\n        \"LAST_PMT_DUE_DATE\": \"20280510\"\n      }, {\n        \"AMOUNT\": 45583,\n        \"START_DATE\": \"20280501\",\n        \"PMT_DUE_DATE\": \"20280601\",\n        \"CURR_TERM\": 2,\n        \"PRINCIPAL\": 20833,\n        \"INTEREST\": 0,\n        \"FEE\": 0,\n        \"INST_HANDLE_FEE\": 24750,\n        \"ORIG_INST_HANDLE_FEE\": 24750,\n        \"REMAIN_TOTAL_AMOUNT\": 1048417,\n        \"LAST_PMT_DUE_DATE\": \"20280610\"\n      }, {\n        \"AMOUNT\": 45583,\n        \"START_DATE\": \"20280601\",\n        \"PMT_DUE_DATE\": \"20280701\",\n        \"CURR_TERM\": 3,\n        \"PRINCIPAL\": 20833,\n        \"INTEREST\": 0,\n        \"FEE\": 0,\n        \"INST_HANDLE_FEE\": 24750,\n        \"ORIG_INST_HANDLE_FEE\": 24750,\n        \"REMAIN_TOTAL_AMOUNT\": 1002834,\n        \"LAST_PMT_DUE_DATE\": \"20280710\"\n      }, {\n        \"AMOUNT\": 45583,\n        \"START_DATE\": \"20280701\",\n        \"PMT_DUE_DATE\": \"20280801\",\n        \"CURR_TERM\": 4,\n        \"PRINCIPAL\": 20833,\n        \"INTEREST\": 0,\n        \"FEE\": 0,\n        \"INST_HANDLE_FEE\": 24750,\n        \"ORIG_INST_HANDLE_FEE\": 24750,\n        \"REMAIN_TOTAL_AMOUNT\": 957251,\n        \"LAST_PMT_DUE_DATE\": \"20280810\"\n      }, {\n        \"AMOUNT\": 45583,\n        \"START_DATE\": \"20280801\",\n        \"PMT_DUE_DATE\": \"20280901\",\n        \"CURR_TERM\": 5,\n        \"PRINCIPAL\": 20833,\n        \"INTEREST\": 0,\n        \"FEE\": 0,\n        \"INST_HANDLE_FEE\": 24750,\n        \"ORIG_INST_HANDLE_FEE\": 24750,\n        \"REMAIN_TOTAL_AMOUNT\": 911668,\n        \"LAST_PMT_DUE_DATE\": \"20280910\"\n      }, {\n        \"AMOUNT\": 45583,\n        \"START_DATE\": \"20280901\",\n        \"PMT_DUE_DATE\": \"20281001\",\n        \"CURR_TERM\": 6,\n        \"PRINCIPAL\": 20833,\n        \"INTEREST\": 0,\n        \"FEE\": 0,\n        \"INST_HANDLE_FEE\": 24750,\n        \"ORIG_INST_HANDLE_FEE\": 24750,\n        \"REMAIN_TOTAL_AMOUNT\": 866085,\n        \"LAST_PMT_DUE_DATE\": \"20281010\"\n      }, {\n        \"AMOUNT\": 45583,\n        \"START_DATE\": \"20281001\",\n        \"PMT_DUE_DATE\": \"20281101\",\n        \"CURR_TERM\": 7,\n        \"PRINCIPAL\": 20833,\n        \"INTEREST\": 0,\n        \"FEE\": 0,\n        \"INST_HANDLE_FEE\": 24750,\n        \"ORIG_INST_HANDLE_FEE\": 24750,\n        \"REMAIN_TOTAL_AMOUNT\": 820502,\n        \"LAST_PMT_DUE_DATE\": \"20281110\"\n      }, {\n        \"AMOUNT\": 45583,\n        \"START_DATE\": \"20281101\",\n        \"PMT_DUE_DATE\": \"20281201\",\n        \"CURR_TERM\": 8,\n        \"PRINCIPAL\": 20833,\n        \"INTEREST\": 0,\n        \"FEE\": 0,\n        \"INST_HANDLE_FEE\": 24750,\n        \"ORIG_INST_HANDLE_FEE\": 24750,\n        \"REMAIN_TOTAL_AMOUNT\": 774919,\n        \"LAST_PMT_DUE_DATE\": \"20281210\"\n      }, {\n        \"AMOUNT\": 45583,\n        \"START_DATE\": \"20281201\",\n        \"PMT_DUE_DATE\": \"20290101\",\n        \"CURR_TERM\": 9,\n        \"PRINCIPAL\": 20833,\n        \"INTEREST\": 0,\n        \"FEE\": 0,\n        \"INST_HANDLE_FEE\": 24750,\n        \"ORIG_INST_HANDLE_FEE\": 24750,\n        \"REMAIN_TOTAL_AMOUNT\": 729336,\n        \"LAST_PMT_DUE_DATE\": \"20290110\"\n      }, {\n        \"AMOUNT\": 45583,\n        \"START_DATE\": \"20290101\",\n        \"PMT_DUE_DATE\": \"20290201\",\n        \"CURR_TERM\": 10,\n        \"PRINCIPAL\": 20833,\n        \"INTEREST\": 0,\n        \"FEE\": 0,\n        \"INST_HANDLE_FEE\": 24750,\n        \"ORIG_INST_HANDLE_FEE\": 24750,\n        \"REMAIN_TOTAL_AMOUNT\": 683753,\n        \"LAST_PMT_DUE_DATE\": \"20290210\"\n      }, {\n        \"AMOUNT\": 45583,\n        \"START_DATE\": \"20290201\",\n        \"PMT_DUE_DATE\": \"20290301\",\n        \"CURR_TERM\": 11,\n        \"PRINCIPAL\": 20833,\n        \"INTEREST\": 0,\n        \"FEE\": 0,\n        \"INST_HANDLE_FEE\": 24750,\n        \"ORIG_INST_HANDLE_FEE\": 24750,\n        \"REMAIN_TOTAL_AMOUNT\": 638170,\n        \"LAST_PMT_DUE_DATE\": \"20290310\"\n      }, {\n        \"AMOUNT\": 45583,\n        \"START_DATE\": \"20290301\",\n        \"PMT_DUE_DATE\": \"20290401\",\n        \"CURR_TERM\": 12,\n        \"PRINCIPAL\": 20833,\n        \"INTEREST\": 0,\n        \"FEE\": 0,\n        \"INST_HANDLE_FEE\": 24750,\n        \"ORIG_INST_HANDLE_FEE\": 24750,\n        \"REMAIN_TOTAL_AMOUNT\": 592587,\n        \"LAST_PMT_DUE_DATE\": \"20290410\"\n      }, {\n        \"AMOUNT\": 45583,\n        \"START_DATE\": \"20290401\",\n        \"PMT_DUE_DATE\": \"20290501\",\n        \"CURR_TERM\": 13,\n        \"PRINCIPAL\": 20833,\n        \"INTEREST\": 0,\n        \"FEE\": 0,\n        \"INST_HANDLE_FEE\": 24750,\n        \"ORIG_INST_HANDLE_FEE\": 24750,\n        \"REMAIN_TOTAL_AMOUNT\": 547004,\n        \"LAST_PMT_DUE_DATE\": \"20290510\"\n      }, {\n        \"AMOUNT\": 45583,\n        \"START_DATE\": \"20290501\",\n        \"PMT_DUE_DATE\": \"20290601\",\n        \"CURR_TERM\": 14,\n        \"PRINCIPAL\": 20833,\n        \"INTEREST\": 0,\n        \"FEE\": 0,\n        \"INST_HANDLE_FEE\": 24750,\n        \"ORIG_INST_HANDLE_FEE\": 24750,\n        \"REMAIN_TOTAL_AMOUNT\": 501421,\n        \"LAST_PMT_DUE_DATE\": \"20290610\"\n      }, {\n        \"AMOUNT\": 45583,\n        \"START_DATE\": \"20290601\",\n        \"PMT_DUE_DATE\": \"20290701\",\n        \"CURR_TERM\": 15,\n        \"PRINCIPAL\": 20833,\n        \"INTEREST\": 0,\n        \"FEE\": 0,\n        \"INST_HANDLE_FEE\": 24750,\n        \"ORIG_INST_HANDLE_FEE\": 24750,\n        \"REMAIN_TOTAL_AMOUNT\": 455838,\n        \"LAST_PMT_DUE_DATE\": \"20290710\"\n      }, {\n        \"AMOUNT\": 45583,\n        \"START_DATE\": \"20290701\",\n        \"PMT_DUE_DATE\": \"20290801\",\n        \"CURR_TERM\": 16,\n        \"PRINCIPAL\": 20833,\n        \"INTEREST\": 0,\n        \"FEE\": 0,\n        \"INST_HANDLE_FEE\": 24750,\n        \"ORIG_INST_HANDLE_FEE\": 24750,\n        \"REMAIN_TOTAL_AMOUNT\": 410255,\n        \"LAST_PMT_DUE_DATE\": \"20290810\"\n      }, {\n        \"AMOUNT\": 45583,\n        \"START_DATE\": \"20290801\",\n        \"PMT_DUE_DATE\": \"20290901\",\n        \"CURR_TERM\": 17,\n        \"PRINCIPAL\": 20833,\n        \"INTEREST\": 0,\n        \"FEE\": 0,\n        \"INST_HANDLE_FEE\": 24750,\n        \"ORIG_INST_HANDLE_FEE\": 24750,\n        \"REMAIN_TOTAL_AMOUNT\": 364672,\n        \"LAST_PMT_DUE_DATE\": \"20290910\"\n      }, {\n        \"AMOUNT\": 45583,\n        \"START_DATE\": \"20290901\",\n        \"PMT_DUE_DATE\": \"20291001\",\n        \"CURR_TERM\": 18,\n        \"PRINCIPAL\": 20833,\n        \"INTEREST\": 0,\n        \"FEE\": 0,\n        \"INST_HANDLE_FEE\": 24750,\n        \"ORIG_INST_HANDLE_FEE\": 24750,\n        \"REMAIN_TOTAL_AMOUNT\": 319089,\n        \"LAST_PMT_DUE_DATE\": \"20291010\"\n      }, {\n        \"AMOUNT\": 45583,\n        \"START_DATE\": \"20291001\",\n        \"PMT_DUE_DATE\": \"20291101\",\n        \"CURR_TERM\": 19,\n        \"PRINCIPAL\": 20833,\n        \"INTEREST\": 0,\n        \"FEE\": 0,\n        \"INST_HANDLE_FEE\": 24750,\n        \"ORIG_INST_HANDLE_FEE\": 24750,\n        \"REMAIN_TOTAL_AMOUNT\": 273506,\n        \"LAST_PMT_DUE_DATE\": \"20291110\"\n      }, {\n        \"AMOUNT\": 45583,\n        \"START_DATE\": \"20291101\",\n        \"PMT_DUE_DATE\": \"20291201\",\n        \"CURR_TERM\": 20,\n        \"PRINCIPAL\": 20833,\n        \"INTEREST\": 0,\n        \"FEE\": 0,\n        \"INST_HANDLE_FEE\": 24750,\n        \"ORIG_INST_HANDLE_FEE\": 24750,\n        \"REMAIN_TOTAL_AMOUNT\": 227923,\n        \"LAST_PMT_DUE_DATE\": \"20291210\"\n      }, {\n        \"AMOUNT\": 45583,\n        \"START_DATE\": \"20291201\",\n        \"PMT_DUE_DATE\": \"20300101\",\n        \"CURR_TERM\": 21,\n        \"PRINCIPAL\": 20833,\n        \"INTEREST\": 0,\n        \"FEE\": 0,\n        \"INST_HANDLE_FEE\": 24750,\n        \"ORIG_INST_HANDLE_FEE\": 24750,\n        \"REMAIN_TOTAL_AMOUNT\": 182340,\n        \"LAST_PMT_DUE_DATE\": \"20300110\"\n      }, {\n        \"AMOUNT\": 45583,\n        \"START_DATE\": \"20300101\",\n        \"PMT_DUE_DATE\": \"20300201\",\n        \"CURR_TERM\": 22,\n        \"PRINCIPAL\": 20833,\n        \"INTEREST\": 0,\n        \"FEE\": 0,\n        \"INST_HANDLE_FEE\": 24750,\n        \"ORIG_INST_HANDLE_FEE\": 24750,\n        \"REMAIN_TOTAL_AMOUNT\": 136757,\n        \"LAST_PMT_DUE_DATE\": \"20300210\"\n      }, {\n        \"AMOUNT\": 45583,\n        \"START_DATE\": \"20300201\",\n        \"PMT_DUE_DATE\": \"20300301\",\n        \"CURR_TERM\": 23,\n        \"PRINCIPAL\": 20833,\n        \"INTEREST\": 0,\n        \"FEE\": 0,\n        \"INST_HANDLE_FEE\": 24750,\n        \"ORIG_INST_HANDLE_FEE\": 24750,\n        \"REMAIN_TOTAL_AMOUNT\": 91174,\n        \"LAST_PMT_DUE_DATE\": \"20300310\"\n      }, {\n        \"AMOUNT\": 45591,\n        \"START_DATE\": \"20300301\",\n        \"PMT_DUE_DATE\": \"20300401\",\n        \"CURR_TERM\": 24,\n        \"PRINCIPAL\": 20841,\n        \"INTEREST\": 0,\n        \"FEE\": 0,\n        \"INST_HANDLE_FEE\": 24750,\n        \"ORIG_INST_HANDLE_FEE\": 24750,\n        \"REMAIN_TOTAL_AMOUNT\": 45591,\n        \"LAST_PMT_DUE_DATE\": \"20300410\"\n      }],\n      \"ORIG_LOAN_TOTAL_INST_HANDLE_FEE\": 594000,\n      \"MONTH_INST_HANDLE_FEE_RATE\": 0.0495,\n      \"UPFRONT_ADMIN_FEE\": 30000,\n      \"FIRST_PMT_DATE\": \"20280510\",\n      \"FUND_AMT\": 470000,\n      \"LOAN_TOTAL_INTEREST\": 0,\n      \"TOTAL_AMOUNT\": 1094000,\n      \"FIRST_BILL_DATE\": \"20280501\",\n      \"BILLING_CYCLE\": 1,\n      \"FIRST_BILL_AMT\": 45583,\n      \"LOAN_TOTAL_FEE\": 0,\n      \"LOAN_TOTAL_WAIVED_INT\": 0,\n      \"MONTH_ORIG_INST_HANDLE_FEE\": 24750\n    }, {\n      \"LOAN_INIT_PRIN\": 500000,\n      \"LOAN_INIT_TERM\": 36,\n      \"LOAN_TOTAL_INST_HANDLE_FEE\": 891000,\n      \"INT_RATE\": 0,\n      \"UPFRONT_ADMIN_FEE_RATE\": 0.06,\n      \"SCHEDULE_LIST\": [{\n        \"AMOUNT\": 38638,\n        \"START_DATE\": \"20280412\",\n        \"PMT_DUE_DATE\": \"20280501\",\n        \"CURR_TERM\": 1,\n        \"PRINCIPAL\": 13888,\n        \"INTEREST\": 0,\n        \"FEE\": 0,\n        \"INST_HANDLE_FEE\": 24750,\n        \"ORIG_INST_HANDLE_FEE\": 24750,\n        \"REMAIN_TOTAL_AMOUNT\": 1391000,\n        \"LAST_PMT_DUE_DATE\": \"20280510\"\n      }, {\n        \"AMOUNT\": 38638,\n        \"START_DATE\": \"20280501\",\n        \"PMT_DUE_DATE\": \"20280601\",\n        \"CURR_TERM\": 2,\n        \"PRINCIPAL\": 13888,\n        \"INTEREST\": 0,\n        \"FEE\": 0,\n        \"INST_HANDLE_FEE\": 24750,\n        \"ORIG_INST_HANDLE_FEE\": 24750,\n        \"REMAIN_TOTAL_AMOUNT\": 1352362,\n        \"LAST_PMT_DUE_DATE\": \"20280610\"\n      }, {\n        \"AMOUNT\": 38638,\n        \"START_DATE\": \"20280601\",\n        \"PMT_DUE_DATE\": \"20280701\",\n        \"CURR_TERM\": 3,\n        \"PRINCIPAL\": 13888,\n        \"INTEREST\": 0,\n        \"FEE\": 0,\n        \"INST_HANDLE_FEE\": 24750,\n        \"ORIG_INST_HANDLE_FEE\": 24750,\n        \"REMAIN_TOTAL_AMOUNT\": 1313724,\n        \"LAST_PMT_DUE_DATE\": \"20280710\"\n      }, {\n        \"AMOUNT\": 38638,\n        \"START_DATE\": \"20280701\",\n        \"PMT_DUE_DATE\": \"20280801\",\n        \"CURR_TERM\": 4,\n        \"PRINCIPAL\": 13888,\n        \"INTEREST\": 0,\n        \"FEE\": 0,\n        \"INST_HANDLE_FEE\": 24750,\n        \"ORIG_INST_HANDLE_FEE\": 24750,\n        \"REMAIN_TOTAL_AMOUNT\": 1275086,\n        \"LAST_PMT_DUE_DATE\": \"20280810\"\n      }, {\n        \"AMOUNT\": 38638,\n        \"START_DATE\": \"20280801\",\n        \"PMT_DUE_DATE\": \"20280901\",\n        \"CURR_TERM\": 5,\n        \"PRINCIPAL\": 13888,\n        \"INTEREST\": 0,\n        \"FEE\": 0,\n        \"INST_HANDLE_FEE\": 24750,\n        \"ORIG_INST_HANDLE_FEE\": 24750,\n        \"REMAIN_TOTAL_AMOUNT\": 1236448,\n        \"LAST_PMT_DUE_DATE\": \"20280910\"\n      }, {\n        \"AMOUNT\": 38638,\n        \"START_DATE\": \"20280901\",\n        \"PMT_DUE_DATE\": \"20281001\",\n        \"CURR_TERM\": 6,\n        \"PRINCIPAL\": 13888,\n        \"INTEREST\": 0,\n        \"FEE\": 0,\n        \"INST_HANDLE_FEE\": 24750,\n        \"ORIG_INST_HANDLE_FEE\": 24750,\n        \"REMAIN_TOTAL_AMOUNT\": 1197810,\n        \"LAST_PMT_DUE_DATE\": \"20281010\"\n      }, {\n        \"AMOUNT\": 38638,\n        \"START_DATE\": \"20281001\",\n        \"PMT_DUE_DATE\": \"20281101\",\n        \"CURR_TERM\": 7,\n        \"PRINCIPAL\": 13888,\n        \"INTEREST\": 0,\n        \"FEE\": 0,\n        \"INST_HANDLE_FEE\": 24750,\n        \"ORIG_INST_HANDLE_FEE\": 24750,\n        \"REMAIN_TOTAL_AMOUNT\": 1159172,\n        \"LAST_PMT_DUE_DATE\": \"20281110\"\n      }, {\n        \"AMOUNT\": 38638,\n        \"START_DATE\": \"20281101\",\n        \"PMT_DUE_DATE\": \"20281201\",\n        \"CURR_TERM\": 8,\n        \"PRINCIPAL\": 13888,\n        \"INTEREST\": 0,\n        \"FEE\": 0,\n        \"INST_HANDLE_FEE\": 24750,\n        \"ORIG_INST_HANDLE_FEE\": 24750,\n        \"REMAIN_TOTAL_AMOUNT\": 1120534,\n        \"LAST_PMT_DUE_DATE\": \"20281210\"\n      }, {\n        \"AMOUNT\": 38638,\n        \"START_DATE\": \"20281201\",\n        \"PMT_DUE_DATE\": \"20290101\",\n        \"CURR_TERM\": 9,\n        \"PRINCIPAL\": 13888,\n        \"INTEREST\": 0,\n        \"FEE\": 0,\n        \"INST_HANDLE_FEE\": 24750,\n        \"ORIG_INST_HANDLE_FEE\": 24750,\n        \"REMAIN_TOTAL_AMOUNT\": 1081896,\n        \"LAST_PMT_DUE_DATE\": \"20290110\"\n      }, {\n        \"AMOUNT\": 38638,\n        \"START_DATE\": \"20290101\",\n        \"PMT_DUE_DATE\": \"20290201\",\n        \"CURR_TERM\": 10,\n        \"PRINCIPAL\": 13888,\n        \"INTEREST\": 0,\n        \"FEE\": 0,\n        \"INST_HANDLE_FEE\": 24750,\n        \"ORIG_INST_HANDLE_FEE\": 24750,\n        \"REMAIN_TOTAL_AMOUNT\": 1043258,\n        \"LAST_PMT_DUE_DATE\": \"20290210\"\n      }, {\n        \"AMOUNT\": 38638,\n        \"START_DATE\": \"20290201\",\n        \"PMT_DUE_DATE\": \"20290301\",\n        \"CURR_TERM\": 11,\n        \"PRINCIPAL\": 13888,\n        \"INTEREST\": 0,\n        \"FEE\": 0,\n        \"INST_HANDLE_FEE\": 24750,\n        \"ORIG_INST_HANDLE_FEE\": 24750,\n        \"REMAIN_TOTAL_AMOUNT\": 1004620,\n        \"LAST_PMT_DUE_DATE\": \"20290310\"\n      }, {\n        \"AMOUNT\": 38638,\n        \"START_DATE\": \"20290301\",\n        \"PMT_DUE_DATE\": \"20290401\",\n        \"CURR_TERM\": 12,\n        \"PRINCIPAL\": 13888,\n        \"INTEREST\": 0,\n        \"FEE\": 0,\n        \"INST_HANDLE_FEE\": 24750,\n        \"ORIG_INST_HANDLE_FEE\": 24750,\n        \"REMAIN_TOTAL_AMOUNT\": 965982,\n        \"LAST_PMT_DUE_DATE\": \"20290410\"\n      }, {\n        \"AMOUNT\": 38638,\n        \"START_DATE\": \"20290401\",\n        \"PMT_DUE_DATE\": \"20290501\",\n        \"CURR_TERM\": 13,\n        \"PRINCIPAL\": 13888,\n        \"INTEREST\": 0,\n        \"FEE\": 0,\n        \"INST_HANDLE_FEE\": 24750,\n        \"ORIG_INST_HANDLE_FEE\": 24750,\n        \"REMAIN_TOTAL_AMOUNT\": 927344,\n        \"LAST_PMT_DUE_DATE\": \"20290510\"\n      }, {\n        \"AMOUNT\": 38638,\n        \"START_DATE\": \"20290501\",\n        \"PMT_DUE_DATE\": \"20290601\",\n        \"CURR_TERM\": 14,\n        \"PRINCIPAL\": 13888,\n        \"INTEREST\": 0,\n        \"FEE\": 0,\n        \"INST_HANDLE_FEE\": 24750,\n        \"ORIG_INST_HANDLE_FEE\": 24750,\n        \"REMAIN_TOTAL_AMOUNT\": 888706,\n        \"LAST_PMT_DUE_DATE\": \"20290610\"\n      }, {\n        \"AMOUNT\": 38638,\n        \"START_DATE\": \"20290601\",\n        \"PMT_DUE_DATE\": \"20290701\",\n        \"CURR_TERM\": 15,\n        \"PRINCIPAL\": 13888,\n        \"INTEREST\": 0,\n        \"FEE\": 0,\n        \"INST_HANDLE_FEE\": 24750,\n        \"ORIG_INST_HANDLE_FEE\": 24750,\n        \"REMAIN_TOTAL_AMOUNT\": 850068,\n        \"LAST_PMT_DUE_DATE\": \"20290710\"\n      }, {\n        \"AMOUNT\": 38638,\n        \"START_DATE\": \"20290701\",\n        \"PMT_DUE_DATE\": \"20290801\",\n        \"CURR_TERM\": 16,\n        \"PRINCIPAL\": 13888,\n        \"INTEREST\": 0,\n        \"FEE\": 0,\n        \"INST_HANDLE_FEE\": 24750,\n        \"ORIG_INST_HANDLE_FEE\": 24750,\n        \"REMAIN_TOTAL_AMOUNT\": 811430,\n        \"LAST_PMT_DUE_DATE\": \"20290810\"\n      }, {\n        \"AMOUNT\": 38638,\n        \"START_DATE\": \"20290801\",\n        \"PMT_DUE_DATE\": \"20290901\",\n        \"CURR_TERM\": 17,\n        \"PRINCIPAL\": 13888,\n        \"INTEREST\": 0,\n        \"FEE\": 0,\n        \"INST_HANDLE_FEE\": 24750,\n        \"ORIG_INST_HANDLE_FEE\": 24750,\n        \"REMAIN_TOTAL_AMOUNT\": 772792,\n        \"LAST_PMT_DUE_DATE\": \"20290910\"\n      }, {\n        \"AMOUNT\": 38638,\n        \"START_DATE\": \"20290901\",\n        \"PMT_DUE_DATE\": \"20291001\",\n        \"CURR_TERM\": 18,\n        \"PRINCIPAL\": 13888,\n        \"INTEREST\": 0,\n        \"FEE\": 0,\n        \"INST_HANDLE_FEE\": 24750,\n        \"ORIG_INST_HANDLE_FEE\": 24750,\n        \"REMAIN_TOTAL_AMOUNT\": 734154,\n        \"LAST_PMT_DUE_DATE\": \"20291010\"\n      }, {\n        \"AMOUNT\": 38638,\n        \"START_DATE\": \"20291001\",\n        \"PMT_DUE_DATE\": \"20291101\",\n        \"CURR_TERM\": 19,\n        \"PRINCIPAL\": 13888,\n        \"INTEREST\": 0,\n        \"FEE\": 0,\n        \"INST_HANDLE_FEE\": 24750,\n        \"ORIG_INST_HANDLE_FEE\": 24750,\n        \"REMAIN_TOTAL_AMOUNT\": 695516,\n        \"LAST_PMT_DUE_DATE\": \"20291110\"\n      }, {\n        \"AMOUNT\": 38638,\n        \"START_DATE\": \"20291101\",\n        \"PMT_DUE_DATE\": \"20291201\",\n        \"CURR_TERM\": 20,\n        \"PRINCIPAL\": 13888,\n        \"INTEREST\": 0,\n        \"FEE\": 0,\n        \"INST_HANDLE_FEE\": 24750,\n        \"ORIG_INST_HANDLE_FEE\": 24750,\n        \"REMAIN_TOTAL_AMOUNT\": 656878,\n        \"LAST_PMT_DUE_DATE\": \"20291210\"\n      }, {\n        \"AMOUNT\": 38638,\n        \"START_DATE\": \"20291201\",\n        \"PMT_DUE_DATE\": \"20300101\",\n        \"CURR_TERM\": 21,\n        \"PRINCIPAL\": 13888,\n        \"INTEREST\": 0,\n        \"FEE\": 0,\n        \"INST_HANDLE_FEE\": 24750,\n        \"ORIG_INST_HANDLE_FEE\": 24750,\n        \"REMAIN_TOTAL_AMOUNT\": 618240,\n        \"LAST_PMT_DUE_DATE\": \"20300110\"\n      }, {\n        \"AMOUNT\": 38638,\n        \"START_DATE\": \"20300101\",\n        \"PMT_DUE_DATE\": \"20300201\",\n        \"CURR_TERM\": 22,\n        \"PRINCIPAL\": 13888,\n        \"INTEREST\": 0,\n        \"FEE\": 0,\n        \"INST_HANDLE_FEE\": 24750,\n        \"ORIG_INST_HANDLE_FEE\": 24750,\n        \"REMAIN_TOTAL_AMOUNT\": 579602,\n        \"LAST_PMT_DUE_DATE\": \"20300210\"\n      }, {\n        \"AMOUNT\": 38638,\n        \"START_DATE\": \"20300201\",\n        \"PMT_DUE_DATE\": \"20300301\",\n        \"CURR_TERM\": 23,\n        \"PRINCIPAL\": 13888,\n        \"INTEREST\": 0,\n        \"FEE\": 0,\n        \"INST_HANDLE_FEE\": 24750,\n        \"ORIG_INST_HANDLE_FEE\": 24750,\n        \"REMAIN_TOTAL_AMOUNT\": 540964,\n        \"LAST_PMT_DUE_DATE\": \"20300310\"\n      }, {\n        \"AMOUNT\": 38638,\n        \"START_DATE\": \"20300301\",\n        \"PMT_DUE_DATE\": \"20300401\",\n        \"CURR_TERM\": 24,\n        \"PRINCIPAL\": 13888,\n        \"INTEREST\": 0,\n        \"FEE\": 0,\n        \"INST_HANDLE_FEE\": 24750,\n        \"ORIG_INST_HANDLE_FEE\": 24750,\n        \"REMAIN_TOTAL_AMOUNT\": 502326,\n        \"LAST_PMT_DUE_DATE\": \"20300410\"\n      }, {\n        \"AMOUNT\": 38638,\n        \"START_DATE\": \"20300401\",\n        \"PMT_DUE_DATE\": \"20300501\",\n        \"CURR_TERM\": 25,\n        \"PRINCIPAL\": 13888,\n        \"INTEREST\": 0,\n        \"FEE\": 0,\n        \"INST_HANDLE_FEE\": 24750,\n        \"ORIG_INST_HANDLE_FEE\": 24750,\n        \"REMAIN_TOTAL_AMOUNT\": 463688,\n        \"LAST_PMT_DUE_DATE\": \"20300510\"\n      }, {\n        \"AMOUNT\": 38638,\n        \"START_DATE\": \"20300501\",\n        \"PMT_DUE_DATE\": \"20300601\",\n        \"CURR_TERM\": 26,\n        \"PRINCIPAL\": 13888,\n        \"INTEREST\": 0,\n        \"FEE\": 0,\n        \"INST_HANDLE_FEE\": 24750,\n        \"ORIG_INST_HANDLE_FEE\": 24750,\n        \"REMAIN_TOTAL_AMOUNT\": 425050,\n        \"LAST_PMT_DUE_DATE\": \"20300610\"\n      }, {\n        \"AMOUNT\": 38638,\n        \"START_DATE\": \"20300601\",\n        \"PMT_DUE_DATE\": \"20300701\",\n        \"CURR_TERM\": 27,\n        \"PRINCIPAL\": 13888,\n        \"INTEREST\": 0,\n        \"FEE\": 0,\n        \"INST_HANDLE_FEE\": 24750,\n        \"ORIG_INST_HANDLE_FEE\": 24750,\n        \"REMAIN_TOTAL_AMOUNT\": 386412,\n        \"LAST_PMT_DUE_DATE\": \"20300710\"\n      }, {\n        \"AMOUNT\": 38638,\n        \"START_DATE\": \"20300701\",\n        \"PMT_DUE_DATE\": \"20300801\",\n        \"CURR_TERM\": 28,\n        \"PRINCIPAL\": 13888,\n        \"INTEREST\": 0,\n        \"FEE\": 0,\n        \"INST_HANDLE_FEE\": 24750,\n        \"ORIG_INST_HANDLE_FEE\": 24750,\n        \"REMAIN_TOTAL_AMOUNT\": 347774,\n        \"LAST_PMT_DUE_DATE\": \"20300810\"\n      }, {\n        \"AMOUNT\": 38638,\n        \"START_DATE\": \"20300801\",\n        \"PMT_DUE_DATE\": \"20300901\",\n        \"CURR_TERM\": 29,\n        \"PRINCIPAL\": 13888,\n        \"INTEREST\": 0,\n        \"FEE\": 0,\n        \"INST_HANDLE_FEE\": 24750,\n        \"ORIG_INST_HANDLE_FEE\": 24750,\n        \"REMAIN_TOTAL_AMOUNT\": 309136,\n        \"LAST_PMT_DUE_DATE\": \"20300910\"\n      }, {\n        \"AMOUNT\": 38638,\n        \"START_DATE\": \"20300901\",\n        \"PMT_DUE_DATE\": \"20301001\",\n        \"CURR_TERM\": 30,\n        \"PRINCIPAL\": 13888,\n        \"INTEREST\": 0,\n        \"FEE\": 0,\n        \"INST_HANDLE_FEE\": 24750,\n        \"ORIG_INST_HANDLE_FEE\": 24750,\n        \"REMAIN_TOTAL_AMOUNT\": 270498,\n        \"LAST_PMT_DUE_DATE\": \"20301010\"\n      }, {\n        \"AMOUNT\": 38638,\n        \"START_DATE\": \"20301001\",\n        \"PMT_DUE_DATE\": \"20301101\",\n        \"CURR_TERM\": 31,\n        \"PRINCIPAL\": 13888,\n        \"INTEREST\": 0,\n        \"FEE\": 0,\n        \"INST_HANDLE_FEE\": 24750,\n        \"ORIG_INST_HANDLE_FEE\": 24750,\n        \"REMAIN_TOTAL_AMOUNT\": 231860,\n        \"LAST_PMT_DUE_DATE\": \"20301110\"\n      }, {\n        \"AMOUNT\": 38638,\n        \"START_DATE\": \"20301101\",\n        \"PMT_DUE_DATE\": \"20301201\",\n        \"CURR_TERM\": 32,\n        \"PRINCIPAL\": 13888,\n        \"INTEREST\": 0,\n        \"FEE\": 0,\n        \"INST_HANDLE_FEE\": 24750,\n        \"ORIG_INST_HANDLE_FEE\": 24750,\n        \"REMAIN_TOTAL_AMOUNT\": 193222,\n        \"LAST_PMT_DUE_DATE\": \"20301210\"\n      }, {\n        \"AMOUNT\": 38638,\n        \"START_DATE\": \"20301201\",\n        \"PMT_DUE_DATE\": \"20310101\",\n        \"CURR_TERM\": 33,\n        \"PRINCIPAL\": 13888,\n        \"INTEREST\": 0,\n        \"FEE\": 0,\n        \"INST_HANDLE_FEE\": 24750,\n        \"ORIG_INST_HANDLE_FEE\": 24750,\n        \"REMAIN_TOTAL_AMOUNT\": 154584,\n        \"LAST_PMT_DUE_DATE\": \"20310110\"\n      }, {\n        \"AMOUNT\": 38638,\n        \"START_DATE\": \"20310101\",\n        \"PMT_DUE_DATE\": \"20310201\",\n        \"CURR_TERM\": 34,\n        \"PRINCIPAL\": 13888,\n        \"INTEREST\": 0,\n        \"FEE\": 0,\n        \"INST_HANDLE_FEE\": 24750,\n        \"ORIG_INST_HANDLE_FEE\": 24750,\n        \"REMAIN_TOTAL_AMOUNT\": 115946,\n        \"LAST_PMT_DUE_DATE\": \"20310210\"\n      }, {\n        \"AMOUNT\": 38638,\n        \"START_DATE\": \"20310201\",\n        \"PMT_DUE_DATE\": \"20310301\",\n        \"CURR_TERM\": 35,\n        \"PRINCIPAL\": 13888,\n        \"INTEREST\": 0,\n        \"FEE\": 0,\n        \"INST_HANDLE_FEE\": 24750,\n        \"ORIG_INST_HANDLE_FEE\": 24750,\n        \"REMAIN_TOTAL_AMOUNT\": 77308,\n        \"LAST_PMT_DUE_DATE\": \"20310310\"\n      }, {\n        \"AMOUNT\": 38670,\n        \"START_DATE\": \"20310301\",\n        \"PMT_DUE_DATE\": \"20310401\",\n        \"CURR_TERM\": 36,\n        \"PRINCIPAL\": 13920,\n        \"INTEREST\": 0,\n        \"FEE\": 0,\n        \"INST_HANDLE_FEE\": 24750,\n        \"ORIG_INST_HANDLE_FEE\": 24750,\n        \"REMAIN_TOTAL_AMOUNT\": 38670,\n        \"LAST_PMT_DUE_DATE\": \"20310410\"\n      }],\n      \"ORIG_LOAN_TOTAL_INST_HANDLE_FEE\": 891000,\n      \"MONTH_INST_HANDLE_FEE_RATE\": 0.0495,\n      \"UPFRONT_ADMIN_FEE\": 30000,\n      \"FIRST_PMT_DATE\": \"20280510\",\n      \"FUND_AMT\": 470000,\n      \"LOAN_TOTAL_INTEREST\": 0,\n      \"TOTAL_AMOUNT\": 1391000,\n      \"FIRST_BILL_DATE\": \"20280501\",\n      \"BILLING_CYCLE\": 1,\n      \"FIRST_BILL_AMT\": 38638,\n      \"LOAN_TOTAL_FEE\": 0,\n      \"LOAN_TOTAL_WAIVED_INT\": 0,\n      \"MONTH_ORIG_INST_HANDLE_FEE\": 24750\n    }],\n    \"DESC\": \" Successful trade \",\n    \"CODE\": \"80530000\"\n  },\n  \"system_time\": \"20241010150400\",\n  \"hj_biz_no\": \"24101014D08048GSL0000Js1MlF2wqti\"\n}).as(\"loan\");\ncy.intercept(\"GET\", /^http:\\/\\/apidesign\\.weoa\\.com\\/apidesign-core\\/mock\\/5049\\/ams\\/password\\/get\\/random_factor/, {\n  body: {\n    \"ret_code\": \"0000\",\n    \"ret_msg\": \"amet do irure\",\n    \"ret_data\": {\n      \"factor\": \"pariatur proident ex\",\n      \"encryptType\": \"amet nostrud aliqua voluptate et\"\n    }\n  },\n  statusCode: 200\n}).as(\"randomFactor\");\ncy.intercept(\"POST\", /^http:\\/\\/apidesign\\.weoa\\.com\\/apidesign-core\\/mock\\/5049\\/ams\\/password\\/validate/, {\n  body: {\n    \"ret_code\": \"0000\",\n    \"ret_msg\": \"Excepteur aliquip dolore id nostrud\",\n    \"ret_data\": {\n      \"dayErrorCount\": 9171391,\n      \"officia_91\": -36266787.82802899\n    }\n  },\n  statusCode: 200\n}).as(\"validate\");\ncy.intercept(\"POST\", /^http:\\/\\/apidesign\\.weoa\\.com\\/apidesign-core\\/mock\\/5049\\/core\\/trans\\/apply\\/loan/, {\n  body: {\n    \"ret_code\": \"0000\",\n    \"ret_msg\": \"fugiat occaecat ipsum commodo\",\n    \"ret_data\": {\n      \"STATUS\": \"sed consequat irure\",\n      \"APP_NO\": \"id incididunt quis\",\n      \"TXN_ID\": \"dolore\",\n      \"LOAN_INIT_PRIN\": -99207702.28915186,\n      \"RECON_DATE\": \"consectetur\",\n      \"ACCT_NAME\": \"qui in tempor\",\n      \"ACCT_NO\": \"in nisi occaecat adipisicing cupidatat\",\n      \"RECEIPT_NBR\": \"velit ipsum reprehenderit\",\n      \"LOAN_FAIL_DESC\": \"proident in elit\",\n      \"NEXT_PMT_DATE\": \"Ut et\",\n      \"PMT_DATE\": \"ullamco elit veniam ipsum\",\n      \"LOAN_STATUS\": \"ut aliquip dolore ad\",\n      \"NBS_ORDER_NO\": \"commodo\"\n    }\n  },\n  statusCode: 200\n}).as(\"applyLoan\");\ncy.intercept(\"POST\", /^http:\\/\\/apidesign\\.weoa\\.com\\/apidesign-core\\/mock\\/5049\\/core\\/trans\\/query\\/transaction_status/, {\n  body: {\n    \"ret_data\": {\n      \"LOAN_LIST\": [{\n        \"LOAN_RECEIPT_NBR\": \"amet Excepteur do mollit ex\",\n        \"UPDATE_TIME\": \"non est fugiat ex in\",\n        \"LOAN_RESULT_CODE\": \"dolore veniam ipsum\",\n        \"LOAN_RESULT_DESC\": \"enim reprehenderit in\",\n        \"LOAN_STATUS\": \"S\",\n        \"LOAN_INIT_PRIN\": -41183841.80022625,\n        \"ACTION_CODE\": \"incididunt pariatur\"\n      }, {\n        \"LOAN_RECEIPT_NBR\": \"in fugiat\",\n        \"UPDATE_TIME\": \"Lorem esse nostrud amet quis\",\n        \"LOAN_RESULT_CODE\": \"sint Lorem fugiat exercitation consectetur\",\n        \"LOAN_RESULT_DESC\": \"consectetur velit\",\n        \"LOAN_STATUS\": \"esse dolor occaecat est tempor\",\n        \"LOAN_INIT_PRIN\": 19799574.73463063,\n        \"ACTION_CODE\": \"dolore\"\n      }, {\n        \"LOAN_RECEIPT_NBR\": \"in Excepteur est pariatur dolor\",\n        \"UPDATE_TIME\": \"quis non sed et dolore\",\n        \"LOAN_RESULT_CODE\": \"velit labore nostrud\",\n        \"LOAN_RESULT_DESC\": \"ad ea consequat occaecat\",\n        \"LOAN_STATUS\": \"aliqua nulla in Duis\",\n        \"LOAN_INIT_PRIN\": -60188365.87138123,\n        \"ACTION_CODE\": \"fugiat mollit sint aliquip ipsum\"\n      }]\n    },\n    \"ret_code\": \"0000\",\n    \"ret_msg\": \"laboris magna\"\n  },\n  statusCode: 200\n}).as(\"transactionStatus\");\ncy.visit(\"http://localhost:3000/#/pay-later/home\");\ncy.wait(1000);\ncy.wait(\"@preCheck\");\ncy.wait(\"@personalCenter\");\ncy.wait(\"@emailVerify\");\ncy.wait(\"@coupon\");\ncy.wait(\"@ddtpWhitelist\");\ncy.removeLoadingAndScreenshot(\"home\", {\n  capture: 'fullPage'\n});\ncy.get('.shepherd-footer button').eq('0').click();\ncy.get('.shepherd-footer button').eq('1').click();\ncy.get('.we-button-body', {\n  timeout: 5000\n}).contains('Get Cash').if().click();\ncy.url().should(\"include\", \"/service/withdraw/intro\");\ncy.get('.title').contains('What is Instant Cash?').should('be.visible');\ncy.get('.we-button-body', {\n  timeout: 5000\n}).contains('Get Cash Now').click();\ncy.removeLoadingAndScreenshot(\"get cash\", {\n  capture: 'fullPage'\n});\ncy.get('.we-virtual-input', {\n  timeout: 5000\n}).click();\ncy.get('.we-number-keyboard-item-body').contains('8').click();\ncy.get('.we-number-keyboard-item-body').contains('6').click();\ncy.get('.we-number-keyboard-item-body').contains('00').click();\ncy.get('.we-icon-arrow-down').click();\ncy.wait('@loan');\ncy.get('.installment-cell').eq('3').click();\ncy.get('.coupons-cell ').click();\ncy.removeLoadingAndScreenshot('coupons', {\n  capture: 'fullPage',\n  scale: true\n});\ncy.get('.coupon-card').eq('1').get('.we-button-body').contains('Use').click();\ncy.get('.repayment-plan').click();\ncy.removeLoadingAndScreenshot(\"repay plan\", {\n  capture: 'fullPage'\n});\ncy.get('.we-icon-arrow-left').eq('0').click();\ncy.get('.we-button-body').contains('Continue').click();\ncy.removeLoadingAndScreenshot(\"Confirm\", {\n  capture: 'fullPage'\n});\ncy.get('.we-checkbox-input').click();\ncy.get('.we-button-body').contains('Continue').click();\ncy.get(\".key\").contains(\"2\").click();\ncy.get(\".key\").contains(\"5\").click();\ncy.get(\".key\").contains(\"2\").click();\ncy.removeLoadingAndScreenshot(\"pin get bash\");\ncy.get(\".key\").contains(\"2\").click();\ncy.get(\".key\").contains(\"2\").click();\ncy.get(\".key\").contains(\"2\").click();\ncy.wait(\"@randomFactor\");\ncy.wait(\"@validate\");\ncy.wait('@applyLoan');\ncy.wait('@transactionStatus');\ncy.wait(100);\ncy.removeLoadingAndScreenshot(\"final\");",
              "err": {},
              "uuid": "aa961913-586b-4d71-a622-d71cadf942ca",
              "parentUUID": "d13e8e0f-7475-4574-af37-42735d2a77ea",
              "isHook": false,
              "skipped": false
            }
          ],
          "suites": [],
          "passes": [
            "aa961913-586b-4d71-a622-d71cadf942ca"
          ],
          "failures": [],
          "pending": [],
          "skipped": [],
          "duration": 20237,
          "root": false,
          "rootEmpty": false,
          "_timeout": 2000
        }
      ],
      "passes": [],
      "failures": [],
      "pending": [],
      "skipped": [],
      "duration": 0,
      "root": true,
      "rootEmpty": true,
      "_timeout": 2000
    }
  ],
  "meta": {
    "mocha": {
      "version": "7.0.1"
    },
    "mochawesome": {
      "options": {
        "quiet": false,
        "reportFilename": "mochawesome",
        "saveHtml": true,
        "saveJson": true,
        "consoleReporter": "spec",
        "useInlineDiffs": false,
        "code": true
      },
      "version": "7.1.3"
    },
    "marge": {
      "options": {
        "reportDir": "cypress/results/mochawesome-report",
        "overwrite": false,
        "html": true,
        "json": true,
        "charts": true,
        "embeddedScreenshots": true,
        "inlineAssets": true
      },
      "version": "6.2.0"
    }
  }
}